#
# There is insufficient memory for the Java Runtime Environment to continue.
# Native memory allocation (malloc) failed to allocate 80272 bytes for Chunk::new
# Possible reasons:
#   The system is out of physical RAM or swap space
#   The process is running with CompressedOops enabled, and the Java Heap may be blocking the growth of the native heap
# Possible solutions:
#   Reduce memory load on the system
#   Increase physical memory or swap space
#   Check if swap backing store is full
#   Decrease Java heap size (-Xmx/-Xms)
#   Decrease number of Java threads
#   Decrease Java thread stack sizes (-Xss)
#   Set larger code cache with -XX:ReservedCodeCacheSize=
#   JVM is running with Unscaled Compressed Oops mode in which the Java heap is
#     placed in the first 4GB address space. The Java Heap base address is the
#     maximum limit for the native heap growth. Please use -XX:HeapBaseMinAddress
#     to set the Java Heap base and to place the Java Heap above 4GB virtual address.
# This output file may be truncated or incomplete.
#
#  Out of Memory Error (arena.cpp:189), pid=28624, tid=1160
#
# JRE version: Java(TM) SE Runtime Environment (17.0.10+11) (build 17.0.10+11-LTS-240)
# Java VM: Java HotSpot(TM) 64-Bit Server VM (17.0.10+11-LTS-240, mixed mode, sharing, tiered, compressed oops, compressed class ptrs, g1 gc, windows-amd64)
# No core dump will be written. Minidumps are not enabled by default on client versions of Windows
#

---------------  S U M M A R Y ------------

Command Line: -Xmx64m -Xms64m -Dorg.gradle.appname=gradlew org.gradle.wrapper.GradleWrapperMain app:installDebug -PreactNativeDevServerPort=8081

Host: Intel(R) Core(TM) i5-10210U CPU @ 1.60GHz, 8 cores, 7G,  Windows 10 , 64 bit Build 21996 (10.0.21996.1)
Time: Fri Nov 22 12:21:46 2024 Sri Lanka Standard Time elapsed time: 14.500042 seconds (0d 0h 0m 14s)

---------------  T H R E A D  ---------------

Current thread (0x000001eac9af84c0):  JavaThread "C2 CompilerThread0" daemon [_thread_in_native, id=1160, stack(0x0000008b7a600000,0x0000008b7a700000)]


Current CompileTask:
C2:  14500  556       4       java.lang.StringBuilder::append (8 bytes)

Stack: [0x0000008b7a600000,0x0000008b7a700000]
Native frames: (J=compiled Java code, j=interpreted, Vv=VM code, C=native code)
V  [jvm.dll+0x677a5a]
V  [jvm.dll+0x7d8b2d]
V  [jvm.dll+0x7da48e]
V  [jvm.dll+0x7daaf3]
V  [jvm.dll+0x2455ff]
V  [jvm.dll+0xaaafb]
V  [jvm.dll+0xab09c]
V  [jvm.dll+0x361bae]
V  [jvm.dll+0x32c211]
V  [jvm.dll+0x32b6aa]
V  [jvm.dll+0x21794f]
V  [jvm.dll+0x216d81]
V  [jvm.dll+0x1a3410]
V  [jvm.dll+0x226aeb]
V  [jvm.dll+0x224cab]
V  [jvm.dll+0x78e45c]
V  [jvm.dll+0x78888a]
V  [jvm.dll+0x676935]
C  [ucrtbase.dll+0x26c0c]
C  [KERNEL32.DLL+0x154e0]
C  [ntdll.dll+0x485b]


---------------  P R O C E S S  ---------------

Threads class SMR info:
_java_thread_list=0x000001eb0f00b960, length=12, elements={
0x000001eab0383f40, 0x000001eac9adcba0, 0x000001eac9adda20, 0x000001eac9af3bb0,
0x000001eac9af4480, 0x000001eac9af4d50, 0x000001eac9af5710, 0x000001eac9af84c0,
0x000001eac9af9380, 0x000001eac9aff290, 0x000001eb0f046720, 0x000001eb0f06d4d0
}

Java Threads: ( => current thread )
  0x000001eab0383f40 JavaThread "main" [_thread_in_native, id=22304, stack(0x0000008b79900000,0x0000008b79a00000)]
  0x000001eac9adcba0 JavaThread "Reference Handler" daemon [_thread_blocked, id=28132, stack(0x0000008b7a000000,0x0000008b7a100000)]
  0x000001eac9adda20 JavaThread "Finalizer" daemon [_thread_blocked, id=23876, stack(0x0000008b7a100000,0x0000008b7a200000)]
  0x000001eac9af3bb0 JavaThread "Signal Dispatcher" daemon [_thread_blocked, id=23244, stack(0x0000008b7a200000,0x0000008b7a300000)]
  0x000001eac9af4480 JavaThread "Attach Listener" daemon [_thread_blocked, id=18312, stack(0x0000008b7a300000,0x0000008b7a400000)]
  0x000001eac9af4d50 JavaThread "Service Thread" daemon [_thread_blocked, id=27044, stack(0x0000008b7a400000,0x0000008b7a500000)]
  0x000001eac9af5710 JavaThread "Monitor Deflation Thread" daemon [_thread_blocked, id=14176, stack(0x0000008b7a500000,0x0000008b7a600000)]
=>0x000001eac9af84c0 JavaThread "C2 CompilerThread0" daemon [_thread_in_native, id=1160, stack(0x0000008b7a600000,0x0000008b7a700000)]
  0x000001eac9af9380 JavaThread "C1 CompilerThread0" daemon [_thread_blocked, id=27028, stack(0x0000008b7a700000,0x0000008b7a800000)]
  0x000001eac9aff290 JavaThread "Sweeper thread" daemon [_thread_blocked, id=28040, stack(0x0000008b7a800000,0x0000008b7a900000)]
  0x000001eb0f046720 JavaThread "Notification Thread" daemon [_thread_blocked, id=10688, stack(0x0000008b7a900000,0x0000008b7aa00000)]
  0x000001eb0f06d4d0 JavaThread "Common-Cleaner" daemon [_thread_blocked, id=5136, stack(0x0000008b7ab00000,0x0000008b7ac00000)]

Other Threads:
  0x000001eac9ad5f80 VMThread "VM Thread" [stack: 0x0000008b79f00000,0x0000008b7a000000] [id=28396]
  0x000001eb0f06d240 WatcherThread [stack: 0x0000008b7aa00000,0x0000008b7ab00000] [id=27064]
  0x000001eab03a6690 GCTaskThread "GC Thread#0" [stack: 0x0000008b79a00000,0x0000008b79b00000] [id=16468]
  0x000001eab03a7de0 ConcurrentGCThread "G1 Main Marker" [stack: 0x0000008b79b00000,0x0000008b79c00000] [id=27952]
  0x000001eab03a87f0 ConcurrentGCThread "G1 Conc#0" [stack: 0x0000008b79c00000,0x0000008b79d00000] [id=24688]
  0x000001eab0406ad0 ConcurrentGCThread "G1 Refine#0" [stack: 0x0000008b79d00000,0x0000008b79e00000] [id=5084]
  0x000001eab0407500 ConcurrentGCThread "G1 Service" [stack: 0x0000008b79e00000,0x0000008b79f00000] [id=27680]

Threads with active compile tasks:
C2 CompilerThread0    16621  556       4       java.lang.StringBuilder::append (8 bytes)

VM state: not at safepoint (normal execution)

VM Mutex/Monitor currently owned by a thread: None

Heap address: 0x00000000fc000000, size: 64 MB, Compressed Oops mode: 32-bit

CDS archive(s) mapped at: [0x000001eaca000000-0x000001eacabd0000-0x000001eacabd0000), size 12386304, SharedBaseAddress: 0x000001eaca000000, ArchiveRelocationMode: 1.
Compressed class space mapped at: 0x000001eacb000000-0x000001eb0b000000, reserved size: 1073741824
Narrow klass base: 0x000001eaca000000, Narrow klass shift: 0, Narrow klass range: 0x100000000

GC Precious Log:
 CPUs: 8 total, 8 available
 Memory: 8013M
 Large Page Support: Disabled
 NUMA Support: Disabled
 Compressed Oops: Enabled (32-bit)
 Heap Region Size: 1M
 Heap Min Capacity: 64M
 Heap Initial Capacity: 64M
 Heap Max Capacity: 64M
 Pre-touch: Disabled
 Parallel Workers: 8
 Concurrent Workers: 2
 Concurrent Refinement Workers: 8
 Periodic GC: Disabled

Heap:
 garbage-first heap   total 65536K, used 19456K [0x00000000fc000000, 0x0000000100000000)
  region size 1024K, 21 young (21504K), 0 survivors (0K)
 Metaspace       used 1768K, committed 1856K, reserved 1114112K
  class space    used 158K, committed 192K, reserved 1048576K

Heap Regions: E=young(eden), S=young(survivor), O=old, HS=humongous(starts), HC=humongous(continues), CS=collection set, F=free, OA=open archive, CA=closed archive, TAMS=top-at-mark-start (previous, next)
|   0|0x00000000fc000000, 0x00000000fc000000, 0x00000000fc100000|  0%| F|  |TAMS 0x00000000fc000000, 0x00000000fc000000| Untracked 
|   1|0x00000000fc100000, 0x00000000fc100000, 0x00000000fc200000|  0%| F|  |TAMS 0x00000000fc100000, 0x00000000fc100000| Untracked 
|   2|0x00000000fc200000, 0x00000000fc200000, 0x00000000fc300000|  0%| F|  |TAMS 0x00000000fc200000, 0x00000000fc200000| Untracked 
|   3|0x00000000fc300000, 0x00000000fc300000, 0x00000000fc400000|  0%| F|  |TAMS 0x00000000fc300000, 0x00000000fc300000| Untracked 
|   4|0x00000000fc400000, 0x00000000fc400000, 0x00000000fc500000|  0%| F|  |TAMS 0x00000000fc400000, 0x00000000fc400000| Untracked 
|   5|0x00000000fc500000, 0x00000000fc500000, 0x00000000fc600000|  0%| F|  |TAMS 0x00000000fc500000, 0x00000000fc500000| Untracked 
|   6|0x00000000fc600000, 0x00000000fc600000, 0x00000000fc700000|  0%| F|  |TAMS 0x00000000fc600000, 0x00000000fc600000| Untracked 
|   7|0x00000000fc700000, 0x00000000fc700000, 0x00000000fc800000|  0%| F|  |TAMS 0x00000000fc700000, 0x00000000fc700000| Untracked 
|   8|0x00000000fc800000, 0x00000000fc800000, 0x00000000fc900000|  0%| F|  |TAMS 0x00000000fc800000, 0x00000000fc800000| Untracked 
|   9|0x00000000fc900000, 0x00000000fc900000, 0x00000000fca00000|  0%| F|  |TAMS 0x00000000fc900000, 0x00000000fc900000| Untracked 
|  10|0x00000000fca00000, 0x00000000fca00000, 0x00000000fcb00000|  0%| F|  |TAMS 0x00000000fca00000, 0x00000000fca00000| Untracked 
|  11|0x00000000fcb00000, 0x00000000fcb00000, 0x00000000fcc00000|  0%| F|  |TAMS 0x00000000fcb00000, 0x00000000fcb00000| Untracked 
|  12|0x00000000fcc00000, 0x00000000fcc00000, 0x00000000fcd00000|  0%| F|  |TAMS 0x00000000fcc00000, 0x00000000fcc00000| Untracked 
|  13|0x00000000fcd00000, 0x00000000fcd00000, 0x00000000fce00000|  0%| F|  |TAMS 0x00000000fcd00000, 0x00000000fcd00000| Untracked 
|  14|0x00000000fce00000, 0x00000000fce00000, 0x00000000fcf00000|  0%| F|  |TAMS 0x00000000fce00000, 0x00000000fce00000| Untracked 
|  15|0x00000000fcf00000, 0x00000000fcf00000, 0x00000000fd000000|  0%| F|  |TAMS 0x00000000fcf00000, 0x00000000fcf00000| Untracked 
|  16|0x00000000fd000000, 0x00000000fd000000, 0x00000000fd100000|  0%| F|  |TAMS 0x00000000fd000000, 0x00000000fd000000| Untracked 
|  17|0x00000000fd100000, 0x00000000fd100000, 0x00000000fd200000|  0%| F|  |TAMS 0x00000000fd100000, 0x00000000fd100000| Untracked 
|  18|0x00000000fd200000, 0x00000000fd200000, 0x00000000fd300000|  0%| F|  |TAMS 0x00000000fd200000, 0x00000000fd200000| Untracked 
|  19|0x00000000fd300000, 0x00000000fd300000, 0x00000000fd400000|  0%| F|  |TAMS 0x00000000fd300000, 0x00000000fd300000| Untracked 
|  20|0x00000000fd400000, 0x00000000fd400000, 0x00000000fd500000|  0%| F|  |TAMS 0x00000000fd400000, 0x00000000fd400000| Untracked 
|  21|0x00000000fd500000, 0x00000000fd500000, 0x00000000fd600000|  0%| F|  |TAMS 0x00000000fd500000, 0x00000000fd500000| Untracked 
|  22|0x00000000fd600000, 0x00000000fd600000, 0x00000000fd700000|  0%| F|  |TAMS 0x00000000fd600000, 0x00000000fd600000| Untracked 
|  23|0x00000000fd700000, 0x00000000fd700000, 0x00000000fd800000|  0%| F|  |TAMS 0x00000000fd700000, 0x00000000fd700000| Untracked 
|  24|0x00000000fd800000, 0x00000000fd800000, 0x00000000fd900000|  0%| F|  |TAMS 0x00000000fd800000, 0x00000000fd800000| Untracked 
|  25|0x00000000fd900000, 0x00000000fd900000, 0x00000000fda00000|  0%| F|  |TAMS 0x00000000fd900000, 0x00000000fd900000| Untracked 
|  26|0x00000000fda00000, 0x00000000fda00000, 0x00000000fdb00000|  0%| F|  |TAMS 0x00000000fda00000, 0x00000000fda00000| Untracked 
|  27|0x00000000fdb00000, 0x00000000fdb00000, 0x00000000fdc00000|  0%| F|  |TAMS 0x00000000fdb00000, 0x00000000fdb00000| Untracked 
|  28|0x00000000fdc00000, 0x00000000fdc00000, 0x00000000fdd00000|  0%| F|  |TAMS 0x00000000fdc00000, 0x00000000fdc00000| Untracked 
|  29|0x00000000fdd00000, 0x00000000fdd00000, 0x00000000fde00000|  0%| F|  |TAMS 0x00000000fdd00000, 0x00000000fdd00000| Untracked 
|  30|0x00000000fde00000, 0x00000000fde00000, 0x00000000fdf00000|  0%| F|  |TAMS 0x00000000fde00000, 0x00000000fde00000| Untracked 
|  31|0x00000000fdf00000, 0x00000000fdf00000, 0x00000000fe000000|  0%| F|  |TAMS 0x00000000fdf00000, 0x00000000fdf00000| Untracked 
|  32|0x00000000fe000000, 0x00000000fe000000, 0x00000000fe100000|  0%| F|  |TAMS 0x00000000fe000000, 0x00000000fe000000| Untracked 
|  33|0x00000000fe100000, 0x00000000fe100000, 0x00000000fe200000|  0%| F|  |TAMS 0x00000000fe100000, 0x00000000fe100000| Untracked 
|  34|0x00000000fe200000, 0x00000000fe200000, 0x00000000fe300000|  0%| F|  |TAMS 0x00000000fe200000, 0x00000000fe200000| Untracked 
|  35|0x00000000fe300000, 0x00000000fe300000, 0x00000000fe400000|  0%| F|  |TAMS 0x00000000fe300000, 0x00000000fe300000| Untracked 
|  36|0x00000000fe400000, 0x00000000fe400000, 0x00000000fe500000|  0%| F|  |TAMS 0x00000000fe400000, 0x00000000fe400000| Untracked 
|  37|0x00000000fe500000, 0x00000000fe500000, 0x00000000fe600000|  0%| F|  |TAMS 0x00000000fe500000, 0x00000000fe500000| Untracked 
|  38|0x00000000fe600000, 0x00000000fe600000, 0x00000000fe700000|  0%| F|  |TAMS 0x00000000fe600000, 0x00000000fe600000| Untracked 
|  39|0x00000000fe700000, 0x00000000fe700000, 0x00000000fe800000|  0%| F|  |TAMS 0x00000000fe700000, 0x00000000fe700000| Untracked 
|  40|0x00000000fe800000, 0x00000000fe800000, 0x00000000fe900000|  0%| F|  |TAMS 0x00000000fe800000, 0x00000000fe800000| Untracked 
|  41|0x00000000fe900000, 0x00000000fe900000, 0x00000000fea00000|  0%| F|  |TAMS 0x00000000fe900000, 0x00000000fe900000| Untracked 
|  42|0x00000000fea00000, 0x00000000fea00000, 0x00000000feb00000|  0%| F|  |TAMS 0x00000000fea00000, 0x00000000fea00000| Untracked 
|  43|0x00000000feb00000, 0x00000000feb77e10, 0x00000000fec00000| 46%| E|  |TAMS 0x00000000feb00000, 0x00000000feb00000| Complete 
|  44|0x00000000fec00000, 0x00000000fed00000, 0x00000000fed00000|100%| E|CS|TAMS 0x00000000fec00000, 0x00000000fec00000| Complete 
|  45|0x00000000fed00000, 0x00000000fee00000, 0x00000000fee00000|100%| E|CS|TAMS 0x00000000fed00000, 0x00000000fed00000| Complete 
|  46|0x00000000fee00000, 0x00000000fef00000, 0x00000000fef00000|100%| E|CS|TAMS 0x00000000fee00000, 0x00000000fee00000| Complete 
|  47|0x00000000fef00000, 0x00000000ff000000, 0x00000000ff000000|100%| E|CS|TAMS 0x00000000fef00000, 0x00000000fef00000| Complete 
|  48|0x00000000ff000000, 0x00000000ff100000, 0x00000000ff100000|100%| E|CS|TAMS 0x00000000ff000000, 0x00000000ff000000| Complete 
|  49|0x00000000ff100000, 0x00000000ff200000, 0x00000000ff200000|100%| E|CS|TAMS 0x00000000ff100000, 0x00000000ff100000| Complete 
|  50|0x00000000ff200000, 0x00000000ff300000, 0x00000000ff300000|100%| E|CS|TAMS 0x00000000ff200000, 0x00000000ff200000| Complete 
|  51|0x00000000ff300000, 0x00000000ff400000, 0x00000000ff400000|100%| E|CS|TAMS 0x00000000ff300000, 0x00000000ff300000| Complete 
|  52|0x00000000ff400000, 0x00000000ff500000, 0x00000000ff500000|100%| E|CS|TAMS 0x00000000ff400000, 0x00000000ff400000| Complete 
|  53|0x00000000ff500000, 0x00000000ff600000, 0x00000000ff600000|100%| E|CS|TAMS 0x00000000ff500000, 0x00000000ff500000| Complete 
|  54|0x00000000ff600000, 0x00000000ff700000, 0x00000000ff700000|100%| E|CS|TAMS 0x00000000ff600000, 0x00000000ff600000| Complete 
|  55|0x00000000ff700000, 0x00000000ff800000, 0x00000000ff800000|100%| E|CS|TAMS 0x00000000ff700000, 0x00000000ff700000| Complete 
|  56|0x00000000ff800000, 0x00000000ff900000, 0x00000000ff900000|100%| E|CS|TAMS 0x00000000ff800000, 0x00000000ff800000| Complete 
|  57|0x00000000ff900000, 0x00000000ffa00000, 0x00000000ffa00000|100%| E|  |TAMS 0x00000000ff900000, 0x00000000ff900000| Complete 
|  58|0x00000000ffa00000, 0x00000000ffb00000, 0x00000000ffb00000|100%| E|CS|TAMS 0x00000000ffa00000, 0x00000000ffa00000| Complete 
|  59|0x00000000ffb00000, 0x00000000ffc00000, 0x00000000ffc00000|100%| E|CS|TAMS 0x00000000ffb00000, 0x00000000ffb00000| Complete 
|  60|0x00000000ffc00000, 0x00000000ffd00000, 0x00000000ffd00000|100%| E|CS|TAMS 0x00000000ffc00000, 0x00000000ffc00000| Complete 
|  61|0x00000000ffd00000, 0x00000000ffe00000, 0x00000000ffe00000|100%| E|CS|TAMS 0x00000000ffd00000, 0x00000000ffd00000| Complete 
|  62|0x00000000ffe00000, 0x00000000fff00000, 0x00000000fff00000|100%| E|CS|TAMS 0x00000000ffe00000, 0x00000000ffe00000| Complete 
|  63|0x00000000fff00000, 0x0000000100000000, 0x0000000100000000|100%| E|CS|TAMS 0x00000000fff00000, 0x00000000fff00000| Complete 

Card table byte_map: [0x000001eaae390000,0x000001eaae3b0000] _byte_map_base: 0x000001eaadbb0000

Marking Bits (Prev, Next): (CMBitMap*) 0x000001eab03a6cb0, (CMBitMap*) 0x000001eab03a6cf0
 Prev Bits: [0x000001eac6f70000, 0x000001eac7070000)
 Next Bits: [0x000001eac7070000, 0x000001eac7170000)

Polling page: 0x000001eaae340000

Metaspace:

Usage:
  Non-class:      1.57 MB used.
      Class:    158.02 KB used.
       Both:      1.73 MB used.

Virtual space:
  Non-class space:       64.00 MB reserved,       1.62 MB (  3%) committed,  1 nodes.
      Class space:        1.00 GB reserved,     192.00 KB ( <1%) committed,  1 nodes.
             Both:        1.06 GB reserved,       1.81 MB ( <1%) committed. 

Chunk freelists:
   Non-Class:  11.73 MB
       Class:  15.69 MB
        Both:  27.42 MB

MaxMetaspaceSize: unlimited
CompressedClassSpaceSize: 1.00 GB
Initial GC threshold: 21.00 MB
Current GC threshold: 21.00 MB
CDS: on
MetaspaceReclaimPolicy: balanced
 - commit_granule_bytes: 65536.
 - commit_granule_words: 8192.
 - virtual_space_node_default_size: 8388608.
 - enlarge_chunks_in_place: 1.
 - new_chunks_are_fully_committed: 0.
 - uncommit_free_chunks: 1.
 - use_allocation_guard: 0.
 - handle_deallocations: 1.


Internal statistics:

num_allocs_failed_limit: 0.
num_arena_births: 14.
num_arena_deaths: 0.
num_vsnodes_births: 2.
num_vsnodes_deaths: 0.
num_space_committed: 29.
num_space_uncommitted: 0.
num_chunks_returned_to_freelist: 0.
num_chunks_taken_from_freelist: 42.
num_chunk_merges: 0.
num_chunk_splits: 20.
num_chunks_enlarged: 13.
num_inconsistent_stats: 0.

CodeHeap 'non-profiled nmethods': size=120000Kb used=212Kb max_used=212Kb free=119787Kb
 bounds [0x000001eabf710000, 0x000001eabf980000, 0x000001eac6c40000]
CodeHeap 'profiled nmethods': size=120000Kb used=972Kb max_used=972Kb free=119027Kb
 bounds [0x000001eab7c40000, 0x000001eab7eb0000, 0x000001eabf170000]
CodeHeap 'non-nmethods': size=5760Kb used=1121Kb max_used=1147Kb free=4638Kb
 bounds [0x000001eabf170000, 0x000001eabf3e0000, 0x000001eabf710000]
 total_blobs=961 nmethods=559 adapters=315
 compilation: enabled
              stopped_count=0, restarted_count=0
 full_count=0

Compilation events (20 events):
Event: 6.377 Thread 0x000001eac9af84c0 nmethod 498 0x000001eabf744210 code [0x000001eabf744380, 0x000001eabf7446b8]
Event: 6.377 Thread 0x000001eac9af84c0  499       4       java.util.LinkedHashMap::afterNodeInsertion (40 bytes)
Event: 6.378 Thread 0x000001eac9af84c0 nmethod 499 0x000001eabf744710 code [0x000001eabf744880, 0x000001eabf744938]
Event: 6.378 Thread 0x000001eac9af84c0  553       4       java.lang.Math::max (11 bytes)
Event: 6.379 Thread 0x000001eac9af84c0 nmethod 553 0x000001eabf744a10 code [0x000001eabf744b80, 0x000001eabf744bd8]
Event: 6.379 Thread 0x000001eac9af84c0  489       4       java.lang.Math::min (11 bytes)
Event: 6.379 Thread 0x000001eac9af84c0 nmethod 489 0x000001eabf744d10 code [0x000001eabf744e80, 0x000001eabf744ed8]
Event: 6.379 Thread 0x000001eac9af84c0  481       4       java.util.zip.ZipUtils::CENFLG (9 bytes)
Event: 6.381 Thread 0x000001eac9af84c0 nmethod 481 0x000001eabf745010 code [0x000001eabf745180, 0x000001eabf745238]
Event: 6.415 Thread 0x000001eac9af84c0  556       4       java.lang.StringBuilder::append (8 bytes)
Event: 6.416 Thread 0x000001eac9af9380  555       3       java.util.WeakHashMap::remove (131 bytes)
Event: 6.417 Thread 0x000001eac9af9380 nmethod 555 0x000001eab7d2ac10 code [0x000001eab7d2ae60, 0x000001eab7d2b9d8]
Event: 6.417 Thread 0x000001eac9af9380  560       3       java.lang.Math::addExact (32 bytes)
Event: 6.418 Thread 0x000001eac9af9380 nmethod 560 0x000001eab7d2be10 code [0x000001eab7d2bfc0, 0x000001eab7d2c1c8]
Event: 6.418 Thread 0x000001eac9af9380  562       3       java.lang.String::endsWith (15 bytes)
Event: 6.418 Thread 0x000001eac9af9380 nmethod 562 0x000001eab7d2c290 code [0x000001eab7d2c460, 0x000001eab7d2c7a8]
Event: 6.418 Thread 0x000001eac9af9380  559   !   3       java.util.jar.JarFile::checkForSpecialAttributes (163 bytes)
Event: 6.421 Thread 0x000001eac9af9380 nmethod 559 0x000001eab7d2c990 code [0x000001eab7d2cca0, 0x000001eab7d2df18]
Event: 6.421 Thread 0x000001eac9af9380  561       3       java.lang.Math::multiplyExact (74 bytes)
Event: 6.422 Thread 0x000001eac9af9380 nmethod 561 0x000001eab7d2e690 code [0x000001eab7d2e860, 0x000001eab7d2ed88]

GC Heap History (0 events):
No events

Deoptimization events (20 events):
Event: 3.404 Thread 0x000001eab0383f40 Uncommon trap: trap_request=0xffffff45 fr.pc=0x000001eabf71db14 relative=0x0000000000000094
Event: 3.404 Thread 0x000001eab0383f40 Uncommon trap: reason=unstable_if action=reinterpret pc=0x000001eabf71db14 method=java.util.regex.Pattern.append(II)V @ 9 c2
Event: 3.404 Thread 0x000001eab0383f40 DEOPT PACKING pc=0x000001eabf71db14 sp=0x0000008b799fdfa0
Event: 3.404 Thread 0x000001eab0383f40 DEOPT UNPACKING pc=0x000001eabf1c23a3 sp=0x0000008b799fdf30 mode 2
Event: 5.592 Thread 0x000001eab0383f40 DEOPT PACKING pc=0x000001eab7c69266 sp=0x0000008b799fe130
Event: 5.592 Thread 0x000001eab0383f40 DEOPT UNPACKING pc=0x000001eabf1c2b43 sp=0x0000008b799fd620 mode 0
Event: 5.665 Thread 0x000001eab0383f40 DEOPT PACKING pc=0x000001eab7cbc619 sp=0x0000008b799fe120
Event: 5.665 Thread 0x000001eab0383f40 DEOPT UNPACKING pc=0x000001eabf1c2b43 sp=0x0000008b799fd618 mode 0
Event: 6.061 Thread 0x000001eab0383f40 Uncommon trap: trap_request=0xffffff45 fr.pc=0x000001eabf73c948 relative=0x0000000000000768
Event: 6.061 Thread 0x000001eab0383f40 Uncommon trap: reason=unstable_if action=reinterpret pc=0x000001eabf73c948 method=java.util.HashMap.putVal(ILjava/lang/Object;Ljava/lang/Object;ZZ)Ljava/lang/Object; @ 81 c2
Event: 6.061 Thread 0x000001eab0383f40 DEOPT PACKING pc=0x000001eabf73c948 sp=0x0000008b799fe620
Event: 6.061 Thread 0x000001eab0383f40 DEOPT UNPACKING pc=0x000001eabf1c23a3 sp=0x0000008b799fe530 mode 2
Event: 6.189 Thread 0x000001eab0383f40 Uncommon trap: trap_request=0xffffff45 fr.pc=0x000001eabf739594 relative=0x00000000000001f4
Event: 6.189 Thread 0x000001eab0383f40 Uncommon trap: reason=unstable_if action=reinterpret pc=0x000001eabf739594 method=java.io.WinNTFileSystem.normalize(Ljava/lang/String;)Ljava/lang/String; @ 104 c2
Event: 6.189 Thread 0x000001eab0383f40 DEOPT PACKING pc=0x000001eabf739594 sp=0x0000008b799fdc00
Event: 6.189 Thread 0x000001eab0383f40 DEOPT UNPACKING pc=0x000001eabf1c23a3 sp=0x0000008b799fdb88 mode 2
Event: 6.192 Thread 0x000001eab0383f40 Uncommon trap: trap_request=0xffffff45 fr.pc=0x000001eabf72ef30 relative=0x00000000000005f0
Event: 6.192 Thread 0x000001eab0383f40 Uncommon trap: reason=unstable_if action=reinterpret pc=0x000001eabf72ef30 method=java.util.zip.ZipFile$Source.checkAndAddEntry(II)I @ 50 c2
Event: 6.192 Thread 0x000001eab0383f40 DEOPT PACKING pc=0x000001eabf72ef30 sp=0x0000008b799fd8b0
Event: 6.192 Thread 0x000001eab0383f40 DEOPT UNPACKING pc=0x000001eabf1c23a3 sp=0x0000008b799fd820 mode 2

Classes unloaded (0 events):
No events

Classes redefined (0 events):
No events

Internal exceptions (1 events):
Event: 3.099 Thread 0x000001eab0383f40 Exception <a 'java/lang/NoSuchMethodError'{0x00000000ffde8918}: 'int java.lang.invoke.DirectMethodHandle$Holder.invokeStaticInit(java.lang.Object, java.lang.Object)'> (0x00000000ffde8918) 
thrown [s\open\src\hotspot\share\interpreter\linkResolver.cpp, line 759]

VM Operations (12 events):
Event: 2.044 Executing VM operation: HandshakeAllThreads
Event: 2.044 Executing VM operation: HandshakeAllThreads done
Event: 3.057 Executing VM operation: Cleanup
Event: 3.089 Executing VM operation: Cleanup done
Event: 4.098 Executing VM operation: Cleanup
Event: 4.098 Executing VM operation: Cleanup done
Event: 5.111 Executing VM operation: Cleanup
Event: 5.111 Executing VM operation: Cleanup done
Event: 6.122 Executing VM operation: Cleanup
Event: 6.127 Executing VM operation: Cleanup done
Event: 7.129 Executing VM operation: Cleanup
Event: 7.129 Executing VM operation: Cleanup done

Events (20 events):
Event: 3.090 loading class java/io/FilePermissionCollection done
Event: 3.090 loading class java/util/Vector
Event: 3.090 loading class java/util/Vector done
Event: 3.090 loading class java/io/FilePermissionCollection$1
Event: 3.090 loading class java/io/FilePermissionCollection$1 done
Event: 3.102 loading class java/net/MalformedURLException
Event: 3.102 loading class java/net/MalformedURLException done
Event: 3.103 loading class java/io/FileFilter
Event: 3.103 loading class java/io/FileFilter done
Event: 3.123 loading class java/util/AbstractList$Itr
Event: 3.123 loading class java/util/AbstractList$Itr done
Event: 3.152 loading class java/lang/invoke/DirectMethodHandle$Special
Event: 3.152 loading class java/lang/invoke/DirectMethodHandle$Special done
Event: 6.084 Loaded shared library C:\Program Files\Java\jdk-17\bin\jimage.dll
Event: 6.227 loading class java/io/BufferedReader
Event: 6.229 loading class java/io/BufferedReader done
Event: 6.229 loading class sun/nio/cs/StreamDecoder
Event: 6.229 loading class sun/nio/cs/StreamDecoder done
Event: 6.229 loading class sun/nio/cs/UTF_8$Decoder
Event: 6.229 loading class sun/nio/cs/UTF_8$Decoder done


Dynamic libraries:
0x00007ff6c2310000 - 0x00007ff6c2320000 	C:\Program Files\Java\jdk-17\bin\java.exe
0x00007ff8176c0000 - 0x00007ff8178c7000 	C:\Windows\SYSTEM32\ntdll.dll
0x00007ff816f10000 - 0x00007ff816fcd000 	C:\Windows\System32\KERNEL32.DLL
0x00007ff814e00000 - 0x00007ff815172000 	C:\Windows\System32\KERNELBASE.dll
0x00007ff815180000 - 0x00007ff815291000 	C:\Windows\System32\ucrtbase.dll
0x00007fffbeb50000 - 0x00007fffbeb69000 	C:\Program Files\Java\jdk-17\bin\jli.dll
0x00007fffbeb30000 - 0x00007fffbeb4b000 	C:\Program Files\Java\jdk-17\bin\VCRUNTIME140.dll
0x00007ff8175d0000 - 0x00007ff81767c000 	C:\Windows\System32\ADVAPI32.dll
0x00007ff816b90000 - 0x00007ff816c33000 	C:\Windows\System32\msvcrt.dll
0x00007ff8169c0000 - 0x00007ff816a5d000 	C:\Windows\System32\sechost.dll
0x00007ff816880000 - 0x00007ff8169a1000 	C:\Windows\System32\RPCRT4.dll
0x00007ff816230000 - 0x00007ff8163dc000 	C:\Windows\System32\USER32.dll
0x00007ff814d50000 - 0x00007ff814d76000 	C:\Windows\System32\win32u.dll
0x00007ffff92b0000 - 0x00007ffff9555000 	C:\Windows\WinSxS\amd64_microsoft.windows.common-controls_6595b64144ccf1df_6.0.21996.1_none_7d6b053978bcd706\COMCTL32.dll
0x00007ff816b40000 - 0x00007ff816b69000 	C:\Windows\System32\GDI32.dll
0x00007ff815470000 - 0x00007ff815582000 	C:\Windows\System32\gdi32full.dll
0x00007ff8153d0000 - 0x00007ff81546d000 	C:\Windows\System32\msvcp_win.dll
0x00007ff80c6a0000 - 0x00007ff80c6aa000 	C:\Windows\SYSTEM32\VERSION.dll
0x00007ff816d70000 - 0x00007ff816da1000 	C:\Windows\System32\IMM32.DLL
0x00007fffbeb20000 - 0x00007fffbeb2c000 	C:\Program Files\Java\jdk-17\bin\vcruntime140_1.dll
0x00007fff85710000 - 0x00007fff8579e000 	C:\Program Files\Java\jdk-17\bin\msvcp140.dll
0x00007fff75450000 - 0x00007fff7602f000 	C:\Program Files\Java\jdk-17\bin\server\jvm.dll
0x00007ff816ea0000 - 0x00007ff816ea8000 	C:\Windows\System32\PSAPI.DLL
0x00007fff85700000 - 0x00007fff85709000 	C:\Windows\SYSTEM32\WSOCK32.dll
0x00007ff80b3b0000 - 0x00007ff80b3e3000 	C:\Windows\SYSTEM32\WINMM.dll
0x00007ff816810000 - 0x00007ff81687f000 	C:\Windows\System32\WS2_32.dll
0x00007ff813dc0000 - 0x00007ff813dd7000 	C:\Windows\SYSTEM32\kernel.appcore.dll
0x00007fff856f0000 - 0x00007fff856fa000 	C:\Program Files\Java\jdk-17\bin\jimage.dll
0x00007ff80cce0000 - 0x00007ff80cf01000 	C:\Windows\SYSTEM32\DBGHELP.DLL
0x00007fffff0b0000 - 0x00007fffff0e1000 	C:\Windows\SYSTEM32\dbgcore.DLL
0x00007ff814d80000 - 0x00007ff814e00000 	C:\Windows\System32\bcryptPrimitives.dll
0x00007fff856b0000 - 0x00007fff856d5000 	C:\Program Files\Java\jdk-17\bin\java.dll
0x00007fff75370000 - 0x00007fff75447000 	C:\Program Files\Java\jdk-17\bin\jsvml.dll
0x00007ff815aa0000 - 0x00007ff816209000 	C:\Windows\System32\SHELL32.dll
0x00007ff812d70000 - 0x00007ff8135c8000 	C:\Windows\SYSTEM32\windows.storage.dll
0x00007ff8163e0000 - 0x00007ff816755000 	C:\Windows\System32\combase.dll
0x00007ff812c00000 - 0x00007ff812d66000 	C:\Windows\SYSTEM32\wintypes.dll
0x00007ff816db0000 - 0x00007ff816e9a000 	C:\Windows\System32\SHCORE.dll
0x00007ff816a60000 - 0x00007ff816abd000 	C:\Windows\System32\shlwapi.dll
0x00007ff814b10000 - 0x00007ff814b31000 	C:\Windows\SYSTEM32\profapi.dll
0x00007fff85670000 - 0x00007fff85689000 	C:\Program Files\Java\jdk-17\bin\net.dll
0x00007ff80d080000 - 0x00007ff80d18c000 	C:\Windows\SYSTEM32\WINHTTP.dll
0x00007ff8141c0000 - 0x00007ff814227000 	C:\Windows\system32\mswsock.dll
0x00007fff85650000 - 0x00007fff85666000 	C:\Program Files\Java\jdk-17\bin\nio.dll
0x00007fff85690000 - 0x00007fff856a8000 	C:\Program Files\Java\jdk-17\bin\zip.dll
0x00007fff85640000 - 0x00007fff85650000 	C:\Program Files\Java\jdk-17\bin\verify.dll

dbghelp: loaded successfully - version: 4.0.5 - missing functions: none
symbol engine: initialized successfully - sym options: 0x614 - pdb path: .;C:\Program Files\Java\jdk-17\bin;C:\Windows\SYSTEM32;C:\Windows\WinSxS\amd64_microsoft.windows.common-controls_6595b64144ccf1df_6.0.21996.1_none_7d6b053978bcd706;C:\Program Files\Java\jdk-17\bin\server

VM Arguments:
jvm_args: -Xmx64m -Xms64m -Dorg.gradle.appname=gradlew 
java_command: org.gradle.wrapper.GradleWrapperMain app:installDebug -PreactNativeDevServerPort=8081
java_class_path (initial): C:\Sample\AwesomeProject\android\\gradle\wrapper\gradle-wrapper.jar
Launcher Type: SUN_STANDARD

[Global flags]
     intx CICompilerCount                          = 4                                         {product} {ergonomic}
     uint ConcGCThreads                            = 2                                         {product} {ergonomic}
     uint G1ConcRefinementThreads                  = 8                                         {product} {ergonomic}
   size_t G1HeapRegionSize                         = 1048576                                   {product} {ergonomic}
    uintx GCDrainStackTargetSize                   = 64                                        {product} {ergonomic}
   size_t InitialHeapSize                          = 67108864                                  {product} {command line}
   size_t MarkStackSize                            = 4194304                                   {product} {ergonomic}
   size_t MaxHeapSize                              = 67108864                                  {product} {command line}
   size_t MaxNewSize                               = 39845888                                  {product} {ergonomic}
   size_t MinHeapDeltaBytes                        = 1048576                                   {product} {ergonomic}
   size_t MinHeapSize                              = 67108864                                  {product} {command line}
    uintx NonNMethodCodeHeapSize                   = 5839372                                {pd product} {ergonomic}
    uintx NonProfiledCodeHeapSize                  = 122909434                              {pd product} {ergonomic}
    uintx ProfiledCodeHeapSize                     = 122909434                              {pd product} {ergonomic}
    uintx ReservedCodeCacheSize                    = 251658240                              {pd product} {ergonomic}
     bool SegmentedCodeCache                       = true                                      {product} {ergonomic}
   size_t SoftMaxHeapSize                          = 67108864                               {manageable} {ergonomic}
     bool UseCompressedClassPointers               = true                           {product lp64_product} {ergonomic}
     bool UseCompressedOops                        = true                           {product lp64_product} {ergonomic}
     bool UseG1GC                                  = true                                      {product} {ergonomic}
     bool UseLargePagesIndividualAllocation        = false                                  {pd product} {ergonomic}

Logging:
Log output configuration:
 #0: stdout all=warning uptime,level,tags
 #1: stderr all=off uptime,level,tags

Environment Variables:
JAVA_HOME=C:\Program Files\Java\jdk-17
CLASSPATH=C:\Sample\AwesomeProject\android\\gradle\wrapper\gradle-wrapper.jar
PATH=C:\Sample\AwesomeProject\node_modules\.bin;C:\Sample\AwesomeProject\node_modules\.bin;C:\Sample\node_modules\.bin;C:\node_modules\.bin;C:\Users\ADMIN\AppData\Roaming\nvm\v18.20.5\node_modules\npm\node_modules\@npmcli\run-script\lib\node-gyp-bin;C:\Sample\AwesomeProject\node_modules\.bin;C:\Sample\AwesomeProject\node_modules\.bin;C:\Sample\node_modules\.bin;C:\node_modules\.bin;C:\Users\ADMIN\AppData\Roaming\nvm\v18.20.5\node_modules\npm\node_modules\@npmcli\run-script\lib\node-gyp-bin;C:\Program Files\Microsoft\jdk-17.0.10.7-hotspot\bin;C:\Windows\system32;C:\Windows;C:\Windows\System32\Wbem;C:\Windows\System32\WindowsPowerShell\v1.0\;C:\Windows\System32\OpenSSH\;C:\Program Files\Java\jdk-20\bin;C:\flutter\flutter_windows_3.7.11-stable\flutter\bin;C:\Program Files\Git\cmd;C:\Users\ADMIN\AppData\Local\Pub\Cache\bin;C:\mangosh\bin\;C:\ProgramData\chocolatey\bin;C:\Users\ADMIN\AppData\Local\Android\Sdk\platform-tools;C:\Users\ADMIN\AppData\Roaming\nvm;C:\Program Files\nodejs;C:\Program Files\Microsoft SQL Server\150\Tools\Binn\;C:\Program Files\Microsoft SQL Server\Client SDK\ODBC\170\Tools\Binn\;C:\Program Files\dotnet\;C:\Program Files (x86)\Microsoft SQL Server\160\Tools\Binn\;C:\Program Files\Microsoft SQL Server\160\Tools\Binn\;C:\Program Files\Microsoft SQL Server\160\DTS\Binn\;C:\Program Files (x86)\Microsoft SQL Server\160\DTS\Binn\;C:\Program Files\nodejs;C:\Users\ADMIN\AppData\Local\Android\Sdk\tools;C:\Users\ADMIN\AppData\Local\Pub\Cache\bin;C:\Users\ADMIN\AppData\Local\Programs\Microsoft VS Code\bin;C:\Users\ADMIN\AppData\Roaming\npm;C:\Users\ADMIN\AppData\Roaming\nvm;C:\Program Files\nodejs;C:\Users\ADMIN\AppData\Local\Android\Sdk\cmdline-tools\latest\bin;C:\Users\ADMIN\AppData\Local\Android\Sdk;C:\Program Files\Java\jdk-17;C:\Users\ADMIN\.dotnet\tools;
USERNAME=ADMIN
LANG=en_US.UTF-8
OS=Windows_NT
PROCESSOR_IDENTIFIER=Intel64 Family 6 Model 142 Stepping 12, GenuineIntel



---------------  S Y S T E M  ---------------

OS:
 Windows 10 , 64 bit Build 21996 (10.0.21996.1)
OS uptime: 0 days 3:39 hours
Hyper-V role detected

CPU: total 8 (initial active 8) (4 cores per cpu, 2 threads per core) family 6 model 142 stepping 12 microcode 0xde, cx8, cmov, fxsr, ht, mmx, 3dnowpref, sse, sse2, sse3, ssse3, sse4.1, sse4.2, popcnt, lzcnt, tsc, tscinvbit, avx, avx2, aes, erms, clmul, bmi1, bmi2, adx, fma, vzeroupper, clflush, clflushopt, hv

Memory: 4k page, system-wide physical 8013M (256M free)
TotalPageFile size 24862M (AvailPageFile size 0M)
current process WorkingSet (physical memory assigned to process): 58M, peak: 59M
current process commit charge ("private bytes"): 147M, peak: 149M

vm_info: Java HotSpot(TM) 64-Bit Server VM (17.0.10+11-LTS-240) for windows-amd64 JRE (17.0.10+11-LTS-240), built on Dec 19 2023 21:47:25 by "mach5one" with MS VC++ 17.1 (VS2022)

END.
