#
# There is insufficient memory for the Java Runtime Environment to continue.
# Native memory allocation (malloc) failed to allocate 264368 bytes for Chunk::new
# Possible reasons:
#   The system is out of physical RAM or swap space
#   The process is running with CompressedOops enabled, and the Java Heap may be blocking the growth of the native heap
# Possible solutions:
#   Reduce memory load on the system
#   Increase physical memory or swap space
#   Check if swap backing store is full
#   Decrease Java heap size (-Xmx/-Xms)
#   Decrease number of Java threads
#   Decrease Java thread stack sizes (-Xss)
#   Set larger code cache with -XX:ReservedCodeCacheSize=
#   JVM is running with Unscaled Compressed Oops mode in which the Java heap is
#     placed in the first 4GB address space. The Java Heap base address is the
#     maximum limit for the native heap growth. Please use -XX:HeapBaseMinAddress
#     to set the Java Heap base and to place the Java Heap above 4GB virtual address.
# This output file may be truncated or incomplete.
#
#  Out of Memory Error (arena.cpp:189), pid=28332, tid=6620
#
# JRE version: Java(TM) SE Runtime Environment (17.0.10+11) (build 17.0.10+11-LTS-240)
# Java VM: Java HotSpot(TM) 64-Bit Server VM (17.0.10+11-LTS-240, mixed mode, sharing, tiered, compressed oops, compressed class ptrs, g1 gc, windows-amd64)
# No core dump will be written. Minidumps are not enabled by default on client versions of Windows
#

---------------  S U M M A R Y ------------

Command Line: -Xmx64m -Xms64m -Dorg.gradle.appname=gradlew org.gradle.wrapper.GradleWrapperMain app:installDebug -PreactNativeDevServerPort=8081

Host: Intel(R) Core(TM) i5-10210U CPU @ 1.60GHz, 8 cores, 7G,  Windows 10 , 64 bit Build 21996 (10.0.21996.1)
Time: Fri Nov 22 12:21:56 2024 Sri Lanka Standard Time elapsed time: 86.940203 seconds (0d 0h 1m 26s)

---------------  T H R E A D  ---------------

Current thread (0x000001747fd6e2f0):  JavaThread "C2 CompilerThread0" daemon [_thread_in_native, id=6620, stack(0x0000006653200000,0x0000006653300000)]


Current CompileTask:
C2:  86940  902   !   4       jdk.internal.loader.URLClassPath$JarLoader::getResource (354 bytes)

Stack: [0x0000006653200000,0x0000006653300000]
Native frames: (J=compiled Java code, j=interpreted, Vv=VM code, C=native code)
V  [jvm.dll+0x677a5a]
V  [jvm.dll+0x7d8b2d]
V  [jvm.dll+0x7da48e]
V  [jvm.dll+0x7daaf3]
V  [jvm.dll+0x2455ff]
V  [jvm.dll+0xaaafb]
V  [jvm.dll+0xab09c]
V  [jvm.dll+0x361bae]
V  [jvm.dll+0x1bb3ca]
V  [jvm.dll+0x217aa7]
V  [jvm.dll+0x216d81]
V  [jvm.dll+0x1a3410]
V  [jvm.dll+0x226aeb]
V  [jvm.dll+0x224cab]
V  [jvm.dll+0x78e45c]
V  [jvm.dll+0x78888a]
V  [jvm.dll+0x676935]
C  [ucrtbase.dll+0x26c0c]
C  [KERNEL32.DLL+0x154e0]
C  [ntdll.dll+0x485b]


---------------  P R O C E S S  ---------------

Threads class SMR info:
_java_thread_list=0x0000017456013640, length=12, elements={
0x00000174775e3740, 0x000001747fd4a240, 0x000001747fd4b860, 0x000001747fd64250,
0x000001747fd64b20, 0x000001747fd65b90, 0x000001747fd66550, 0x000001747fd6e2f0,
0x000001747fd6eda0, 0x000001747fd71f50, 0x000001745603e100, 0x00000174560455e0
}

Java Threads: ( => current thread )
  0x00000174775e3740 JavaThread "main" [_thread_in_vm, id=28668, stack(0x0000006652500000,0x0000006652600000)]
  0x000001747fd4a240 JavaThread "Reference Handler" daemon [_thread_blocked, id=27328, stack(0x0000006652c00000,0x0000006652d00000)]
  0x000001747fd4b860 JavaThread "Finalizer" daemon [_thread_blocked, id=25296, stack(0x0000006652d00000,0x0000006652e00000)]
  0x000001747fd64250 JavaThread "Signal Dispatcher" daemon [_thread_blocked, id=24376, stack(0x0000006652e00000,0x0000006652f00000)]
  0x000001747fd64b20 JavaThread "Attach Listener" daemon [_thread_blocked, id=28168, stack(0x0000006652f00000,0x0000006653000000)]
  0x000001747fd65b90 JavaThread "Service Thread" daemon [_thread_blocked, id=1268, stack(0x0000006653000000,0x0000006653100000)]
  0x000001747fd66550 JavaThread "Monitor Deflation Thread" daemon [_thread_blocked, id=16928, stack(0x0000006653100000,0x0000006653200000)]
=>0x000001747fd6e2f0 JavaThread "C2 CompilerThread0" daemon [_thread_in_native, id=6620, stack(0x0000006653200000,0x0000006653300000)]
  0x000001747fd6eda0 JavaThread "C1 CompilerThread0" daemon [_thread_blocked, id=28276, stack(0x0000006653300000,0x0000006653400000)]
  0x000001747fd71f50 JavaThread "Sweeper thread" daemon [_thread_blocked, id=28112, stack(0x0000006653400000,0x0000006653500000)]
  0x000001745603e100 JavaThread "Notification Thread" daemon [_thread_blocked, id=21796, stack(0x0000006653500000,0x0000006653600000)]
  0x00000174560455e0 JavaThread "Common-Cleaner" daemon [_thread_blocked, id=23868, stack(0x0000006653700000,0x0000006653800000)]

Other Threads:
  0x000001747fd42e80 VMThread "VM Thread" [stack: 0x0000006652b00000,0x0000006652c00000] [id=26600]
  0x000001747760f430 WatcherThread [stack: 0x0000006653600000,0x0000006653700000] [id=23856]
  0x0000017477606080 GCTaskThread "GC Thread#0" [stack: 0x0000006652600000,0x0000006652700000] [id=26952]
  0x0000017456174350 GCTaskThread "GC Thread#1" [stack: 0x0000006652200000,0x0000006652300000] [id=20604]
  0x000001745622e800 GCTaskThread "GC Thread#2" [stack: 0x0000006652300000,0x0000006652400000] [id=28612]
  0x000001745662b810 GCTaskThread "GC Thread#3" [stack: 0x0000006652400000,0x0000006652500000] [id=27744]
  0x00000174776077d0 ConcurrentGCThread "G1 Main Marker" [stack: 0x0000006652700000,0x0000006652800000] [id=27204]
  0x00000174776081e0 ConcurrentGCThread "G1 Conc#0" [stack: 0x0000006652800000,0x0000006652900000] [id=26196]
  0x00000174776672e0 ConcurrentGCThread "G1 Refine#0" [stack: 0x0000006652900000,0x0000006652a00000] [id=13720]
  0x0000017477669120 ConcurrentGCThread "G1 Service" [stack: 0x0000006652a00000,0x0000006652b00000] [id=18996]

Threads with active compile tasks:
C2 CompilerThread0    90965  902   !   4       jdk.internal.loader.URLClassPath$JarLoader::getResource (354 bytes)

VM state: not at safepoint (normal execution)

VM Mutex/Monitor currently owned by a thread:  ([mutex/lock_event])
[0x00000174775deb30] Metaspace_lock - owner thread: 0x00000174775e3740

Heap address: 0x00000000fc000000, size: 64 MB, Compressed Oops mode: 32-bit

CDS archive(s) mapped at: [0x0000017411000000-0x0000017411bd0000-0x0000017411bd0000), size 12386304, SharedBaseAddress: 0x0000017411000000, ArchiveRelocationMode: 1.
Compressed class space mapped at: 0x0000017412000000-0x0000017452000000, reserved size: 1073741824
Narrow klass base: 0x0000017411000000, Narrow klass shift: 0, Narrow klass range: 0x100000000

GC Precious Log:
 CPUs: 8 total, 8 available
 Memory: 8013M
 Large Page Support: Disabled
 NUMA Support: Disabled
 Compressed Oops: Enabled (32-bit)
 Heap Region Size: 1M
 Heap Min Capacity: 64M
 Heap Initial Capacity: 64M
 Heap Max Capacity: 64M
 Pre-touch: Disabled
 Parallel Workers: 8
 Concurrent Workers: 2
 Concurrent Refinement Workers: 8
 Periodic GC: Disabled

Heap:
 garbage-first heap   total 65536K, used 18624K [0x00000000fc000000, 0x0000000100000000)
  region size 1024K, 14 young (14336K), 3 survivors (3072K)
 Metaspace       used 3938K, committed 4032K, reserved 1114112K
  class space    used 488K, committed 512K, reserved 1048576K

Heap Regions: E=young(eden), S=young(survivor), O=old, HS=humongous(starts), HC=humongous(continues), CS=collection set, F=free, OA=open archive, CA=closed archive, TAMS=top-at-mark-start (previous, next)
|   0|0x00000000fc000000, 0x00000000fc100000, 0x00000000fc100000|100%| O|  |TAMS 0x00000000fc000000, 0x00000000fc000000| Untracked 
|   1|0x00000000fc100000, 0x00000000fc130000, 0x00000000fc200000| 18%| O|  |TAMS 0x00000000fc100000, 0x00000000fc100000| Untracked 
|   2|0x00000000fc200000, 0x00000000fc300000, 0x00000000fc300000|100%|HS|  |TAMS 0x00000000fc200000, 0x00000000fc200000| Complete 
|   3|0x00000000fc300000, 0x00000000fc400000, 0x00000000fc400000|100%|HC|  |TAMS 0x00000000fc300000, 0x00000000fc300000| Complete 
|   4|0x00000000fc400000, 0x00000000fc500000, 0x00000000fc500000|100%|HC|  |TAMS 0x00000000fc400000, 0x00000000fc400000| Complete 
|   5|0x00000000fc500000, 0x00000000fc600000, 0x00000000fc600000|100%|HC|  |TAMS 0x00000000fc500000, 0x00000000fc500000| Complete 
|   6|0x00000000fc600000, 0x00000000fc600000, 0x00000000fc700000|  0%| F|  |TAMS 0x00000000fc600000, 0x00000000fc600000| Untracked 
|   7|0x00000000fc700000, 0x00000000fc700000, 0x00000000fc800000|  0%| F|  |TAMS 0x00000000fc700000, 0x00000000fc700000| Untracked 
|   8|0x00000000fc800000, 0x00000000fc800000, 0x00000000fc900000|  0%| F|  |TAMS 0x00000000fc800000, 0x00000000fc800000| Untracked 
|   9|0x00000000fc900000, 0x00000000fc900000, 0x00000000fca00000|  0%| F|  |TAMS 0x00000000fc900000, 0x00000000fc900000| Untracked 
|  10|0x00000000fca00000, 0x00000000fca00000, 0x00000000fcb00000|  0%| F|  |TAMS 0x00000000fca00000, 0x00000000fca00000| Untracked 
|  11|0x00000000fcb00000, 0x00000000fcb00000, 0x00000000fcc00000|  0%| F|  |TAMS 0x00000000fcb00000, 0x00000000fcb00000| Untracked 
|  12|0x00000000fcc00000, 0x00000000fcc00000, 0x00000000fcd00000|  0%| F|  |TAMS 0x00000000fcc00000, 0x00000000fcc00000| Untracked 
|  13|0x00000000fcd00000, 0x00000000fcd00000, 0x00000000fce00000|  0%| F|  |TAMS 0x00000000fcd00000, 0x00000000fcd00000| Untracked 
|  14|0x00000000fce00000, 0x00000000fce00000, 0x00000000fcf00000|  0%| F|  |TAMS 0x00000000fce00000, 0x00000000fce00000| Untracked 
|  15|0x00000000fcf00000, 0x00000000fcf00000, 0x00000000fd000000|  0%| F|  |TAMS 0x00000000fcf00000, 0x00000000fcf00000| Untracked 
|  16|0x00000000fd000000, 0x00000000fd000000, 0x00000000fd100000|  0%| F|  |TAMS 0x00000000fd000000, 0x00000000fd000000| Untracked 
|  17|0x00000000fd100000, 0x00000000fd100000, 0x00000000fd200000|  0%| F|  |TAMS 0x00000000fd100000, 0x00000000fd100000| Untracked 
|  18|0x00000000fd200000, 0x00000000fd200000, 0x00000000fd300000|  0%| F|  |TAMS 0x00000000fd200000, 0x00000000fd200000| Untracked 
|  19|0x00000000fd300000, 0x00000000fd300000, 0x00000000fd400000|  0%| F|  |TAMS 0x00000000fd300000, 0x00000000fd300000| Untracked 
|  20|0x00000000fd400000, 0x00000000fd400000, 0x00000000fd500000|  0%| F|  |TAMS 0x00000000fd400000, 0x00000000fd400000| Untracked 
|  21|0x00000000fd500000, 0x00000000fd500000, 0x00000000fd600000|  0%| F|  |TAMS 0x00000000fd500000, 0x00000000fd500000| Untracked 
|  22|0x00000000fd600000, 0x00000000fd600000, 0x00000000fd700000|  0%| F|  |TAMS 0x00000000fd600000, 0x00000000fd600000| Untracked 
|  23|0x00000000fd700000, 0x00000000fd700000, 0x00000000fd800000|  0%| F|  |TAMS 0x00000000fd700000, 0x00000000fd700000| Untracked 
|  24|0x00000000fd800000, 0x00000000fd800000, 0x00000000fd900000|  0%| F|  |TAMS 0x00000000fd800000, 0x00000000fd800000| Untracked 
|  25|0x00000000fd900000, 0x00000000fd900000, 0x00000000fda00000|  0%| F|  |TAMS 0x00000000fd900000, 0x00000000fd900000| Untracked 
|  26|0x00000000fda00000, 0x00000000fda00000, 0x00000000fdb00000|  0%| F|  |TAMS 0x00000000fda00000, 0x00000000fda00000| Untracked 
|  27|0x00000000fdb00000, 0x00000000fdb00000, 0x00000000fdc00000|  0%| F|  |TAMS 0x00000000fdb00000, 0x00000000fdb00000| Untracked 
|  28|0x00000000fdc00000, 0x00000000fdc00000, 0x00000000fdd00000|  0%| F|  |TAMS 0x00000000fdc00000, 0x00000000fdc00000| Untracked 
|  29|0x00000000fdd00000, 0x00000000fdd00000, 0x00000000fde00000|  0%| F|  |TAMS 0x00000000fdd00000, 0x00000000fdd00000| Untracked 
|  30|0x00000000fde00000, 0x00000000fde00000, 0x00000000fdf00000|  0%| F|  |TAMS 0x00000000fde00000, 0x00000000fde00000| Untracked 
|  31|0x00000000fdf00000, 0x00000000fdf00000, 0x00000000fe000000|  0%| F|  |TAMS 0x00000000fdf00000, 0x00000000fdf00000| Untracked 
|  32|0x00000000fe000000, 0x00000000fe000000, 0x00000000fe100000|  0%| F|  |TAMS 0x00000000fe000000, 0x00000000fe000000| Untracked 
|  33|0x00000000fe100000, 0x00000000fe100000, 0x00000000fe200000|  0%| F|  |TAMS 0x00000000fe100000, 0x00000000fe100000| Untracked 
|  34|0x00000000fe200000, 0x00000000fe200000, 0x00000000fe300000|  0%| F|  |TAMS 0x00000000fe200000, 0x00000000fe200000| Untracked 
|  35|0x00000000fe300000, 0x00000000fe300000, 0x00000000fe400000|  0%| F|  |TAMS 0x00000000fe300000, 0x00000000fe300000| Untracked 
|  36|0x00000000fe400000, 0x00000000fe400000, 0x00000000fe500000|  0%| F|  |TAMS 0x00000000fe400000, 0x00000000fe400000| Untracked 
|  37|0x00000000fe500000, 0x00000000fe500000, 0x00000000fe600000|  0%| F|  |TAMS 0x00000000fe500000, 0x00000000fe500000| Untracked 
|  38|0x00000000fe600000, 0x00000000fe700000, 0x00000000fe700000|100%| S|CS|TAMS 0x00000000fe600000, 0x00000000fe600000| Complete 
|  39|0x00000000fe700000, 0x00000000fe800000, 0x00000000fe800000|100%| S|CS|TAMS 0x00000000fe700000, 0x00000000fe700000| Complete 
|  40|0x00000000fe800000, 0x00000000fe900000, 0x00000000fe900000|100%| S|CS|TAMS 0x00000000fe800000, 0x00000000fe800000| Complete 
|  41|0x00000000fe900000, 0x00000000fe900000, 0x00000000fea00000|  0%| F|  |TAMS 0x00000000fe900000, 0x00000000fe900000| Untracked 
|  42|0x00000000fea00000, 0x00000000fea00000, 0x00000000feb00000|  0%| F|  |TAMS 0x00000000fea00000, 0x00000000fea00000| Untracked 
|  43|0x00000000feb00000, 0x00000000feb00000, 0x00000000fec00000|  0%| F|  |TAMS 0x00000000feb00000, 0x00000000feb00000| Untracked 
|  44|0x00000000fec00000, 0x00000000fec00000, 0x00000000fed00000|  0%| F|  |TAMS 0x00000000fec00000, 0x00000000fec00000| Untracked 
|  45|0x00000000fed00000, 0x00000000fed00000, 0x00000000fee00000|  0%| F|  |TAMS 0x00000000fed00000, 0x00000000fed00000| Untracked 
|  46|0x00000000fee00000, 0x00000000fee00000, 0x00000000fef00000|  0%| F|  |TAMS 0x00000000fee00000, 0x00000000fee00000| Untracked 
|  47|0x00000000fef00000, 0x00000000fef00000, 0x00000000ff000000|  0%| F|  |TAMS 0x00000000fef00000, 0x00000000fef00000| Untracked 
|  48|0x00000000ff000000, 0x00000000ff000000, 0x00000000ff100000|  0%| F|  |TAMS 0x00000000ff000000, 0x00000000ff000000| Untracked 
|  49|0x00000000ff100000, 0x00000000ff100000, 0x00000000ff200000|  0%| F|  |TAMS 0x00000000ff100000, 0x00000000ff100000| Untracked 
|  50|0x00000000ff200000, 0x00000000ff200000, 0x00000000ff300000|  0%| F|  |TAMS 0x00000000ff200000, 0x00000000ff200000| Untracked 
|  51|0x00000000ff300000, 0x00000000ff300000, 0x00000000ff400000|  0%| F|  |TAMS 0x00000000ff300000, 0x00000000ff300000| Untracked 
|  52|0x00000000ff400000, 0x00000000ff400000, 0x00000000ff500000|  0%| F|  |TAMS 0x00000000ff400000, 0x00000000ff400000| Untracked 
|  53|0x00000000ff500000, 0x00000000ff600000, 0x00000000ff600000|100%| E|  |TAMS 0x00000000ff500000, 0x00000000ff500000| Complete 
|  54|0x00000000ff600000, 0x00000000ff700000, 0x00000000ff700000|100%| E|CS|TAMS 0x00000000ff600000, 0x00000000ff600000| Complete 
|  55|0x00000000ff700000, 0x00000000ff800000, 0x00000000ff800000|100%| E|CS|TAMS 0x00000000ff700000, 0x00000000ff700000| Complete 
|  56|0x00000000ff800000, 0x00000000ff900000, 0x00000000ff900000|100%| E|CS|TAMS 0x00000000ff800000, 0x00000000ff800000| Complete 
|  57|0x00000000ff900000, 0x00000000ffa00000, 0x00000000ffa00000|100%| E|CS|TAMS 0x00000000ff900000, 0x00000000ff900000| Complete 
|  58|0x00000000ffa00000, 0x00000000ffb00000, 0x00000000ffb00000|100%| E|CS|TAMS 0x00000000ffa00000, 0x00000000ffa00000| Complete 
|  59|0x00000000ffb00000, 0x00000000ffc00000, 0x00000000ffc00000|100%| E|CS|TAMS 0x00000000ffb00000, 0x00000000ffb00000| Complete 
|  60|0x00000000ffc00000, 0x00000000ffd00000, 0x00000000ffd00000|100%| E|CS|TAMS 0x00000000ffc00000, 0x00000000ffc00000| Complete 
|  61|0x00000000ffd00000, 0x00000000ffe00000, 0x00000000ffe00000|100%| E|CS|TAMS 0x00000000ffd00000, 0x00000000ffd00000| Complete 
|  62|0x00000000ffe00000, 0x00000000fff00000, 0x00000000fff00000|100%| E|CS|TAMS 0x00000000ffe00000, 0x00000000ffe00000| Complete 
|  63|0x00000000fff00000, 0x0000000100000000, 0x0000000100000000|100%| E|CS|TAMS 0x00000000fff00000, 0x00000000fff00000| Complete 

Card table byte_map: [0x00000174774f0000,0x0000017477510000] _byte_map_base: 0x0000017476d10000

Marking Bits (Prev, Next): (CMBitMap*) 0x00000174776066a0, (CMBitMap*) 0x00000174776066e0
 Prev Bits: [0x000001747f1d0000, 0x000001747f2d0000)
 Next Bits: [0x000001747f2d0000, 0x000001747f3d0000)

Polling page: 0x00000174755b0000

Metaspace:

Usage:
  Non-class:      3.37 MB used.
      Class:    488.20 KB used.
       Both:      3.85 MB used.

Virtual space:
  Non-class space:       64.00 MB reserved,       3.44 MB (  5%) committed,  1 nodes.
      Class space:        1.00 GB reserved,     512.00 KB ( <1%) committed,  1 nodes.
             Both:        1.06 GB reserved,       3.94 MB ( <1%) committed. 

Chunk freelists:
   Non-Class:  10.55 MB
       Class:  15.44 MB
        Both:  25.98 MB

MaxMetaspaceSize: unlimited
CompressedClassSpaceSize: 1.00 GB
Initial GC threshold: 21.00 MB
Current GC threshold: 21.00 MB
CDS: on
MetaspaceReclaimPolicy: balanced
 - commit_granule_bytes: 65536.
 - commit_granule_words: 8192.
 - virtual_space_node_default_size: 8388608.
 - enlarge_chunks_in_place: 1.
 - new_chunks_are_fully_committed: 0.
 - uncommit_free_chunks: 1.
 - use_allocation_guard: 0.
 - handle_deallocations: 1.


Internal statistics:

num_allocs_failed_limit: 0.
num_arena_births: 18.
num_arena_deaths: 0.
num_vsnodes_births: 2.
num_vsnodes_deaths: 0.
num_space_committed: 63.
num_space_uncommitted: 0.
num_chunks_returned_to_freelist: 0.
num_chunks_taken_from_freelist: 110.
num_chunk_merges: 0.
num_chunk_splits: 71.
num_chunks_enlarged: 63.
num_inconsistent_stats: 0.

CodeHeap 'non-profiled nmethods': size=120000Kb used=409Kb max_used=409Kb free=119590Kb
 bounds [0x0000017407ad0000, 0x0000017407d40000, 0x000001740f000000]
CodeHeap 'profiled nmethods': size=120000Kb used=1816Kb max_used=1816Kb free=118183Kb
 bounds [0x0000017400000000, 0x0000017400270000, 0x0000017407530000]
CodeHeap 'non-nmethods': size=5760Kb used=1131Kb max_used=1154Kb free=4629Kb
 bounds [0x0000017407530000, 0x00000174077a0000, 0x0000017407ad0000]
 total_blobs=1325 nmethods=909 adapters=329
 compilation: enabled
              stopped_count=0, restarted_count=0
 full_count=0

Compilation events (20 events):
Event: 68.955 Thread 0x000001747fd6eda0 nmethod 901 0x00000174001bf910 code [0x00000174001bfac0, 0x00000174001bfc08]
Event: 68.960 Thread 0x000001747fd6e2f0  902   !   4       jdk.internal.loader.URLClassPath$JarLoader::getResource (354 bytes)
Event: 76.097 Thread 0x000001747fd6eda0  904       3       jdk.internal.jimage.ImageLocation::readValue (61 bytes)
Event: 76.097 Thread 0x000001747fd6eda0 nmethod 904 0x00000174001bfc90 code [0x00000174001bfe60, 0x00000174001c0238]
Event: 76.097 Thread 0x000001747fd6eda0  905       3       jdk.internal.jimage.ImageStringsReader::hashCode (33 bytes)
Event: 76.097 Thread 0x000001747fd6eda0 nmethod 905 0x00000174001c0410 code [0x00000174001c05c0, 0x00000174001c0738]
Event: 76.099 Thread 0x000001747fd6eda0  906       3       java.lang.String::toCharArray (25 bytes)
Event: 77.108 Thread 0x000001747fd6eda0 nmethod 906 0x00000174001c0810 code [0x00000174001c09e0, 0x00000174001c0c78]
Event: 77.108 Thread 0x000001747fd6eda0  907       3       jdk.internal.misc.Unsafe::checkSize (32 bytes)
Event: 78.117 Thread 0x000001747fd6eda0 nmethod 907 0x00000174001c0d90 code [0x00000174001c0f40, 0x00000174001c11c8]
Event: 78.117 Thread 0x000001747fd6eda0  908       3       java.util.Properties::loadConvert (540 bytes)
Event: 78.118 Thread 0x000001747fd6eda0 nmethod 908 0x00000174001c1310 code [0x00000174001c1600, 0x00000174001c2a38]
Event: 78.119 Thread 0x000001747fd6eda0  913       3       java.util.HashSet::<init> (16 bytes)
Event: 78.119 Thread 0x000001747fd6eda0 nmethod 913 0x00000174001c3090 code [0x00000174001c3260, 0x00000174001c3678]
Event: 78.119 Thread 0x000001747fd6eda0  914   !   3       java.util.jar.JarFile::getManifestFromReference (197 bytes)
Event: 78.120 Thread 0x000001747fd6eda0 nmethod 914 0x00000174001c3810 code [0x00000174001c3b20, 0x00000174001c4fb8]
Event: 78.120 Thread 0x000001747fd6eda0  916       3       java.util.jar.JarFile::maybeInstantiateVerifier (42 bytes)
Event: 78.120 Thread 0x000001747fd6eda0 nmethod 916 0x00000174001c5710 code [0x00000174001c58e0, 0x00000174001c5c58]
Event: 78.120 Thread 0x000001747fd6eda0  915       3       java.util.jar.JarFile::getManifest (5 bytes)
Event: 78.120 Thread 0x000001747fd6eda0 nmethod 915 0x00000174001c5d90 code [0x00000174001c5f20, 0x00000174001c6068]

GC Heap History (2 events):
Event: 65.609 GC heap before
{Heap before GC invocations=0 (full 0):
 garbage-first heap   total 65536K, used 22528K [0x00000000fc000000, 0x0000000100000000)
  region size 1024K, 23 young (23552K), 0 survivors (0K)
 Metaspace       used 1821K, committed 1920K, reserved 1114112K
  class space    used 158K, committed 192K, reserved 1048576K
}
Event: 65.649 GC heap after
{Heap after GC invocations=1 (full 0):
 garbage-first heap   total 65536K, used 4288K [0x00000000fc000000, 0x0000000100000000)
  region size 1024K, 3 young (3072K), 3 survivors (3072K)
 Metaspace       used 1821K, committed 1920K, reserved 1114112K
  class space    used 158K, committed 192K, reserved 1048576K
}

Deoptimization events (20 events):
Event: 68.873 Thread 0x00000174775e3740 Uncommon trap: trap_request=0xffffffde fr.pc=0x0000017407aedd3c relative=0x000000000000031c
Event: 68.873 Thread 0x00000174775e3740 Uncommon trap: reason=class_check action=maybe_recompile pc=0x0000017407aedd3c method=java.util.regex.Matcher.match(II)Z @ 121 c2
Event: 68.873 Thread 0x00000174775e3740 DEOPT PACKING pc=0x0000017407aedd3c sp=0x00000066525fde90
Event: 68.873 Thread 0x00000174775e3740 DEOPT UNPACKING pc=0x00000174075823a3 sp=0x00000066525fde28 mode 2
Event: 68.873 Thread 0x00000174775e3740 Uncommon trap: trap_request=0xffffffde fr.pc=0x0000017407aedd3c relative=0x000000000000031c
Event: 68.873 Thread 0x00000174775e3740 Uncommon trap: reason=class_check action=maybe_recompile pc=0x0000017407aedd3c method=java.util.regex.Matcher.match(II)Z @ 121 c2
Event: 68.873 Thread 0x00000174775e3740 DEOPT PACKING pc=0x0000017407aedd3c sp=0x00000066525fde90
Event: 68.873 Thread 0x00000174775e3740 DEOPT UNPACKING pc=0x00000174075823a3 sp=0x00000066525fde28 mode 2
Event: 68.874 Thread 0x00000174775e3740 Uncommon trap: trap_request=0xffffffde fr.pc=0x0000017407aedd3c relative=0x000000000000031c
Event: 68.874 Thread 0x00000174775e3740 Uncommon trap: reason=class_check action=maybe_recompile pc=0x0000017407aedd3c method=java.util.regex.Matcher.match(II)Z @ 121 c2
Event: 68.874 Thread 0x00000174775e3740 DEOPT PACKING pc=0x0000017407aedd3c sp=0x00000066525fdd10
Event: 68.874 Thread 0x00000174775e3740 DEOPT UNPACKING pc=0x00000174075823a3 sp=0x00000066525fdca8 mode 2
Event: 68.874 Thread 0x00000174775e3740 Uncommon trap: trap_request=0xffffffde fr.pc=0x0000017407aedd3c relative=0x000000000000031c
Event: 68.874 Thread 0x00000174775e3740 Uncommon trap: reason=class_check action=maybe_recompile pc=0x0000017407aedd3c method=java.util.regex.Matcher.match(II)Z @ 121 c2
Event: 68.874 Thread 0x00000174775e3740 DEOPT PACKING pc=0x0000017407aedd3c sp=0x00000066525fdd10
Event: 68.874 Thread 0x00000174775e3740 DEOPT UNPACKING pc=0x00000174075823a3 sp=0x00000066525fdca8 mode 2
Event: 78.117 Thread 0x00000174775e3740 Uncommon trap: trap_request=0xffffff45 fr.pc=0x0000017407af8394 relative=0x0000000000000454
Event: 78.117 Thread 0x00000174775e3740 Uncommon trap: reason=unstable_if action=reinterpret pc=0x0000017407af8394 method=java.util.Properties.loadConvert([CIILjava/lang/StringBuilder;)Ljava/lang/String; @ 26 c2
Event: 78.117 Thread 0x00000174775e3740 DEOPT PACKING pc=0x0000017407af8394 sp=0x00000066525fc4d0
Event: 78.117 Thread 0x00000174775e3740 DEOPT UNPACKING pc=0x00000174075823a3 sp=0x00000066525fc490 mode 2

Classes unloaded (0 events):
No events

Classes redefined (0 events):
No events

Internal exceptions (3 events):
Event: 17.708 Thread 0x00000174775e3740 Exception <a 'java/lang/NoSuchMethodError'{0x00000000ffde8918}: 'int java.lang.invoke.DirectMethodHandle$Holder.invokeStaticInit(java.lang.Object, java.lang.Object)'> (0x00000000ffde8918) 
thrown [s\open\src\hotspot\share\interpreter\linkResolver.cpp, line 759]
Event: 68.898 Thread 0x00000174775e3740 Exception <a 'java/lang/NoSuchMethodError'{0x00000000ff69a4d8}: 'void java.lang.invoke.DirectMethodHandle$Holder.invokeStatic(java.lang.Object, java.lang.Object)'> (0x00000000ff69a4d8) 
thrown [s\open\src\hotspot\share\interpreter\linkResolver.cpp, line 759]
Event: 78.119 Thread 0x00000174775e3740 Exception <a 'java/lang/NoClassDefFoundError'{0x00000000ff5517a8}: org/slf4j/impl/StaticMarkerBinder> (0x00000000ff5517a8) 
thrown [s\open\src\hotspot\share\classfile\systemDictionary.cpp, line 245]

VM Operations (20 events):
Event: 65.609 Executing VM operation: G1CollectForAllocation
Event: 65.649 Executing VM operation: G1CollectForAllocation done
Event: 66.623 Executing VM operation: HandshakeAllThreads
Event: 66.623 Executing VM operation: HandshakeAllThreads done
Event: 67.626 Executing VM operation: Cleanup
Event: 67.626 Executing VM operation: Cleanup done
Event: 67.796 Executing VM operation: HandshakeAllThreads
Event: 67.796 Executing VM operation: HandshakeAllThreads done
Event: 68.812 Executing VM operation: Cleanup
Event: 68.812 Executing VM operation: Cleanup done
Event: 69.814 Executing VM operation: Cleanup
Event: 75.100 Executing VM operation: Cleanup done
Event: 76.098 Executing VM operation: HandshakeAllThreads
Event: 76.098 Executing VM operation: HandshakeAllThreads done
Event: 76.098 Executing VM operation: HandshakeAllThreads
Event: 76.098 Executing VM operation: HandshakeAllThreads done
Event: 77.108 Executing VM operation: Cleanup
Event: 77.108 Executing VM operation: Cleanup done
Event: 79.127 Executing VM operation: Cleanup
Event: 79.127 Executing VM operation: Cleanup done

Events (20 events):
Event: 76.096 loading class java/util/regex/Pattern$Prolog
Event: 76.096 loading class java/util/regex/Pattern$Prolog done
Event: 76.097 loading class java/net/URLClassLoader$2
Event: 76.097 loading class java/net/URLClassLoader$2 done
Event: 76.097 loading class sun/net/www/protocol/jar/JarURLConnection
Event: 76.097 loading class java/net/JarURLConnection
Event: 76.097 loading class java/net/JarURLConnection done
Event: 76.097 loading class sun/net/www/protocol/jar/JarURLConnection done
Event: 76.098 loading class sun/net/www/protocol/jar/JarFileFactory
Event: 76.098 loading class sun/net/www/protocol/jar/URLJarFile$URLJarFileCloseController
Event: 76.098 loading class sun/net/www/protocol/jar/URLJarFile$URLJarFileCloseController done
Event: 76.098 loading class sun/net/www/protocol/jar/JarFileFactory done
Event: 76.098 loading class sun/net/www/protocol/jar/URLJarFile
Event: 76.098 loading class sun/net/www/protocol/jar/URLJarFile done
Event: 77.108 loading class sun/net/www/protocol/jar/URLJarFile$URLJarFileEntry
Event: 78.117 loading class sun/net/www/protocol/jar/URLJarFile$URLJarFileEntry done
Event: 78.117 loading class sun/net/www/protocol/jar/JarURLConnection$JarURLInputStream
Event: 78.117 loading class sun/net/www/protocol/jar/JarURLConnection$JarURLInputStream done
Event: 78.118 loading class java/util/Formatter$FixedString
Event: 78.118 loading class java/util/Formatter$FixedString done


Dynamic libraries:
0x00007ff6c2310000 - 0x00007ff6c2320000 	C:\Program Files\Java\jdk-17\bin\java.exe
0x00007ff8176c0000 - 0x00007ff8178c7000 	C:\Windows\SYSTEM32\ntdll.dll
0x00007ff816f10000 - 0x00007ff816fcd000 	C:\Windows\System32\KERNEL32.DLL
0x00007ff814e00000 - 0x00007ff815172000 	C:\Windows\System32\KERNELBASE.dll
0x00007ff815180000 - 0x00007ff815291000 	C:\Windows\System32\ucrtbase.dll
0x00007fffbeb30000 - 0x00007fffbeb4b000 	C:\Program Files\Java\jdk-17\bin\VCRUNTIME140.dll
0x00007fffbeb50000 - 0x00007fffbeb69000 	C:\Program Files\Java\jdk-17\bin\jli.dll
0x00007ff8175d0000 - 0x00007ff81767c000 	C:\Windows\System32\ADVAPI32.dll
0x00007ff816b90000 - 0x00007ff816c33000 	C:\Windows\System32\msvcrt.dll
0x00007ff8169c0000 - 0x00007ff816a5d000 	C:\Windows\System32\sechost.dll
0x00007ff816880000 - 0x00007ff8169a1000 	C:\Windows\System32\RPCRT4.dll
0x00007ff816230000 - 0x00007ff8163dc000 	C:\Windows\System32\USER32.dll
0x00007ff814d50000 - 0x00007ff814d76000 	C:\Windows\System32\win32u.dll
0x00007ff816b40000 - 0x00007ff816b69000 	C:\Windows\System32\GDI32.dll
0x00007ff815470000 - 0x00007ff815582000 	C:\Windows\System32\gdi32full.dll
0x00007ff8153d0000 - 0x00007ff81546d000 	C:\Windows\System32\msvcp_win.dll
0x00007ffff92b0000 - 0x00007ffff9555000 	C:\Windows\WinSxS\amd64_microsoft.windows.common-controls_6595b64144ccf1df_6.0.21996.1_none_7d6b053978bcd706\COMCTL32.dll
0x00007ff80c6a0000 - 0x00007ff80c6aa000 	C:\Windows\SYSTEM32\VERSION.dll
0x00007ff816d70000 - 0x00007ff816da1000 	C:\Windows\System32\IMM32.DLL
0x00007fffbeb20000 - 0x00007fffbeb2c000 	C:\Program Files\Java\jdk-17\bin\vcruntime140_1.dll
0x00007fff85710000 - 0x00007fff8579e000 	C:\Program Files\Java\jdk-17\bin\msvcp140.dll
0x00007fff75450000 - 0x00007fff7602f000 	C:\Program Files\Java\jdk-17\bin\server\jvm.dll
0x00007ff80b3b0000 - 0x00007ff80b3e3000 	C:\Windows\SYSTEM32\WINMM.dll
0x00007ff816ea0000 - 0x00007ff816ea8000 	C:\Windows\System32\PSAPI.DLL
0x00007fff85700000 - 0x00007fff85709000 	C:\Windows\SYSTEM32\WSOCK32.dll
0x00007ff816810000 - 0x00007ff81687f000 	C:\Windows\System32\WS2_32.dll
0x00007ff813dc0000 - 0x00007ff813dd7000 	C:\Windows\SYSTEM32\kernel.appcore.dll
0x00007fff856f0000 - 0x00007fff856fa000 	C:\Program Files\Java\jdk-17\bin\jimage.dll
0x00007ff80cce0000 - 0x00007ff80cf01000 	C:\Windows\SYSTEM32\DBGHELP.DLL
0x00007fffff0b0000 - 0x00007fffff0e1000 	C:\Windows\SYSTEM32\dbgcore.DLL
0x00007ff814d80000 - 0x00007ff814e00000 	C:\Windows\System32\bcryptPrimitives.dll
0x00007fff856b0000 - 0x00007fff856d5000 	C:\Program Files\Java\jdk-17\bin\java.dll
0x00007fff75370000 - 0x00007fff75447000 	C:\Program Files\Java\jdk-17\bin\jsvml.dll
0x00007ff815aa0000 - 0x00007ff816209000 	C:\Windows\System32\SHELL32.dll
0x00007ff812d70000 - 0x00007ff8135c8000 	C:\Windows\SYSTEM32\windows.storage.dll
0x00007ff8163e0000 - 0x00007ff816755000 	C:\Windows\System32\combase.dll
0x00007ff812c00000 - 0x00007ff812d66000 	C:\Windows\SYSTEM32\wintypes.dll
0x00007ff816db0000 - 0x00007ff816e9a000 	C:\Windows\System32\SHCORE.dll
0x00007ff816a60000 - 0x00007ff816abd000 	C:\Windows\System32\shlwapi.dll
0x00007ff814b10000 - 0x00007ff814b31000 	C:\Windows\SYSTEM32\profapi.dll
0x00007fff85670000 - 0x00007fff85689000 	C:\Program Files\Java\jdk-17\bin\net.dll
0x00007ff80d080000 - 0x00007ff80d18c000 	C:\Windows\SYSTEM32\WINHTTP.dll
0x00007ff8141c0000 - 0x00007ff814227000 	C:\Windows\system32\mswsock.dll
0x00007fff85650000 - 0x00007fff85666000 	C:\Program Files\Java\jdk-17\bin\nio.dll
0x00007fff85690000 - 0x00007fff856a8000 	C:\Program Files\Java\jdk-17\bin\zip.dll
0x00007fff85640000 - 0x00007fff85650000 	C:\Program Files\Java\jdk-17\bin\verify.dll

dbghelp: loaded successfully - version: 4.0.5 - missing functions: none
symbol engine: initialized successfully - sym options: 0x614 - pdb path: .;C:\Program Files\Java\jdk-17\bin;C:\Windows\SYSTEM32;C:\Windows\WinSxS\amd64_microsoft.windows.common-controls_6595b64144ccf1df_6.0.21996.1_none_7d6b053978bcd706;C:\Program Files\Java\jdk-17\bin\server

VM Arguments:
jvm_args: -Xmx64m -Xms64m -Dorg.gradle.appname=gradlew 
java_command: org.gradle.wrapper.GradleWrapperMain app:installDebug -PreactNativeDevServerPort=8081
java_class_path (initial): C:\Sample\AwesomeProject\android\\gradle\wrapper\gradle-wrapper.jar
Launcher Type: SUN_STANDARD

[Global flags]
     intx CICompilerCount                          = 4                                         {product} {ergonomic}
     uint ConcGCThreads                            = 2                                         {product} {ergonomic}
     uint G1ConcRefinementThreads                  = 8                                         {product} {ergonomic}
   size_t G1HeapRegionSize                         = 1048576                                   {product} {ergonomic}
    uintx GCDrainStackTargetSize                   = 64                                        {product} {ergonomic}
   size_t InitialHeapSize                          = 67108864                                  {product} {command line}
   size_t MarkStackSize                            = 4194304                                   {product} {ergonomic}
   size_t MaxHeapSize                              = 67108864                                  {product} {command line}
   size_t MaxNewSize                               = 39845888                                  {product} {ergonomic}
   size_t MinHeapDeltaBytes                        = 1048576                                   {product} {ergonomic}
   size_t MinHeapSize                              = 67108864                                  {product} {command line}
    uintx NonNMethodCodeHeapSize                   = 5839372                                {pd product} {ergonomic}
    uintx NonProfiledCodeHeapSize                  = 122909434                              {pd product} {ergonomic}
    uintx ProfiledCodeHeapSize                     = 122909434                              {pd product} {ergonomic}
    uintx ReservedCodeCacheSize                    = 251658240                              {pd product} {ergonomic}
     bool SegmentedCodeCache                       = true                                      {product} {ergonomic}
   size_t SoftMaxHeapSize                          = 67108864                               {manageable} {ergonomic}
     bool UseCompressedClassPointers               = true                           {product lp64_product} {ergonomic}
     bool UseCompressedOops                        = true                           {product lp64_product} {ergonomic}
     bool UseG1GC                                  = true                                      {product} {ergonomic}
     bool UseLargePagesIndividualAllocation        = false                                  {pd product} {ergonomic}

Logging:
Log output configuration:
 #0: stdout all=warning uptime,level,tags
 #1: stderr all=off uptime,level,tags

Environment Variables:
JAVA_HOME=C:\Program Files\Java\jdk-17
CLASSPATH=C:\Sample\AwesomeProject\android\\gradle\wrapper\gradle-wrapper.jar
PATH=C:\Sample\AwesomeProject\node_modules\.bin;C:\Sample\AwesomeProject\node_modules\.bin;C:\Sample\node_modules\.bin;C:\node_modules\.bin;C:\Users\ADMIN\AppData\Roaming\nvm\v18.20.5\node_modules\npm\node_modules\@npmcli\run-script\lib\node-gyp-bin;C:\Sample\AwesomeProject\node_modules\.bin;C:\Sample\AwesomeProject\node_modules\.bin;C:\Sample\node_modules\.bin;C:\node_modules\.bin;C:\Users\ADMIN\AppData\Roaming\nvm\v18.20.5\node_modules\npm\node_modules\@npmcli\run-script\lib\node-gyp-bin;C:\Program Files\Microsoft\jdk-17.0.10.7-hotspot\bin;C:\Windows\system32;C:\Windows;C:\Windows\System32\Wbem;C:\Windows\System32\WindowsPowerShell\v1.0\;C:\Windows\System32\OpenSSH\;C:\Program Files\Java\jdk-20\bin;C:\flutter\flutter_windows_3.7.11-stable\flutter\bin;C:\Program Files\Git\cmd;C:\Users\ADMIN\AppData\Local\Pub\Cache\bin;C:\mangosh\bin\;C:\ProgramData\chocolatey\bin;C:\Users\ADMIN\AppData\Local\Android\Sdk\platform-tools;C:\Users\ADMIN\AppData\Roaming\nvm;C:\Program Files\nodejs;C:\Program Files\Microsoft SQL Server\150\Tools\Binn\;C:\Program Files\Microsoft SQL Server\Client SDK\ODBC\170\Tools\Binn\;C:\Program Files\dotnet\;C:\Program Files (x86)\Microsoft SQL Server\160\Tools\Binn\;C:\Program Files\Microsoft SQL Server\160\Tools\Binn\;C:\Program Files\Microsoft SQL Server\160\DTS\Binn\;C:\Program Files (x86)\Microsoft SQL Server\160\DTS\Binn\;C:\Program Files\nodejs;C:\Users\ADMIN\AppData\Local\Android\Sdk\tools;C:\Users\ADMIN\AppData\Local\Pub\Cache\bin;C:\Users\ADMIN\AppData\Local\Programs\Microsoft VS Code\bin;C:\Users\ADMIN\AppData\Roaming\npm;C:\Users\ADMIN\AppData\Roaming\nvm;C:\Program Files\nodejs;C:\Users\ADMIN\AppData\Local\Android\Sdk\cmdline-tools\latest\bin;C:\Users\ADMIN\AppData\Local\Android\Sdk;C:\Program Files\Java\jdk-17;C:\Users\ADMIN\.dotnet\tools;
USERNAME=ADMIN
LANG=en_US.UTF-8
OS=Windows_NT
PROCESSOR_IDENTIFIER=Intel64 Family 6 Model 142 Stepping 12, GenuineIntel



---------------  S Y S T E M  ---------------

OS:
 Windows 10 , 64 bit Build 21996 (10.0.21996.1)
OS uptime: 0 days 3:39 hours
Hyper-V role detected

CPU: total 8 (initial active 8) (4 cores per cpu, 2 threads per core) family 6 model 142 stepping 12 microcode 0xde, cx8, cmov, fxsr, ht, mmx, 3dnowpref, sse, sse2, sse3, ssse3, sse4.1, sse4.2, popcnt, lzcnt, tsc, tscinvbit, avx, avx2, aes, erms, clmul, bmi1, bmi2, adx, fma, vzeroupper, clflush, clflushopt, hv

Memory: 4k page, system-wide physical 8013M (173M free)
TotalPageFile size 24862M (AvailPageFile size 1M)
current process WorkingSet (physical memory assigned to process): 77M, peak: 79M
current process commit charge ("private bytes"): 158M, peak: 160M

vm_info: Java HotSpot(TM) 64-Bit Server VM (17.0.10+11-LTS-240) for windows-amd64 JRE (17.0.10+11-LTS-240), built on Dec 19 2023 21:47:25 by "mach5one" with MS VC++ 17.1 (VS2022)

END.
