#
# There is insufficient memory for the Java Runtime Environment to continue.
# Native memory allocation (malloc) failed to allocate 335296 bytes for Chunk::new
# Possible reasons:
#   The system is out of physical RAM or swap space
#   The process is running with CompressedOops enabled, and the Java Heap may be blocking the growth of the native heap
# Possible solutions:
#   Reduce memory load on the system
#   Increase physical memory or swap space
#   Check if swap backing store is full
#   Decrease Java heap size (-Xmx/-Xms)
#   Decrease number of Java threads
#   Decrease Java thread stack sizes (-Xss)
#   Set larger code cache with -XX:ReservedCodeCacheSize=
#   JVM is running with Unscaled Compressed Oops mode in which the Java heap is
#     placed in the first 4GB address space. The Java Heap base address is the
#     maximum limit for the native heap growth. Please use -XX:HeapBaseMinAddress
#     to set the Java Heap base and to place the Java Heap above 4GB virtual address.
# This output file may be truncated or incomplete.
#
#  Out of Memory Error (arena.cpp:189), pid=18384, tid=18472
#
# JRE version: Java(TM) SE Runtime Environment (17.0.10+11) (build 17.0.10+11-LTS-240)
# Java VM: Java HotSpot(TM) 64-Bit Server VM (17.0.10+11-LTS-240, mixed mode, sharing, tiered, compressed oops, compressed class ptrs, g1 gc, windows-amd64)
# No core dump will be written. Minidumps are not enabled by default on client versions of Windows
#

---------------  S U M M A R Y ------------

Command Line: -Xmx64m -Xms64m -Dorg.gradle.appname=gradlew org.gradle.wrapper.GradleWrapperMain app:installDebug -PreactNativeDevServerPort=8081

Host: Intel(R) Core(TM) i5-10210U CPU @ 1.60GHz, 8 cores, 7G,  Windows 10 , 64 bit Build 21996 (10.0.21996.1)
Time: Fri Nov 22 12:21:55 2024 Sri Lanka Standard Time elapsed time: 66.217307 seconds (0d 0h 1m 6s)

---------------  T H R E A D  ---------------

Current thread (0x000001b372082300):  JavaThread "C2 CompilerThread0" daemon [_thread_in_native, id=18472, stack(0x0000004e8ca00000,0x0000004e8cb00000)]


Current CompileTask:
C2:  66217  679 %     4       java.util.zip.ZipFile$Source::initCEN @ 240 (591 bytes)

Stack: [0x0000004e8ca00000,0x0000004e8cb00000]
Native frames: (J=compiled Java code, j=interpreted, Vv=VM code, C=native code)
V  [jvm.dll+0x677a5a]
V  [jvm.dll+0x7d8b2d]
V  [jvm.dll+0x7da48e]
V  [jvm.dll+0x7daaf3]
V  [jvm.dll+0x2455ff]
V  [jvm.dll+0xaaafb]
V  [jvm.dll+0xab09c]
V  [jvm.dll+0x2aafef]
V  [jvm.dll+0x57fd55]
V  [jvm.dll+0x220472]
V  [jvm.dll+0x22084f]
V  [jvm.dll+0x2197a6]
V  [jvm.dll+0x216c79]
V  [jvm.dll+0x1a3410]
V  [jvm.dll+0x226aeb]
V  [jvm.dll+0x224cab]
V  [jvm.dll+0x78e45c]
V  [jvm.dll+0x78888a]
V  [jvm.dll+0x676935]
C  [ucrtbase.dll+0x26c0c]
C  [KERNEL32.DLL+0x154e0]
C  [ntdll.dll+0x485b]


---------------  P R O C E S S  ---------------

Threads class SMR info:
_java_thread_list=0x000001b3722b3780, length=12, elements={
0x000001b3588f5480, 0x000001b37205d070, 0x000001b37205dc00, 0x000001b3720737a0,
0x000001b372074070, 0x000001b372074940, 0x000001b372075210, 0x000001b372082300,
0x000001b3720861c0, 0x000001b3720a8ef0, 0x000001b3722ec760, 0x000001b3722f0ef0
}

Java Threads: ( => current thread )
  0x000001b3588f5480 JavaThread "main" [_thread_in_vm, id=26224, stack(0x0000004e8bd00000,0x0000004e8be00000)]
  0x000001b37205d070 JavaThread "Reference Handler" daemon [_thread_blocked, id=6076, stack(0x0000004e8c400000,0x0000004e8c500000)]
  0x000001b37205dc00 JavaThread "Finalizer" daemon [_thread_blocked, id=27108, stack(0x0000004e8c500000,0x0000004e8c600000)]
  0x000001b3720737a0 JavaThread "Signal Dispatcher" daemon [_thread_blocked, id=22296, stack(0x0000004e8c600000,0x0000004e8c700000)]
  0x000001b372074070 JavaThread "Attach Listener" daemon [_thread_blocked, id=25480, stack(0x0000004e8c700000,0x0000004e8c800000)]
  0x000001b372074940 JavaThread "Service Thread" daemon [_thread_blocked, id=26324, stack(0x0000004e8c800000,0x0000004e8c900000)]
  0x000001b372075210 JavaThread "Monitor Deflation Thread" daemon [_thread_blocked, id=26332, stack(0x0000004e8c900000,0x0000004e8ca00000)]
=>0x000001b372082300 JavaThread "C2 CompilerThread0" daemon [_thread_in_native, id=18472, stack(0x0000004e8ca00000,0x0000004e8cb00000)]
  0x000001b3720861c0 JavaThread "C1 CompilerThread0" daemon [_thread_blocked, id=22332, stack(0x0000004e8cb00000,0x0000004e8cc00000)]
  0x000001b3720a8ef0 JavaThread "Sweeper thread" daemon [_thread_blocked, id=3520, stack(0x0000004e8cc00000,0x0000004e8cd00000)]
  0x000001b3722ec760 JavaThread "Notification Thread" daemon [_thread_blocked, id=21912, stack(0x0000004e8cd00000,0x0000004e8ce00000)]
  0x000001b3722f0ef0 JavaThread "Common-Cleaner" daemon [_thread_blocked, id=10080, stack(0x0000004e8cf00000,0x0000004e8d000000)]

Other Threads:
  0x000001b372056640 VMThread "VM Thread" [stack: 0x0000004e8c300000,0x0000004e8c400000] [id=19896] _threads_hazard_ptr=0x000001b3722b3780
  0x000001b3722f0c60 WatcherThread [stack: 0x0000004e8ce00000,0x0000004e8cf00000] [id=17424]
  0x000001b358917bc0 GCTaskThread "GC Thread#0" [stack: 0x0000004e8be00000,0x0000004e8bf00000] [id=20144]
  0x000001b372595b60 GCTaskThread "GC Thread#1" [stack: 0x0000004e8d000000,0x0000004e8d100000] [id=28220]
  0x000001b372673c80 GCTaskThread "GC Thread#2" [stack: 0x0000004e8d100000,0x0000004e8d200000] [id=25924]
  0x000001b372673f40 GCTaskThread "GC Thread#3" [stack: 0x0000004e8d200000,0x0000004e8d300000] [id=27720]
  0x000001b358919210 ConcurrentGCThread "G1 Main Marker" [stack: 0x0000004e8bf00000,0x0000004e8c000000] [id=24176]
  0x000001b358919b20 ConcurrentGCThread "G1 Conc#0" [stack: 0x0000004e8c000000,0x0000004e8c100000] [id=2120]
  0x000001b35897c1e0 ConcurrentGCThread "G1 Refine#0" [stack: 0x0000004e8c100000,0x0000004e8c200000] [id=5508]
  0x000001b35897ea40 ConcurrentGCThread "G1 Service" [stack: 0x0000004e8c200000,0x0000004e8c300000] [id=17812]

Threads with active compile tasks:
C2 CompilerThread0    71631  679 %     4       java.util.zip.ZipFile$Source::initCEN @ 240 (591 bytes)

VM state: not at safepoint (normal execution)

VM Mutex/Monitor currently owned by a thread:  ([mutex/lock_event])
[0x000001b3588f0e10] Metaspace_lock - owner thread: 0x000001b3588f5480

Heap address: 0x00000000fc000000, size: 64 MB, Compressed Oops mode: 32-bit

CDS archive(s) mapped at: [0x000001b300000000-0x000001b300bd0000-0x000001b300bd0000), size 12386304, SharedBaseAddress: 0x000001b300000000, ArchiveRelocationMode: 1.
Compressed class space mapped at: 0x000001b301000000-0x000001b341000000, reserved size: 1073741824
Narrow klass base: 0x000001b300000000, Narrow klass shift: 0, Narrow klass range: 0x100000000

GC Precious Log:
 CPUs: 8 total, 8 available
 Memory: 8013M
 Large Page Support: Disabled
 NUMA Support: Disabled
 Compressed Oops: Enabled (32-bit)
 Heap Region Size: 1M
 Heap Min Capacity: 64M
 Heap Initial Capacity: 64M
 Heap Max Capacity: 64M
 Pre-touch: Disabled
 Parallel Workers: 8
 Concurrent Workers: 2
 Concurrent Refinement Workers: 8
 Periodic GC: Disabled

Heap:
 garbage-first heap   total 65536K, used 12432K [0x00000000fc000000, 0x0000000100000000)
  region size 1024K, 8 young (8192K), 3 survivors (3072K)
 Metaspace       used 2184K, committed 2240K, reserved 1114112K
  class space    used 211K, committed 256K, reserved 1048576K

Heap Regions: E=young(eden), S=young(survivor), O=old, HS=humongous(starts), HC=humongous(continues), CS=collection set, F=free, OA=open archive, CA=closed archive, TAMS=top-at-mark-start (previous, next)
|   0|0x00000000fc000000, 0x00000000fc100000, 0x00000000fc100000|100%| O|  |TAMS 0x00000000fc000000, 0x00000000fc000000| Untracked 
|   1|0x00000000fc100000, 0x00000000fc124200, 0x00000000fc200000| 14%| O|  |TAMS 0x00000000fc100000, 0x00000000fc100000| Untracked 
|   2|0x00000000fc200000, 0x00000000fc300000, 0x00000000fc300000|100%|HS|  |TAMS 0x00000000fc200000, 0x00000000fc200000| Complete 
|   3|0x00000000fc300000, 0x00000000fc400000, 0x00000000fc400000|100%|HC|  |TAMS 0x00000000fc300000, 0x00000000fc300000| Complete 
|   4|0x00000000fc400000, 0x00000000fc500000, 0x00000000fc500000|100%|HC|  |TAMS 0x00000000fc400000, 0x00000000fc400000| Complete 
|   5|0x00000000fc500000, 0x00000000fc600000, 0x00000000fc600000|100%|HC|  |TAMS 0x00000000fc500000, 0x00000000fc500000| Complete 
|   6|0x00000000fc600000, 0x00000000fc600000, 0x00000000fc700000|  0%| F|  |TAMS 0x00000000fc600000, 0x00000000fc600000| Untracked 
|   7|0x00000000fc700000, 0x00000000fc700000, 0x00000000fc800000|  0%| F|  |TAMS 0x00000000fc700000, 0x00000000fc700000| Untracked 
|   8|0x00000000fc800000, 0x00000000fc800000, 0x00000000fc900000|  0%| F|  |TAMS 0x00000000fc800000, 0x00000000fc800000| Untracked 
|   9|0x00000000fc900000, 0x00000000fc900000, 0x00000000fca00000|  0%| F|  |TAMS 0x00000000fc900000, 0x00000000fc900000| Untracked 
|  10|0x00000000fca00000, 0x00000000fca00000, 0x00000000fcb00000|  0%| F|  |TAMS 0x00000000fca00000, 0x00000000fca00000| Untracked 
|  11|0x00000000fcb00000, 0x00000000fcb00000, 0x00000000fcc00000|  0%| F|  |TAMS 0x00000000fcb00000, 0x00000000fcb00000| Untracked 
|  12|0x00000000fcc00000, 0x00000000fcc00000, 0x00000000fcd00000|  0%| F|  |TAMS 0x00000000fcc00000, 0x00000000fcc00000| Untracked 
|  13|0x00000000fcd00000, 0x00000000fcd00000, 0x00000000fce00000|  0%| F|  |TAMS 0x00000000fcd00000, 0x00000000fcd00000| Untracked 
|  14|0x00000000fce00000, 0x00000000fce00000, 0x00000000fcf00000|  0%| F|  |TAMS 0x00000000fce00000, 0x00000000fce00000| Untracked 
|  15|0x00000000fcf00000, 0x00000000fcf00000, 0x00000000fd000000|  0%| F|  |TAMS 0x00000000fcf00000, 0x00000000fcf00000| Untracked 
|  16|0x00000000fd000000, 0x00000000fd000000, 0x00000000fd100000|  0%| F|  |TAMS 0x00000000fd000000, 0x00000000fd000000| Untracked 
|  17|0x00000000fd100000, 0x00000000fd100000, 0x00000000fd200000|  0%| F|  |TAMS 0x00000000fd100000, 0x00000000fd100000| Untracked 
|  18|0x00000000fd200000, 0x00000000fd200000, 0x00000000fd300000|  0%| F|  |TAMS 0x00000000fd200000, 0x00000000fd200000| Untracked 
|  19|0x00000000fd300000, 0x00000000fd300000, 0x00000000fd400000|  0%| F|  |TAMS 0x00000000fd300000, 0x00000000fd300000| Untracked 
|  20|0x00000000fd400000, 0x00000000fd400000, 0x00000000fd500000|  0%| F|  |TAMS 0x00000000fd400000, 0x00000000fd400000| Untracked 
|  21|0x00000000fd500000, 0x00000000fd500000, 0x00000000fd600000|  0%| F|  |TAMS 0x00000000fd500000, 0x00000000fd500000| Untracked 
|  22|0x00000000fd600000, 0x00000000fd600000, 0x00000000fd700000|  0%| F|  |TAMS 0x00000000fd600000, 0x00000000fd600000| Untracked 
|  23|0x00000000fd700000, 0x00000000fd700000, 0x00000000fd800000|  0%| F|  |TAMS 0x00000000fd700000, 0x00000000fd700000| Untracked 
|  24|0x00000000fd800000, 0x00000000fd800000, 0x00000000fd900000|  0%| F|  |TAMS 0x00000000fd800000, 0x00000000fd800000| Untracked 
|  25|0x00000000fd900000, 0x00000000fd900000, 0x00000000fda00000|  0%| F|  |TAMS 0x00000000fd900000, 0x00000000fd900000| Untracked 
|  26|0x00000000fda00000, 0x00000000fda00000, 0x00000000fdb00000|  0%| F|  |TAMS 0x00000000fda00000, 0x00000000fda00000| Untracked 
|  27|0x00000000fdb00000, 0x00000000fdb00000, 0x00000000fdc00000|  0%| F|  |TAMS 0x00000000fdb00000, 0x00000000fdb00000| Untracked 
|  28|0x00000000fdc00000, 0x00000000fdc00000, 0x00000000fdd00000|  0%| F|  |TAMS 0x00000000fdc00000, 0x00000000fdc00000| Untracked 
|  29|0x00000000fdd00000, 0x00000000fdd00000, 0x00000000fde00000|  0%| F|  |TAMS 0x00000000fdd00000, 0x00000000fdd00000| Untracked 
|  30|0x00000000fde00000, 0x00000000fde00000, 0x00000000fdf00000|  0%| F|  |TAMS 0x00000000fde00000, 0x00000000fde00000| Untracked 
|  31|0x00000000fdf00000, 0x00000000fdf00000, 0x00000000fe000000|  0%| F|  |TAMS 0x00000000fdf00000, 0x00000000fdf00000| Untracked 
|  32|0x00000000fe000000, 0x00000000fe000000, 0x00000000fe100000|  0%| F|  |TAMS 0x00000000fe000000, 0x00000000fe000000| Untracked 
|  33|0x00000000fe100000, 0x00000000fe100000, 0x00000000fe200000|  0%| F|  |TAMS 0x00000000fe100000, 0x00000000fe100000| Untracked 
|  34|0x00000000fe200000, 0x00000000fe200000, 0x00000000fe300000|  0%| F|  |TAMS 0x00000000fe200000, 0x00000000fe200000| Untracked 
|  35|0x00000000fe300000, 0x00000000fe300000, 0x00000000fe400000|  0%| F|  |TAMS 0x00000000fe300000, 0x00000000fe300000| Untracked 
|  36|0x00000000fe400000, 0x00000000fe400000, 0x00000000fe500000|  0%| F|  |TAMS 0x00000000fe400000, 0x00000000fe400000| Untracked 
|  37|0x00000000fe500000, 0x00000000fe500000, 0x00000000fe600000|  0%| F|  |TAMS 0x00000000fe500000, 0x00000000fe500000| Untracked 
|  38|0x00000000fe600000, 0x00000000fe700000, 0x00000000fe700000|100%| S|CS|TAMS 0x00000000fe600000, 0x00000000fe600000| Complete 
|  39|0x00000000fe700000, 0x00000000fe800000, 0x00000000fe800000|100%| S|CS|TAMS 0x00000000fe700000, 0x00000000fe700000| Complete 
|  40|0x00000000fe800000, 0x00000000fe900000, 0x00000000fe900000|100%| S|CS|TAMS 0x00000000fe800000, 0x00000000fe800000| Complete 
|  41|0x00000000fe900000, 0x00000000fe900000, 0x00000000fea00000|  0%| F|  |TAMS 0x00000000fe900000, 0x00000000fe900000| Untracked 
|  42|0x00000000fea00000, 0x00000000fea00000, 0x00000000feb00000|  0%| F|  |TAMS 0x00000000fea00000, 0x00000000fea00000| Untracked 
|  43|0x00000000feb00000, 0x00000000feb00000, 0x00000000fec00000|  0%| F|  |TAMS 0x00000000feb00000, 0x00000000feb00000| Untracked 
|  44|0x00000000fec00000, 0x00000000fec00000, 0x00000000fed00000|  0%| F|  |TAMS 0x00000000fec00000, 0x00000000fec00000| Untracked 
|  45|0x00000000fed00000, 0x00000000fed00000, 0x00000000fee00000|  0%| F|  |TAMS 0x00000000fed00000, 0x00000000fed00000| Untracked 
|  46|0x00000000fee00000, 0x00000000fee00000, 0x00000000fef00000|  0%| F|  |TAMS 0x00000000fee00000, 0x00000000fee00000| Untracked 
|  47|0x00000000fef00000, 0x00000000fef00000, 0x00000000ff000000|  0%| F|  |TAMS 0x00000000fef00000, 0x00000000fef00000| Untracked 
|  48|0x00000000ff000000, 0x00000000ff000000, 0x00000000ff100000|  0%| F|  |TAMS 0x00000000ff000000, 0x00000000ff000000| Untracked 
|  49|0x00000000ff100000, 0x00000000ff100000, 0x00000000ff200000|  0%| F|  |TAMS 0x00000000ff100000, 0x00000000ff100000| Untracked 
|  50|0x00000000ff200000, 0x00000000ff200000, 0x00000000ff300000|  0%| F|  |TAMS 0x00000000ff200000, 0x00000000ff200000| Untracked 
|  51|0x00000000ff300000, 0x00000000ff300000, 0x00000000ff400000|  0%| F|  |TAMS 0x00000000ff300000, 0x00000000ff300000| Untracked 
|  52|0x00000000ff400000, 0x00000000ff400000, 0x00000000ff500000|  0%| F|  |TAMS 0x00000000ff400000, 0x00000000ff400000| Untracked 
|  53|0x00000000ff500000, 0x00000000ff500000, 0x00000000ff600000|  0%| F|  |TAMS 0x00000000ff500000, 0x00000000ff500000| Untracked 
|  54|0x00000000ff600000, 0x00000000ff600000, 0x00000000ff700000|  0%| F|  |TAMS 0x00000000ff600000, 0x00000000ff600000| Untracked 
|  55|0x00000000ff700000, 0x00000000ff700000, 0x00000000ff800000|  0%| F|  |TAMS 0x00000000ff700000, 0x00000000ff700000| Untracked 
|  56|0x00000000ff800000, 0x00000000ff800000, 0x00000000ff900000|  0%| F|  |TAMS 0x00000000ff800000, 0x00000000ff800000| Untracked 
|  57|0x00000000ff900000, 0x00000000ff900000, 0x00000000ffa00000|  0%| F|  |TAMS 0x00000000ff900000, 0x00000000ff900000| Untracked 
|  58|0x00000000ffa00000, 0x00000000ffa00000, 0x00000000ffb00000|  0%| F|  |TAMS 0x00000000ffa00000, 0x00000000ffa00000| Untracked 
|  59|0x00000000ffb00000, 0x00000000ffb80b88, 0x00000000ffc00000| 50%| E|  |TAMS 0x00000000ffb00000, 0x00000000ffb00000| Complete 
|  60|0x00000000ffc00000, 0x00000000ffd00000, 0x00000000ffd00000|100%| E|CS|TAMS 0x00000000ffc00000, 0x00000000ffc00000| Complete 
|  61|0x00000000ffd00000, 0x00000000ffe00000, 0x00000000ffe00000|100%| E|CS|TAMS 0x00000000ffd00000, 0x00000000ffd00000| Complete 
|  62|0x00000000ffe00000, 0x00000000fff00000, 0x00000000fff00000|100%| E|CS|TAMS 0x00000000ffe00000, 0x00000000ffe00000| Complete 
|  63|0x00000000fff00000, 0x0000000100000000, 0x0000000100000000|100%| E|CS|TAMS 0x00000000fff00000, 0x00000000fff00000| Complete 

Card table byte_map: [0x000001b358850000,0x000001b358870000] _byte_map_base: 0x000001b358070000

Marking Bits (Prev, Next): (CMBitMap*) 0x000001b3589180e0, (CMBitMap*) 0x000001b358918120
 Prev Bits: [0x000001b36f4f0000, 0x000001b36f5f0000)
 Next Bits: [0x000001b36f5f0000, 0x000001b36f6f0000)

Polling page: 0x000001b3580d0000

Metaspace:

Usage:
  Non-class:      1.93 MB used.
      Class:    211.91 KB used.
       Both:      2.13 MB used.

Virtual space:
  Non-class space:       64.00 MB reserved,       1.94 MB (  3%) committed,  1 nodes.
      Class space:        1.00 GB reserved,     256.00 KB ( <1%) committed,  1 nodes.
             Both:        1.06 GB reserved,       2.19 MB ( <1%) committed. 

Chunk freelists:
   Non-Class:  11.56 MB
       Class:  15.64 MB
        Both:  27.20 MB

MaxMetaspaceSize: unlimited
CompressedClassSpaceSize: 1.00 GB
Initial GC threshold: 21.00 MB
Current GC threshold: 21.00 MB
CDS: on
MetaspaceReclaimPolicy: balanced
 - commit_granule_bytes: 65536.
 - commit_granule_words: 8192.
 - virtual_space_node_default_size: 8388608.
 - enlarge_chunks_in_place: 1.
 - new_chunks_are_fully_committed: 0.
 - uncommit_free_chunks: 1.
 - use_allocation_guard: 0.
 - handle_deallocations: 1.


Internal statistics:

num_allocs_failed_limit: 0.
num_arena_births: 14.
num_arena_deaths: 0.
num_vsnodes_births: 2.
num_vsnodes_deaths: 0.
num_space_committed: 35.
num_space_uncommitted: 0.
num_chunks_returned_to_freelist: 0.
num_chunks_taken_from_freelist: 54.
num_chunk_merges: 0.
num_chunk_splits: 31.
num_chunks_enlarged: 26.
num_inconsistent_stats: 0.

CodeHeap 'non-profiled nmethods': size=120000Kb used=285Kb max_used=285Kb free=119714Kb
 bounds [0x000001b367c80000, 0x000001b367ef0000, 0x000001b36f1b0000]
CodeHeap 'profiled nmethods': size=120000Kb used=1372Kb max_used=1372Kb free=118627Kb
 bounds [0x000001b3601b0000, 0x000001b360420000, 0x000001b3676e0000]
CodeHeap 'non-nmethods': size=5760Kb used=1122Kb max_used=1141Kb free=4638Kb
 bounds [0x000001b3676e0000, 0x000001b367950000, 0x000001b367c80000]
 total_blobs=1150 nmethods=747 adapters=316
 compilation: enabled
              stopped_count=0, restarted_count=0
 full_count=0

Compilation events (20 events):
Event: 49.551 Thread 0x000001b3720861c0 nmethod 704 0x000001b3602ebd10 code [0x000001b3602ebee0, 0x000001b3602ec3d8]
Event: 49.551 Thread 0x000001b3720861c0  705       3       java.util.zip.ZipFile$ZipFileInflaterInputStream::fill (80 bytes)
Event: 49.552 Thread 0x000001b3720861c0 nmethod 705 0x000001b3602ec590 code [0x000001b3602ec760, 0x000001b3602ecae8]
Event: 49.556 Thread 0x000001b3720861c0  709   !   3       java.util.zip.Inflater::reset (64 bytes)
Event: 49.556 Thread 0x000001b3720861c0 nmethod 709 0x000001b3602ecc90 code [0x000001b3602ece60, 0x000001b3602ed1b8]
Event: 51.570 Thread 0x000001b3720861c0  711       3       jdk.internal.util.jar.JarIndex::get (49 bytes)
Event: 51.571 Thread 0x000001b3720861c0 nmethod 711 0x000001b3602ed390 code [0x000001b3602ed5c0, 0x000001b3602edea8]
Event: 51.571 Thread 0x000001b3720861c0  712   !   3       jdk.internal.loader.URLClassPath$JarLoader::getResource (354 bytes)
Event: 53.592 Thread 0x000001b3720861c0 nmethod 712 0x000001b3602ee190 code [0x000001b3602ee620, 0x000001b3602f05f8]
Event: 53.592 Thread 0x000001b3720861c0  713       3       jdk.internal.loader.URLClassPath::getResource (74 bytes)
Event: 53.592 Thread 0x000001b3720861c0 nmethod 713 0x000001b3602f1890 code [0x000001b3602f1a60, 0x000001b3602f1db8]
Event: 53.592 Thread 0x000001b3720861c0  714       3       java.lang.Integer::stringSize (47 bytes)
Event: 53.592 Thread 0x000001b3720861c0 nmethod 714 0x000001b3602f1f10 code [0x000001b3602f20c0, 0x000001b3602f2318]
Event: 53.592 Thread 0x000001b3720861c0  715       3       java.lang.Integer::getChars (131 bytes)
Event: 53.592 Thread 0x000001b3720861c0 nmethod 715 0x000001b3602f2410 code [0x000001b3602f25e0, 0x000001b3602f2a18]
Event: 53.592 Thread 0x000001b3720861c0  716       3       java.util.jar.Attributes$Name::of (28 bytes)
Event: 53.593 Thread 0x000001b3720861c0 nmethod 716 0x000001b3602f2c90 code [0x000001b3602f2ea0, 0x000001b3602f3448]
Event: 53.593 Thread 0x000001b3720861c0  717   !   3       sun.nio.fs.WindowsPath::initOffsets (153 bytes)
Event: 55.614 Thread 0x000001b3720861c0 nmethod 717 0x000001b3602f3690 code [0x000001b3602f3a80, 0x000001b3602f5d18]
Event: 55.614 Thread 0x000001b3720861c0  719       3       java.util.jar.JarFile::getVersionedEntry (133 bytes)

GC Heap History (2 events):
Event: 46.688 GC heap before
{Heap before GC invocations=0 (full 0):
 garbage-first heap   total 65536K, used 22528K [0x00000000fc000000, 0x0000000100000000)
  region size 1024K, 23 young (23552K), 0 survivors (0K)
 Metaspace       used 1811K, committed 1920K, reserved 1114112K
  class space    used 158K, committed 192K, reserved 1048576K
}
Event: 46.713 GC heap after
{Heap after GC invocations=1 (full 0):
 garbage-first heap   total 65536K, used 4240K [0x00000000fc000000, 0x0000000100000000)
  region size 1024K, 3 young (3072K), 3 survivors (3072K)
 Metaspace       used 1811K, committed 1920K, reserved 1114112K
  class space    used 158K, committed 192K, reserved 1048576K
}

Deoptimization events (20 events):
Event: 43.958 Thread 0x000001b3588f5480 DEOPT PACKING pc=0x000001b367cb3428 sp=0x0000004e8bdfcda0
Event: 43.958 Thread 0x000001b3588f5480 DEOPT UNPACKING pc=0x000001b3677323a3 sp=0x0000004e8bdfccc8 mode 2
Event: 46.494 Thread 0x000001b3588f5480 Uncommon trap: trap_request=0xffffff45 fr.pc=0x000001b367ca2630 relative=0x0000000000000190
Event: 46.494 Thread 0x000001b3588f5480 Uncommon trap: reason=unstable_if action=reinterpret pc=0x000001b367ca2630 method=java.util.zip.ZipFile$Source.isMetaName([BII)Z @ 43 c2
Event: 46.495 Thread 0x000001b3588f5480 DEOPT PACKING pc=0x000001b367ca2630 sp=0x0000004e8bdfc370
Event: 46.495 Thread 0x000001b3588f5480 DEOPT UNPACKING pc=0x000001b3677323a3 sp=0x0000004e8bdfc300 mode 2
Event: 49.421 Thread 0x000001b3588f5480 Uncommon trap: trap_request=0xffffff45 fr.pc=0x000001b367cbed1c relative=0x00000000000009dc
Event: 49.421 Thread 0x000001b3588f5480 Uncommon trap: reason=unstable_if action=reinterpret pc=0x000001b367cbed1c method=java.util.zip.ZipCoder$UTF8ZipCoder.checkedHash([BII)I @ 27 c2
Event: 49.421 Thread 0x000001b3588f5480 DEOPT PACKING pc=0x000001b367cbed1c sp=0x0000004e8bdfc260
Event: 49.421 Thread 0x000001b3588f5480 DEOPT UNPACKING pc=0x000001b3677323a3 sp=0x0000004e8bdfc1b8 mode 2
Event: 49.421 Thread 0x000001b3588f5480 Uncommon trap: trap_request=0xffffff45 fr.pc=0x000001b367c88e38 relative=0x00000000000001b8
Event: 49.421 Thread 0x000001b3588f5480 Uncommon trap: reason=unstable_if action=reinterpret pc=0x000001b367c88e38 method=java.lang.String.hashCode()I @ 20 c2
Event: 49.421 Thread 0x000001b3588f5480 DEOPT PACKING pc=0x000001b367c88e38 sp=0x0000004e8bdfc0f0
Event: 49.421 Thread 0x000001b3588f5480 DEOPT UNPACKING pc=0x000001b3677323a3 sp=0x0000004e8bdfc080 mode 2
Event: 49.421 Thread 0x000001b3588f5480 Uncommon trap: trap_request=0xffffff45 fr.pc=0x000001b367cc0430 relative=0x0000000000000190
Event: 49.421 Thread 0x000001b3588f5480 Uncommon trap: reason=unstable_if action=reinterpret pc=0x000001b367cc0430 method=java.util.zip.ZipFile$Source.isMetaName([BII)Z @ 57 c2
Event: 49.421 Thread 0x000001b3588f5480 DEOPT PACKING pc=0x000001b367cc0430 sp=0x0000004e8bdfc300
Event: 49.421 Thread 0x000001b3588f5480 DEOPT UNPACKING pc=0x000001b3677323a3 sp=0x0000004e8bdfc290 mode 2
Event: 49.529 Thread 0x000001b3588f5480 DEOPT PACKING pc=0x000001b3602b2127 sp=0x0000004e8bdfca20
Event: 49.529 Thread 0x000001b3588f5480 DEOPT UNPACKING pc=0x000001b367732b43 sp=0x0000004e8bdfbe80 mode 0

Classes unloaded (0 events):
No events

Classes redefined (0 events):
No events

Internal exceptions (1 events):
Event: 7.764 Thread 0x000001b3588f5480 Exception <a 'java/lang/NoSuchMethodError'{0x00000000ffde8918}: 'int java.lang.invoke.DirectMethodHandle$Holder.invokeStaticInit(java.lang.Object, java.lang.Object)'> (0x00000000ffde8918) 
thrown [s\open\src\hotspot\share\interpreter\linkResolver.cpp, line 759]

VM Operations (20 events):
Event: 37.287 Executing VM operation: Cleanup
Event: 37.287 Executing VM operation: Cleanup done
Event: 38.295 Executing VM operation: Cleanup
Event: 38.295 Executing VM operation: Cleanup done
Event: 40.318 Executing VM operation: Cleanup
Event: 40.318 Executing VM operation: Cleanup done
Event: 43.354 Executing VM operation: Cleanup
Event: 43.354 Executing VM operation: Cleanup done
Event: 44.362 Executing VM operation: Cleanup
Event: 44.362 Executing VM operation: Cleanup done
Event: 45.371 Executing VM operation: Cleanup
Event: 45.372 Executing VM operation: Cleanup done
Event: 46.381 Executing VM operation: Cleanup
Event: 46.381 Executing VM operation: Cleanup done
Event: 46.688 Executing VM operation: G1CollectForAllocation
Event: 46.713 Executing VM operation: G1CollectForAllocation done
Event: 47.720 Executing VM operation: Cleanup
Event: 47.720 Executing VM operation: Cleanup done
Event: 49.736 Executing VM operation: Cleanup
Event: 49.736 Executing VM operation: Cleanup done

Events (20 events):
Event: 3.218 loading class java/io/FilePermissionCollection done
Event: 3.218 loading class java/util/Vector
Event: 3.218 loading class java/util/Vector done
Event: 3.218 loading class java/io/FilePermissionCollection$1
Event: 3.218 loading class java/io/FilePermissionCollection$1 done
Event: 8.255 loading class java/net/MalformedURLException
Event: 8.255 loading class java/net/MalformedURLException done
Event: 8.257 loading class java/io/FileFilter
Event: 8.257 loading class java/io/FileFilter done
Event: 22.233 loading class java/util/AbstractList$Itr
Event: 22.234 loading class java/util/AbstractList$Itr done
Event: 22.326 loading class java/lang/invoke/DirectMethodHandle$Special
Event: 22.326 loading class java/lang/invoke/DirectMethodHandle$Special done
Event: 40.226 Loaded shared library C:\Program Files\Java\jdk-17\bin\jimage.dll
Event: 43.076 loading class java/io/BufferedReader
Event: 43.076 loading class java/io/BufferedReader done
Event: 43.077 loading class sun/nio/cs/StreamDecoder
Event: 43.095 loading class sun/nio/cs/StreamDecoder done
Event: 43.095 loading class sun/nio/cs/UTF_8$Decoder
Event: 43.096 loading class sun/nio/cs/UTF_8$Decoder done


Dynamic libraries:
0x00007ff6c2310000 - 0x00007ff6c2320000 	C:\Program Files\Java\jdk-17\bin\java.exe
0x00007ff8176c0000 - 0x00007ff8178c7000 	C:\Windows\SYSTEM32\ntdll.dll
0x00007ff816f10000 - 0x00007ff816fcd000 	C:\Windows\System32\KERNEL32.DLL
0x00007ff814e00000 - 0x00007ff815172000 	C:\Windows\System32\KERNELBASE.dll
0x00007ff815180000 - 0x00007ff815291000 	C:\Windows\System32\ucrtbase.dll
0x00007fffbeb30000 - 0x00007fffbeb4b000 	C:\Program Files\Java\jdk-17\bin\VCRUNTIME140.dll
0x00007fffbeb50000 - 0x00007fffbeb69000 	C:\Program Files\Java\jdk-17\bin\jli.dll
0x00007ff8175d0000 - 0x00007ff81767c000 	C:\Windows\System32\ADVAPI32.dll
0x00007ff816b90000 - 0x00007ff816c33000 	C:\Windows\System32\msvcrt.dll
0x00007ff8169c0000 - 0x00007ff816a5d000 	C:\Windows\System32\sechost.dll
0x00007ff816880000 - 0x00007ff8169a1000 	C:\Windows\System32\RPCRT4.dll
0x00007ff816230000 - 0x00007ff8163dc000 	C:\Windows\System32\USER32.dll
0x00007ff814d50000 - 0x00007ff814d76000 	C:\Windows\System32\win32u.dll
0x00007ff816b40000 - 0x00007ff816b69000 	C:\Windows\System32\GDI32.dll
0x00007ff815470000 - 0x00007ff815582000 	C:\Windows\System32\gdi32full.dll
0x00007ff8153d0000 - 0x00007ff81546d000 	C:\Windows\System32\msvcp_win.dll
0x00007ffff92b0000 - 0x00007ffff9555000 	C:\Windows\WinSxS\amd64_microsoft.windows.common-controls_6595b64144ccf1df_6.0.21996.1_none_7d6b053978bcd706\COMCTL32.dll
0x00007ff80c6a0000 - 0x00007ff80c6aa000 	C:\Windows\SYSTEM32\VERSION.dll
0x00007ff816d70000 - 0x00007ff816da1000 	C:\Windows\System32\IMM32.DLL
0x00007fffbeb20000 - 0x00007fffbeb2c000 	C:\Program Files\Java\jdk-17\bin\vcruntime140_1.dll
0x00007fff85710000 - 0x00007fff8579e000 	C:\Program Files\Java\jdk-17\bin\msvcp140.dll
0x00007fff75450000 - 0x00007fff7602f000 	C:\Program Files\Java\jdk-17\bin\server\jvm.dll
0x00007ff816ea0000 - 0x00007ff816ea8000 	C:\Windows\System32\PSAPI.DLL
0x00007fff85700000 - 0x00007fff85709000 	C:\Windows\SYSTEM32\WSOCK32.dll
0x00007ff816810000 - 0x00007ff81687f000 	C:\Windows\System32\WS2_32.dll
0x00007ff80b3b0000 - 0x00007ff80b3e3000 	C:\Windows\SYSTEM32\WINMM.dll
0x00007ff813dc0000 - 0x00007ff813dd7000 	C:\Windows\SYSTEM32\kernel.appcore.dll
0x00007fff856f0000 - 0x00007fff856fa000 	C:\Program Files\Java\jdk-17\bin\jimage.dll
0x00007ff80cce0000 - 0x00007ff80cf01000 	C:\Windows\SYSTEM32\DBGHELP.DLL
0x00007fffff0b0000 - 0x00007fffff0e1000 	C:\Windows\SYSTEM32\dbgcore.DLL
0x00007ff814d80000 - 0x00007ff814e00000 	C:\Windows\System32\bcryptPrimitives.dll
0x00007fff856b0000 - 0x00007fff856d5000 	C:\Program Files\Java\jdk-17\bin\java.dll
0x00007fff75370000 - 0x00007fff75447000 	C:\Program Files\Java\jdk-17\bin\jsvml.dll
0x00007ff815aa0000 - 0x00007ff816209000 	C:\Windows\System32\SHELL32.dll
0x00007ff812d70000 - 0x00007ff8135c8000 	C:\Windows\SYSTEM32\windows.storage.dll
0x00007ff8163e0000 - 0x00007ff816755000 	C:\Windows\System32\combase.dll
0x00007ff812c00000 - 0x00007ff812d66000 	C:\Windows\SYSTEM32\wintypes.dll
0x00007ff816db0000 - 0x00007ff816e9a000 	C:\Windows\System32\SHCORE.dll
0x00007ff816a60000 - 0x00007ff816abd000 	C:\Windows\System32\shlwapi.dll
0x00007ff814b10000 - 0x00007ff814b31000 	C:\Windows\SYSTEM32\profapi.dll
0x00007fff85670000 - 0x00007fff85689000 	C:\Program Files\Java\jdk-17\bin\net.dll
0x00007ff80d080000 - 0x00007ff80d18c000 	C:\Windows\SYSTEM32\WINHTTP.dll
0x00007ff8141c0000 - 0x00007ff814227000 	C:\Windows\system32\mswsock.dll
0x00007fff85650000 - 0x00007fff85666000 	C:\Program Files\Java\jdk-17\bin\nio.dll
0x00007fff85690000 - 0x00007fff856a8000 	C:\Program Files\Java\jdk-17\bin\zip.dll
0x00007fff85640000 - 0x00007fff85650000 	C:\Program Files\Java\jdk-17\bin\verify.dll

dbghelp: loaded successfully - version: 4.0.5 - missing functions: none
symbol engine: initialized successfully - sym options: 0x614 - pdb path: .;C:\Program Files\Java\jdk-17\bin;C:\Windows\SYSTEM32;C:\Windows\WinSxS\amd64_microsoft.windows.common-controls_6595b64144ccf1df_6.0.21996.1_none_7d6b053978bcd706;C:\Program Files\Java\jdk-17\bin\server

VM Arguments:
jvm_args: -Xmx64m -Xms64m -Dorg.gradle.appname=gradlew 
java_command: org.gradle.wrapper.GradleWrapperMain app:installDebug -PreactNativeDevServerPort=8081
java_class_path (initial): C:\Sample\AwesomeProject\android\\gradle\wrapper\gradle-wrapper.jar
Launcher Type: SUN_STANDARD

[Global flags]
     intx CICompilerCount                          = 4                                         {product} {ergonomic}
     uint ConcGCThreads                            = 2                                         {product} {ergonomic}
     uint G1ConcRefinementThreads                  = 8                                         {product} {ergonomic}
   size_t G1HeapRegionSize                         = 1048576                                   {product} {ergonomic}
    uintx GCDrainStackTargetSize                   = 64                                        {product} {ergonomic}
   size_t InitialHeapSize                          = 67108864                                  {product} {command line}
   size_t MarkStackSize                            = 4194304                                   {product} {ergonomic}
   size_t MaxHeapSize                              = 67108864                                  {product} {command line}
   size_t MaxNewSize                               = 39845888                                  {product} {ergonomic}
   size_t MinHeapDeltaBytes                        = 1048576                                   {product} {ergonomic}
   size_t MinHeapSize                              = 67108864                                  {product} {command line}
    uintx NonNMethodCodeHeapSize                   = 5839372                                {pd product} {ergonomic}
    uintx NonProfiledCodeHeapSize                  = 122909434                              {pd product} {ergonomic}
    uintx ProfiledCodeHeapSize                     = 122909434                              {pd product} {ergonomic}
    uintx ReservedCodeCacheSize                    = 251658240                              {pd product} {ergonomic}
     bool SegmentedCodeCache                       = true                                      {product} {ergonomic}
   size_t SoftMaxHeapSize                          = 67108864                               {manageable} {ergonomic}
     bool UseCompressedClassPointers               = true                           {product lp64_product} {ergonomic}
     bool UseCompressedOops                        = true                           {product lp64_product} {ergonomic}
     bool UseG1GC                                  = true                                      {product} {ergonomic}
     bool UseLargePagesIndividualAllocation        = false                                  {pd product} {ergonomic}

Logging:
Log output configuration:
 #0: stdout all=warning uptime,level,tags
 #1: stderr all=off uptime,level,tags

Environment Variables:
JAVA_HOME=C:\Program Files\Java\jdk-17
CLASSPATH=C:\Sample\AwesomeProject\android\\gradle\wrapper\gradle-wrapper.jar
PATH=C:\Sample\AwesomeProject\node_modules\.bin;C:\Sample\AwesomeProject\node_modules\.bin;C:\Sample\node_modules\.bin;C:\node_modules\.bin;C:\Users\ADMIN\AppData\Roaming\nvm\v18.20.5\node_modules\npm\node_modules\@npmcli\run-script\lib\node-gyp-bin;C:\Sample\AwesomeProject\node_modules\.bin;C:\Sample\AwesomeProject\node_modules\.bin;C:\Sample\node_modules\.bin;C:\node_modules\.bin;C:\Users\ADMIN\AppData\Roaming\nvm\v18.20.5\node_modules\npm\node_modules\@npmcli\run-script\lib\node-gyp-bin;C:\Program Files\Microsoft\jdk-17.0.10.7-hotspot\bin;C:\Windows\system32;C:\Windows;C:\Windows\System32\Wbem;C:\Windows\System32\WindowsPowerShell\v1.0\;C:\Windows\System32\OpenSSH\;C:\Program Files\Java\jdk-20\bin;C:\flutter\flutter_windows_3.7.11-stable\flutter\bin;C:\Program Files\Git\cmd;C:\Users\ADMIN\AppData\Local\Pub\Cache\bin;C:\mangosh\bin\;C:\ProgramData\chocolatey\bin;C:\Users\ADMIN\AppData\Local\Android\Sdk\platform-tools;C:\Users\ADMIN\AppData\Roaming\nvm;C:\Program Files\nodejs;C:\Program Files\Microsoft SQL Server\150\Tools\Binn\;C:\Program Files\Microsoft SQL Server\Client SDK\ODBC\170\Tools\Binn\;C:\Program Files\dotnet\;C:\Program Files (x86)\Microsoft SQL Server\160\Tools\Binn\;C:\Program Files\Microsoft SQL Server\160\Tools\Binn\;C:\Program Files\Microsoft SQL Server\160\DTS\Binn\;C:\Program Files (x86)\Microsoft SQL Server\160\DTS\Binn\;C:\Program Files\nodejs;C:\Users\ADMIN\AppData\Local\Android\Sdk\tools;C:\Users\ADMIN\AppData\Local\Pub\Cache\bin;C:\Users\ADMIN\AppData\Local\Programs\Microsoft VS Code\bin;C:\Users\ADMIN\AppData\Roaming\npm;C:\Users\ADMIN\AppData\Roaming\nvm;C:\Program Files\nodejs;C:\Users\ADMIN\AppData\Local\Android\Sdk\cmdline-tools\latest\bin;C:\Users\ADMIN\AppData\Local\Android\Sdk;C:\Program Files\Java\jdk-17;C:\Users\ADMIN\.dotnet\tools;
USERNAME=ADMIN
LANG=en_US.UTF-8
OS=Windows_NT
PROCESSOR_IDENTIFIER=Intel64 Family 6 Model 142 Stepping 12, GenuineIntel



---------------  S Y S T E M  ---------------

OS:
 Windows 10 , 64 bit Build 21996 (10.0.21996.1)
OS uptime: 0 days 3:39 hours
Hyper-V role detected

CPU: total 8 (initial active 8) (4 cores per cpu, 2 threads per core) family 6 model 142 stepping 12 microcode 0xde, cx8, cmov, fxsr, ht, mmx, 3dnowpref, sse, sse2, sse3, ssse3, sse4.1, sse4.2, popcnt, lzcnt, tsc, tscinvbit, avx, avx2, aes, erms, clmul, bmi1, bmi2, adx, fma, vzeroupper, clflush, clflushopt, hv

Memory: 4k page, system-wide physical 8013M (173M free)
TotalPageFile size 24862M (AvailPageFile size 2M)
current process WorkingSet (physical memory assigned to process): 75M, peak: 75M
current process commit charge ("private bytes"): 154M, peak: 155M

vm_info: Java HotSpot(TM) 64-Bit Server VM (17.0.10+11-LTS-240) for windows-amd64 JRE (17.0.10+11-LTS-240), built on Dec 19 2023 21:47:25 by "mach5one" with MS VC++ 17.1 (VS2022)

END.
