#
# There is insufficient memory for the Java Runtime Environment to continue.
# Native memory allocation (malloc) failed to allocate 279856 bytes for Chunk::new
# Possible reasons:
#   The system is out of physical RAM or swap space
#   The process is running with CompressedOops enabled, and the Java Heap may be blocking the growth of the native heap
# Possible solutions:
#   Reduce memory load on the system
#   Increase physical memory or swap space
#   Check if swap backing store is full
#   Decrease Java heap size (-Xmx/-Xms)
#   Decrease number of Java threads
#   Decrease Java thread stack sizes (-Xss)
#   Set larger code cache with -XX:ReservedCodeCacheSize=
#   JVM is running with Unscaled Compressed Oops mode in which the Java heap is
#     placed in the first 4GB address space. The Java Heap base address is the
#     maximum limit for the native heap growth. Please use -XX:HeapBaseMinAddress
#     to set the Java Heap base and to place the Java Heap above 4GB virtual address.
# This output file may be truncated or incomplete.
#
#  Out of Memory Error (arena.cpp:189), pid=25164, tid=20184
#
# JRE version: Java(TM) SE Runtime Environment (17.0.10+11) (build 17.0.10+11-LTS-240)
# Java VM: Java HotSpot(TM) 64-Bit Server VM (17.0.10+11-LTS-240, mixed mode, sharing, tiered, compressed oops, compressed class ptrs, g1 gc, windows-amd64)
# No core dump will be written. Minidumps are not enabled by default on client versions of Windows
#

---------------  S U M M A R Y ------------

Command Line: -Xmx64m -Xms64m -Dorg.gradle.appname=gradlew org.gradle.wrapper.GradleWrapperMain app:installDebug -PreactNativeDevServerPort=8081

Host: Intel(R) Core(TM) i5-10210U CPU @ 1.60GHz, 8 cores, 7G,  Windows 10 , 64 bit Build 21996 (10.0.21996.1)
Time: Fri Nov 22 12:21:46 2024 Sri Lanka Standard Time elapsed time: 76.608435 seconds (0d 0h 1m 16s)

---------------  T H R E A D  ---------------

Current thread (0x000001fd7b105790):  JavaThread "C2 CompilerThread0" daemon [_thread_in_native, id=20184, stack(0x000000a08d200000,0x000000a08d300000)]


Current CompileTask:
C2:  76608  907   !   4       jdk.internal.loader.URLClassPath$JarLoader::getResource (354 bytes)

Stack: [0x000000a08d200000,0x000000a08d300000]
Native frames: (J=compiled Java code, j=interpreted, Vv=VM code, C=native code)
V  [jvm.dll+0x677a5a]
V  [jvm.dll+0x7d8b2d]
V  [jvm.dll+0x7da48e]
V  [jvm.dll+0x7daaf3]
V  [jvm.dll+0x2455ff]
V  [jvm.dll+0xaaafb]
V  [jvm.dll+0xab09c]
V  [jvm.dll+0x2aafef]
V  [jvm.dll+0x57fd55]
V  [jvm.dll+0x220472]
V  [jvm.dll+0x219070]
V  [jvm.dll+0x216c79]
V  [jvm.dll+0x1a3410]
V  [jvm.dll+0x226aeb]
V  [jvm.dll+0x224cab]
V  [jvm.dll+0x78e45c]
V  [jvm.dll+0x78888a]
V  [jvm.dll+0x676935]
C  [ucrtbase.dll+0x26c0c]
C  [KERNEL32.DLL+0x154e0]
C  [ntdll.dll+0x485b]


---------------  P R O C E S S  ---------------

Threads class SMR info:
_java_thread_list=0x000001fd04157d90, length=12, elements={
0x000001fd1e9c4a80, 0x000001fd7b0ea490, 0x000001fd7b0ebab0, 0x000001fd7b101a50,
0x000001fd7b102320, 0x000001fd7b103480, 0x000001fd7b103e40, 0x000001fd7b105790,
0x000001fd7b10aa30, 0x000001fd7b11af40, 0x000001fd04189010, 0x000001fd04186ca0
}

Java Threads: ( => current thread )
  0x000001fd1e9c4a80 JavaThread "main" [_thread_in_vm, id=19904, stack(0x000000a08c500000,0x000000a08c600000)]
  0x000001fd7b0ea490 JavaThread "Reference Handler" daemon [_thread_blocked, id=23472, stack(0x000000a08cc00000,0x000000a08cd00000)]
  0x000001fd7b0ebab0 JavaThread "Finalizer" daemon [_thread_blocked, id=20000, stack(0x000000a08cd00000,0x000000a08ce00000)]
  0x000001fd7b101a50 JavaThread "Signal Dispatcher" daemon [_thread_blocked, id=17168, stack(0x000000a08ce00000,0x000000a08cf00000)]
  0x000001fd7b102320 JavaThread "Attach Listener" daemon [_thread_blocked, id=19816, stack(0x000000a08cf00000,0x000000a08d000000)]
  0x000001fd7b103480 JavaThread "Service Thread" daemon [_thread_blocked, id=25992, stack(0x000000a08d000000,0x000000a08d100000)]
  0x000001fd7b103e40 JavaThread "Monitor Deflation Thread" daemon [_thread_blocked, id=27836, stack(0x000000a08d100000,0x000000a08d200000)]
=>0x000001fd7b105790 JavaThread "C2 CompilerThread0" daemon [_thread_in_native, id=20184, stack(0x000000a08d200000,0x000000a08d300000)]
  0x000001fd7b10aa30 JavaThread "C1 CompilerThread0" daemon [_thread_blocked, id=18008, stack(0x000000a08d300000,0x000000a08d400000)]
  0x000001fd7b11af40 JavaThread "Sweeper thread" daemon [_thread_blocked, id=16952, stack(0x000000a08d400000,0x000000a08d500000)]
  0x000001fd04189010 JavaThread "Notification Thread" daemon [_thread_blocked, id=24272, stack(0x000000a08d500000,0x000000a08d600000)]
  0x000001fd04186ca0 JavaThread "Common-Cleaner" daemon [_thread_blocked, id=23600, stack(0x000000a08d700000,0x000000a08d800000)]

Other Threads:
  0x000001fd7b0e30d0 VMThread "VM Thread" [stack: 0x000000a08cb00000,0x000000a08cc00000] [id=22576] _threads_hazard_ptr=0x000001fd04157d90
  0x000001fd0418b830 WatcherThread [stack: 0x000000a08d600000,0x000000a08d700000] [id=25024]
  0x000001fd1e9e70f0 GCTaskThread "GC Thread#0" [stack: 0x000000a08c600000,0x000000a08c700000] [id=28472]
  0x000001fd04290e50 GCTaskThread "GC Thread#1" [stack: 0x000000a08c200000,0x000000a08c300000] [id=25104]
  0x000001fd0474ba50 GCTaskThread "GC Thread#2" [stack: 0x000000a08c300000,0x000000a08c400000] [id=13776]
  0x000001fd04820700 GCTaskThread "GC Thread#3" [stack: 0x000000a08c400000,0x000000a08c500000] [id=7516]
  0x000001fd1e9e8840 ConcurrentGCThread "G1 Main Marker" [stack: 0x000000a08c700000,0x000000a08c800000] [id=28484]
  0x000001fd1e9e9250 ConcurrentGCThread "G1 Conc#0" [stack: 0x000000a08c800000,0x000000a08c900000] [id=28608]
  0x000001fd1ea45e50 ConcurrentGCThread "G1 Refine#0" [stack: 0x000000a08c900000,0x000000a08ca00000] [id=25408]
  0x000001fd1ea47c90 ConcurrentGCThread "G1 Service" [stack: 0x000000a08ca00000,0x000000a08cb00000] [id=17776]

Threads with active compile tasks:
C2 CompilerThread0    79242  907   !   4       jdk.internal.loader.URLClassPath$JarLoader::getResource (354 bytes)

VM state: not at safepoint (normal execution)

VM Mutex/Monitor currently owned by a thread:  ([mutex/lock_event])
[0x000001fd1e9c1660] Metaspace_lock - owner thread: 0x000001fd1e9c4a80

Heap address: 0x00000000fc000000, size: 64 MB, Compressed Oops mode: 32-bit

CDS archive(s) mapped at: [0x000001fd3a000000-0x000001fd3abd0000-0x000001fd3abd0000), size 12386304, SharedBaseAddress: 0x000001fd3a000000, ArchiveRelocationMode: 1.
Compressed class space mapped at: 0x000001fd3b000000-0x000001fd7b000000, reserved size: 1073741824
Narrow klass base: 0x000001fd3a000000, Narrow klass shift: 0, Narrow klass range: 0x100000000

GC Precious Log:
 CPUs: 8 total, 8 available
 Memory: 8013M
 Large Page Support: Disabled
 NUMA Support: Disabled
 Compressed Oops: Enabled (32-bit)
 Heap Region Size: 1M
 Heap Min Capacity: 64M
 Heap Initial Capacity: 64M
 Heap Max Capacity: 64M
 Pre-touch: Disabled
 Parallel Workers: 8
 Concurrent Workers: 2
 Concurrent Refinement Workers: 8
 Periodic GC: Disabled

Heap:
 garbage-first heap   total 65536K, used 20040K [0x00000000fc000000, 0x0000000100000000)
  region size 1024K, 15 young (15360K), 3 survivors (3072K)
 Metaspace       used 4062K, committed 4160K, reserved 1114112K
  class space    used 504K, committed 576K, reserved 1048576K

Heap Regions: E=young(eden), S=young(survivor), O=old, HS=humongous(starts), HC=humongous(continues), CS=collection set, F=free, OA=open archive, CA=closed archive, TAMS=top-at-mark-start (previous, next)
|   0|0x00000000fc000000, 0x00000000fc100000, 0x00000000fc100000|100%| O|  |TAMS 0x00000000fc000000, 0x00000000fc000000| Untracked 
|   1|0x00000000fc100000, 0x00000000fc192200, 0x00000000fc200000| 57%| O|  |TAMS 0x00000000fc100000, 0x00000000fc100000| Untracked 
|   2|0x00000000fc200000, 0x00000000fc300000, 0x00000000fc300000|100%|HS|  |TAMS 0x00000000fc200000, 0x00000000fc200000| Complete 
|   3|0x00000000fc300000, 0x00000000fc400000, 0x00000000fc400000|100%|HC|  |TAMS 0x00000000fc300000, 0x00000000fc300000| Complete 
|   4|0x00000000fc400000, 0x00000000fc500000, 0x00000000fc500000|100%|HC|  |TAMS 0x00000000fc400000, 0x00000000fc400000| Complete 
|   5|0x00000000fc500000, 0x00000000fc600000, 0x00000000fc600000|100%|HC|  |TAMS 0x00000000fc500000, 0x00000000fc500000| Complete 
|   6|0x00000000fc600000, 0x00000000fc600000, 0x00000000fc700000|  0%| F|  |TAMS 0x00000000fc600000, 0x00000000fc600000| Untracked 
|   7|0x00000000fc700000, 0x00000000fc700000, 0x00000000fc800000|  0%| F|  |TAMS 0x00000000fc700000, 0x00000000fc700000| Untracked 
|   8|0x00000000fc800000, 0x00000000fc800000, 0x00000000fc900000|  0%| F|  |TAMS 0x00000000fc800000, 0x00000000fc800000| Untracked 
|   9|0x00000000fc900000, 0x00000000fc900000, 0x00000000fca00000|  0%| F|  |TAMS 0x00000000fc900000, 0x00000000fc900000| Untracked 
|  10|0x00000000fca00000, 0x00000000fca00000, 0x00000000fcb00000|  0%| F|  |TAMS 0x00000000fca00000, 0x00000000fca00000| Untracked 
|  11|0x00000000fcb00000, 0x00000000fcb00000, 0x00000000fcc00000|  0%| F|  |TAMS 0x00000000fcb00000, 0x00000000fcb00000| Untracked 
|  12|0x00000000fcc00000, 0x00000000fcc00000, 0x00000000fcd00000|  0%| F|  |TAMS 0x00000000fcc00000, 0x00000000fcc00000| Untracked 
|  13|0x00000000fcd00000, 0x00000000fcd00000, 0x00000000fce00000|  0%| F|  |TAMS 0x00000000fcd00000, 0x00000000fcd00000| Untracked 
|  14|0x00000000fce00000, 0x00000000fce00000, 0x00000000fcf00000|  0%| F|  |TAMS 0x00000000fce00000, 0x00000000fce00000| Untracked 
|  15|0x00000000fcf00000, 0x00000000fcf00000, 0x00000000fd000000|  0%| F|  |TAMS 0x00000000fcf00000, 0x00000000fcf00000| Untracked 
|  16|0x00000000fd000000, 0x00000000fd000000, 0x00000000fd100000|  0%| F|  |TAMS 0x00000000fd000000, 0x00000000fd000000| Untracked 
|  17|0x00000000fd100000, 0x00000000fd100000, 0x00000000fd200000|  0%| F|  |TAMS 0x00000000fd100000, 0x00000000fd100000| Untracked 
|  18|0x00000000fd200000, 0x00000000fd200000, 0x00000000fd300000|  0%| F|  |TAMS 0x00000000fd200000, 0x00000000fd200000| Untracked 
|  19|0x00000000fd300000, 0x00000000fd300000, 0x00000000fd400000|  0%| F|  |TAMS 0x00000000fd300000, 0x00000000fd300000| Untracked 
|  20|0x00000000fd400000, 0x00000000fd400000, 0x00000000fd500000|  0%| F|  |TAMS 0x00000000fd400000, 0x00000000fd400000| Untracked 
|  21|0x00000000fd500000, 0x00000000fd500000, 0x00000000fd600000|  0%| F|  |TAMS 0x00000000fd500000, 0x00000000fd500000| Untracked 
|  22|0x00000000fd600000, 0x00000000fd600000, 0x00000000fd700000|  0%| F|  |TAMS 0x00000000fd600000, 0x00000000fd600000| Untracked 
|  23|0x00000000fd700000, 0x00000000fd700000, 0x00000000fd800000|  0%| F|  |TAMS 0x00000000fd700000, 0x00000000fd700000| Untracked 
|  24|0x00000000fd800000, 0x00000000fd800000, 0x00000000fd900000|  0%| F|  |TAMS 0x00000000fd800000, 0x00000000fd800000| Untracked 
|  25|0x00000000fd900000, 0x00000000fd900000, 0x00000000fda00000|  0%| F|  |TAMS 0x00000000fd900000, 0x00000000fd900000| Untracked 
|  26|0x00000000fda00000, 0x00000000fda00000, 0x00000000fdb00000|  0%| F|  |TAMS 0x00000000fda00000, 0x00000000fda00000| Untracked 
|  27|0x00000000fdb00000, 0x00000000fdb00000, 0x00000000fdc00000|  0%| F|  |TAMS 0x00000000fdb00000, 0x00000000fdb00000| Untracked 
|  28|0x00000000fdc00000, 0x00000000fdc00000, 0x00000000fdd00000|  0%| F|  |TAMS 0x00000000fdc00000, 0x00000000fdc00000| Untracked 
|  29|0x00000000fdd00000, 0x00000000fdd00000, 0x00000000fde00000|  0%| F|  |TAMS 0x00000000fdd00000, 0x00000000fdd00000| Untracked 
|  30|0x00000000fde00000, 0x00000000fde00000, 0x00000000fdf00000|  0%| F|  |TAMS 0x00000000fde00000, 0x00000000fde00000| Untracked 
|  31|0x00000000fdf00000, 0x00000000fdf00000, 0x00000000fe000000|  0%| F|  |TAMS 0x00000000fdf00000, 0x00000000fdf00000| Untracked 
|  32|0x00000000fe000000, 0x00000000fe000000, 0x00000000fe100000|  0%| F|  |TAMS 0x00000000fe000000, 0x00000000fe000000| Untracked 
|  33|0x00000000fe100000, 0x00000000fe100000, 0x00000000fe200000|  0%| F|  |TAMS 0x00000000fe100000, 0x00000000fe100000| Untracked 
|  34|0x00000000fe200000, 0x00000000fe200000, 0x00000000fe300000|  0%| F|  |TAMS 0x00000000fe200000, 0x00000000fe200000| Untracked 
|  35|0x00000000fe300000, 0x00000000fe300000, 0x00000000fe400000|  0%| F|  |TAMS 0x00000000fe300000, 0x00000000fe300000| Untracked 
|  36|0x00000000fe400000, 0x00000000fe400000, 0x00000000fe500000|  0%| F|  |TAMS 0x00000000fe400000, 0x00000000fe400000| Untracked 
|  37|0x00000000fe500000, 0x00000000fe500000, 0x00000000fe600000|  0%| F|  |TAMS 0x00000000fe500000, 0x00000000fe500000| Untracked 
|  38|0x00000000fe600000, 0x00000000fe700000, 0x00000000fe700000|100%| S|CS|TAMS 0x00000000fe600000, 0x00000000fe600000| Complete 
|  39|0x00000000fe700000, 0x00000000fe800000, 0x00000000fe800000|100%| S|CS|TAMS 0x00000000fe700000, 0x00000000fe700000| Complete 
|  40|0x00000000fe800000, 0x00000000fe900000, 0x00000000fe900000|100%| S|CS|TAMS 0x00000000fe800000, 0x00000000fe800000| Complete 
|  41|0x00000000fe900000, 0x00000000fe900000, 0x00000000fea00000|  0%| F|  |TAMS 0x00000000fe900000, 0x00000000fe900000| Untracked 
|  42|0x00000000fea00000, 0x00000000fea00000, 0x00000000feb00000|  0%| F|  |TAMS 0x00000000fea00000, 0x00000000fea00000| Untracked 
|  43|0x00000000feb00000, 0x00000000feb00000, 0x00000000fec00000|  0%| F|  |TAMS 0x00000000feb00000, 0x00000000feb00000| Untracked 
|  44|0x00000000fec00000, 0x00000000fec00000, 0x00000000fed00000|  0%| F|  |TAMS 0x00000000fec00000, 0x00000000fec00000| Untracked 
|  45|0x00000000fed00000, 0x00000000fed00000, 0x00000000fee00000|  0%| F|  |TAMS 0x00000000fed00000, 0x00000000fed00000| Untracked 
|  46|0x00000000fee00000, 0x00000000fee00000, 0x00000000fef00000|  0%| F|  |TAMS 0x00000000fee00000, 0x00000000fee00000| Untracked 
|  47|0x00000000fef00000, 0x00000000fef00000, 0x00000000ff000000|  0%| F|  |TAMS 0x00000000fef00000, 0x00000000fef00000| Untracked 
|  48|0x00000000ff000000, 0x00000000ff000000, 0x00000000ff100000|  0%| F|  |TAMS 0x00000000ff000000, 0x00000000ff000000| Untracked 
|  49|0x00000000ff100000, 0x00000000ff100000, 0x00000000ff200000|  0%| F|  |TAMS 0x00000000ff100000, 0x00000000ff100000| Untracked 
|  50|0x00000000ff200000, 0x00000000ff200000, 0x00000000ff300000|  0%| F|  |TAMS 0x00000000ff200000, 0x00000000ff200000| Untracked 
|  51|0x00000000ff300000, 0x00000000ff300000, 0x00000000ff400000|  0%| F|  |TAMS 0x00000000ff300000, 0x00000000ff300000| Untracked 
|  52|0x00000000ff400000, 0x00000000ff480800, 0x00000000ff500000| 50%| E|  |TAMS 0x00000000ff400000, 0x00000000ff400000| Complete 
|  53|0x00000000ff500000, 0x00000000ff600000, 0x00000000ff600000|100%| E|CS|TAMS 0x00000000ff500000, 0x00000000ff500000| Complete 
|  54|0x00000000ff600000, 0x00000000ff700000, 0x00000000ff700000|100%| E|CS|TAMS 0x00000000ff600000, 0x00000000ff600000| Complete 
|  55|0x00000000ff700000, 0x00000000ff800000, 0x00000000ff800000|100%| E|CS|TAMS 0x00000000ff700000, 0x00000000ff700000| Complete 
|  56|0x00000000ff800000, 0x00000000ff900000, 0x00000000ff900000|100%| E|CS|TAMS 0x00000000ff800000, 0x00000000ff800000| Complete 
|  57|0x00000000ff900000, 0x00000000ffa00000, 0x00000000ffa00000|100%| E|CS|TAMS 0x00000000ff900000, 0x00000000ff900000| Complete 
|  58|0x00000000ffa00000, 0x00000000ffb00000, 0x00000000ffb00000|100%| E|CS|TAMS 0x00000000ffa00000, 0x00000000ffa00000| Complete 
|  59|0x00000000ffb00000, 0x00000000ffc00000, 0x00000000ffc00000|100%| E|CS|TAMS 0x00000000ffb00000, 0x00000000ffb00000| Complete 
|  60|0x00000000ffc00000, 0x00000000ffd00000, 0x00000000ffd00000|100%| E|CS|TAMS 0x00000000ffc00000, 0x00000000ffc00000| Complete 
|  61|0x00000000ffd00000, 0x00000000ffe00000, 0x00000000ffe00000|100%| E|CS|TAMS 0x00000000ffd00000, 0x00000000ffd00000| Complete 
|  62|0x00000000ffe00000, 0x00000000fff00000, 0x00000000fff00000|100%| E|CS|TAMS 0x00000000ffe00000, 0x00000000ffe00000| Complete 
|  63|0x00000000fff00000, 0x0000000100000000, 0x0000000100000000|100%| E|CS|TAMS 0x00000000fff00000, 0x00000000fff00000| Complete 

Card table byte_map: [0x000001fd374f0000,0x000001fd37510000] _byte_map_base: 0x000001fd36d10000

Marking Bits (Prev, Next): (CMBitMap*) 0x000001fd1e9e7710, (CMBitMap*) 0x000001fd1e9e7750
 Prev Bits: [0x000001fd37530000, 0x000001fd37630000)
 Next Bits: [0x000001fd37630000, 0x000001fd37730000)

Polling page: 0x000001fd1eaa0000

Metaspace:

Usage:
  Non-class:      3.47 MB used.
      Class:    504.78 KB used.
       Both:      3.97 MB used.

Virtual space:
  Non-class space:       64.00 MB reserved,       3.50 MB (  5%) committed,  1 nodes.
      Class space:        1.00 GB reserved,     576.00 KB ( <1%) committed,  1 nodes.
             Both:        1.06 GB reserved,       4.06 MB ( <1%) committed. 

Chunk freelists:
   Non-Class:  10.48 MB
       Class:  15.41 MB
        Both:  25.89 MB

MaxMetaspaceSize: unlimited
CompressedClassSpaceSize: 1.00 GB
Initial GC threshold: 21.00 MB
Current GC threshold: 21.00 MB
CDS: on
MetaspaceReclaimPolicy: balanced
 - commit_granule_bytes: 65536.
 - commit_granule_words: 8192.
 - virtual_space_node_default_size: 8388608.
 - enlarge_chunks_in_place: 1.
 - new_chunks_are_fully_committed: 0.
 - uncommit_free_chunks: 1.
 - use_allocation_guard: 0.
 - handle_deallocations: 1.


Internal statistics:

num_allocs_failed_limit: 0.
num_arena_births: 42.
num_arena_deaths: 0.
num_vsnodes_births: 2.
num_vsnodes_deaths: 0.
num_space_committed: 65.
num_space_uncommitted: 0.
num_chunks_returned_to_freelist: 0.
num_chunks_taken_from_freelist: 137.
num_chunk_merges: 0.
num_chunk_splits: 91.
num_chunks_enlarged: 76.
num_inconsistent_stats: 0.

CodeHeap 'non-profiled nmethods': size=120000Kb used=419Kb max_used=419Kb free=119580Kb
 bounds [0x000001fd2f520000, 0x000001fd2f790000, 0x000001fd36a50000]
CodeHeap 'profiled nmethods': size=120000Kb used=1879Kb max_used=1879Kb free=118120Kb
 bounds [0x000001fd27a50000, 0x000001fd27cc0000, 0x000001fd2ef80000]
CodeHeap 'non-nmethods': size=5760Kb used=1131Kb max_used=1154Kb free=4628Kb
 bounds [0x000001fd2ef80000, 0x000001fd2f1f0000, 0x000001fd2f520000]
 total_blobs=1380 nmethods=964 adapters=329
 compilation: enabled
              stopped_count=0, restarted_count=0
 full_count=0

Compilation events (20 events):
Event: 68.838 Thread 0x000001fd7b10aa30 nmethod 895 0x000001fd27c03090 code [0x000001fd27c03220, 0x000001fd27c03368]
Event: 68.838 Thread 0x000001fd7b10aa30  894       3       jdk.internal.org.objectweb.asm.ByteVector::put122 (93 bytes)
Event: 68.839 Thread 0x000001fd7b10aa30 nmethod 894 0x000001fd27c03410 code [0x000001fd27c035c0, 0x000001fd27c03848]
Event: 68.844 Thread 0x000001fd7b10aa30  899       3       java.net.URLClassLoader::isSealed (72 bytes)
Event: 68.847 Thread 0x000001fd7b10aa30 nmethod 899 0x000001fd27c03a10 code [0x000001fd27c03e20, 0x000001fd27c059c8]
Event: 68.847 Thread 0x000001fd7b10aa30  900       3       java.lang.Character::isWhitespace (5 bytes)
Event: 68.847 Thread 0x000001fd7b10aa30 nmethod 900 0x000001fd27c06490 code [0x000001fd27c06640, 0x000001fd27c06898]
Event: 68.847 Thread 0x000001fd7b10aa30  901       3       java.lang.Character::isWhitespace (9 bytes)
Event: 68.847 Thread 0x000001fd7b10aa30 nmethod 901 0x000001fd27c06990 code [0x000001fd27c06b40, 0x000001fd27c06d38]
Event: 68.848 Thread 0x000001fd7b10aa30  902       3       java.lang.CharacterDataLatin1::isWhitespace (23 bytes)
Event: 68.848 Thread 0x000001fd7b10aa30 nmethod 902 0x000001fd27c06e10 code [0x000001fd27c06fc0, 0x000001fd27c071d8]
Event: 68.905 Thread 0x000001fd7b10aa30  903       1       jdk.internal.jimage.ImageHeader::getTableLength (5 bytes)
Event: 68.905 Thread 0x000001fd7b105790  904       4       java.nio.DirectByteBuffer::ix (10 bytes)
Event: 68.911 Thread 0x000001fd7b10aa30 nmethod 903 0x000001fd2f586090 code [0x000001fd2f586220, 0x000001fd2f5862f8]
Event: 68.913 Thread 0x000001fd7b10aa30  905   !   3       java.nio.DirectIntBufferU::get (34 bytes)
Event: 68.916 Thread 0x000001fd7b105790 nmethod 904 0x000001fd2f586390 code [0x000001fd2f586500, 0x000001fd2f586578]
Event: 68.917 Thread 0x000001fd7b10aa30 nmethod 905 0x000001fd27c07310 code [0x000001fd27c07540, 0x000001fd27c07d78]
Event: 68.917 Thread 0x000001fd7b10aa30  906       3       java.nio.DirectIntBufferU::ix (10 bytes)
Event: 68.917 Thread 0x000001fd7b10aa30 nmethod 906 0x000001fd27c08210 code [0x000001fd27c083a0, 0x000001fd27c084b8]
Event: 68.917 Thread 0x000001fd7b105790  907   !   4       jdk.internal.loader.URLClassPath$JarLoader::getResource (354 bytes)

GC Heap History (2 events):
Event: 63.319 GC heap before
{Heap before GC invocations=0 (full 0):
 garbage-first heap   total 65536K, used 22528K [0x00000000fc000000, 0x0000000100000000)
  region size 1024K, 23 young (23552K), 0 survivors (0K)
 Metaspace       used 1832K, committed 1920K, reserved 1114112K
  class space    used 158K, committed 192K, reserved 1048576K
}
Event: 63.325 GC heap after
{Heap after GC invocations=1 (full 0):
 garbage-first heap   total 65536K, used 4680K [0x00000000fc000000, 0x0000000100000000)
  region size 1024K, 3 young (3072K), 3 survivors (3072K)
 Metaspace       used 1832K, committed 1920K, reserved 1114112K
  class space    used 158K, committed 192K, reserved 1048576K
}

Deoptimization events (20 events):
Event: 68.632 Thread 0x000001fd1e9c4a80 Uncommon trap: trap_request=0xffffff45 fr.pc=0x000001fd2f53df44 relative=0x00000000000001a4
Event: 68.632 Thread 0x000001fd1e9c4a80 Uncommon trap: reason=unstable_if action=reinterpret pc=0x000001fd2f53df44 method=java.util.regex.Matcher.reset()Ljava/util/regex/Matcher; @ 47 c2
Event: 68.632 Thread 0x000001fd1e9c4a80 DEOPT PACKING pc=0x000001fd2f53df44 sp=0x000000a08c5fde90
Event: 68.632 Thread 0x000001fd1e9c4a80 DEOPT UNPACKING pc=0x000001fd2efd23a3 sp=0x000000a08c5fde18 mode 2
Event: 68.632 Thread 0x000001fd1e9c4a80 Uncommon trap: trap_request=0xffffffde fr.pc=0x000001fd2f53e63c relative=0x000000000000031c
Event: 68.632 Thread 0x000001fd1e9c4a80 Uncommon trap: reason=class_check action=maybe_recompile pc=0x000001fd2f53e63c method=java.util.regex.Matcher.match(II)Z @ 121 c2
Event: 68.632 Thread 0x000001fd1e9c4a80 DEOPT PACKING pc=0x000001fd2f53e63c sp=0x000000a08c5fdef0
Event: 68.632 Thread 0x000001fd1e9c4a80 DEOPT UNPACKING pc=0x000001fd2efd23a3 sp=0x000000a08c5fde88 mode 2
Event: 68.632 Thread 0x000001fd1e9c4a80 Uncommon trap: trap_request=0xffffffde fr.pc=0x000001fd2f53e63c relative=0x000000000000031c
Event: 68.632 Thread 0x000001fd1e9c4a80 Uncommon trap: reason=class_check action=maybe_recompile pc=0x000001fd2f53e63c method=java.util.regex.Matcher.match(II)Z @ 121 c2
Event: 68.632 Thread 0x000001fd1e9c4a80 DEOPT PACKING pc=0x000001fd2f53e63c sp=0x000000a08c5fdef0
Event: 68.632 Thread 0x000001fd1e9c4a80 DEOPT UNPACKING pc=0x000001fd2efd23a3 sp=0x000000a08c5fde88 mode 2
Event: 68.633 Thread 0x000001fd1e9c4a80 Uncommon trap: trap_request=0xffffffde fr.pc=0x000001fd2f53e63c relative=0x000000000000031c
Event: 68.633 Thread 0x000001fd1e9c4a80 Uncommon trap: reason=class_check action=maybe_recompile pc=0x000001fd2f53e63c method=java.util.regex.Matcher.match(II)Z @ 121 c2
Event: 68.633 Thread 0x000001fd1e9c4a80 DEOPT PACKING pc=0x000001fd2f53e63c sp=0x000000a08c5fdd70
Event: 68.633 Thread 0x000001fd1e9c4a80 DEOPT UNPACKING pc=0x000001fd2efd23a3 sp=0x000000a08c5fdd08 mode 2
Event: 68.633 Thread 0x000001fd1e9c4a80 Uncommon trap: trap_request=0xffffffde fr.pc=0x000001fd2f53e63c relative=0x000000000000031c
Event: 68.633 Thread 0x000001fd1e9c4a80 Uncommon trap: reason=class_check action=maybe_recompile pc=0x000001fd2f53e63c method=java.util.regex.Matcher.match(II)Z @ 121 c2
Event: 68.633 Thread 0x000001fd1e9c4a80 DEOPT PACKING pc=0x000001fd2f53e63c sp=0x000000a08c5fdd70
Event: 68.633 Thread 0x000001fd1e9c4a80 DEOPT UNPACKING pc=0x000001fd2efd23a3 sp=0x000000a08c5fdd08 mode 2

Classes unloaded (0 events):
No events

Classes redefined (0 events):
No events

Internal exceptions (2 events):
Event: 18.324 Thread 0x000001fd1e9c4a80 Exception <a 'java/lang/NoSuchMethodError'{0x00000000ffdd4a28}: 'int java.lang.invoke.DirectMethodHandle$Holder.invokeStaticInit(java.lang.Object, java.lang.Object)'> (0x00000000ffdd4a28) 
thrown [s\open\src\hotspot\share\interpreter\linkResolver.cpp, line 759]
Event: 68.655 Thread 0x000001fd1e9c4a80 Exception <a 'java/lang/NoSuchMethodError'{0x00000000ff684168}: 'void java.lang.invoke.DirectMethodHandle$Holder.invokeStatic(java.lang.Object, java.lang.Object)'> (0x00000000ff684168) 
thrown [s\open\src\hotspot\share\interpreter\linkResolver.cpp, line 759]

VM Operations (20 events):
Event: 59.900 Executing VM operation: Cleanup
Event: 59.900 Executing VM operation: Cleanup done
Event: 60.910 Executing VM operation: Cleanup
Event: 60.910 Executing VM operation: Cleanup done
Event: 61.922 Executing VM operation: Cleanup
Event: 61.922 Executing VM operation: Cleanup done
Event: 62.934 Executing VM operation: Cleanup
Event: 62.935 Executing VM operation: Cleanup done
Event: 63.319 Executing VM operation: G1CollectForAllocation
Event: 63.325 Executing VM operation: G1CollectForAllocation done
Event: 64.328 Executing VM operation: Cleanup
Event: 64.328 Executing VM operation: Cleanup done
Event: 66.362 Executing VM operation: Cleanup
Event: 66.363 Executing VM operation: Cleanup done
Event: 67.374 Executing VM operation: Cleanup
Event: 67.375 Executing VM operation: Cleanup done
Event: 68.384 Executing VM operation: Cleanup
Event: 68.384 Executing VM operation: Cleanup done
Event: 69.394 Executing VM operation: Cleanup
Event: 69.394 Executing VM operation: Cleanup done

Events (20 events):
Event: 68.884 loading class java/util/concurrent/BlockingQueue done
Event: 68.885 loading class java/util/concurrent/LinkedBlockingQueue done
Event: 68.885 loading class java/util/concurrent/locks/AbstractQueuedSynchronizer$ConditionObject
Event: 68.888 loading class java/util/concurrent/locks/Condition
Event: 68.890 loading class java/util/concurrent/locks/Condition done
Event: 68.890 loading class java/util/concurrent/locks/AbstractQueuedSynchronizer$ConditionObject done
Event: 68.890 loading class java/util/concurrent/LinkedBlockingQueue$Node
Event: 68.891 loading class java/util/concurrent/LinkedBlockingQueue$Node done
Event: 68.902 loading class java/lang/SecurityException
Event: 68.902 loading class java/lang/SecurityException done
Event: 68.905 loading class java/net/URLClassLoader$3
Event: 68.910 loading class java/net/URLClassLoader$3 done
Event: 68.912 loading class java/net/URLClassLoader$3$1
Event: 68.913 loading class java/net/URLClassLoader$3$1 done
Event: 68.923 loading class java/util/MissingResourceException
Event: 68.923 loading class java/util/MissingResourceException done
Event: 68.924 loading class java/util/logging/ErrorManager
Event: 68.924 loading class java/util/logging/ErrorManager done
Event: 70.947 loading class java/io/StringWriter
Event: 70.948 loading class java/io/StringWriter done


Dynamic libraries:
0x00007ff6c2310000 - 0x00007ff6c2320000 	C:\Program Files\Java\jdk-17\bin\java.exe
0x00007ff8176c0000 - 0x00007ff8178c7000 	C:\Windows\SYSTEM32\ntdll.dll
0x00007ff816f10000 - 0x00007ff816fcd000 	C:\Windows\System32\KERNEL32.DLL
0x00007ff814e00000 - 0x00007ff815172000 	C:\Windows\System32\KERNELBASE.dll
0x00007ff815180000 - 0x00007ff815291000 	C:\Windows\System32\ucrtbase.dll
0x00007fffbeb30000 - 0x00007fffbeb4b000 	C:\Program Files\Java\jdk-17\bin\VCRUNTIME140.dll
0x00007fffbeb50000 - 0x00007fffbeb69000 	C:\Program Files\Java\jdk-17\bin\jli.dll
0x00007ff8175d0000 - 0x00007ff81767c000 	C:\Windows\System32\ADVAPI32.dll
0x00007ff816b90000 - 0x00007ff816c33000 	C:\Windows\System32\msvcrt.dll
0x00007ff8169c0000 - 0x00007ff816a5d000 	C:\Windows\System32\sechost.dll
0x00007ff816880000 - 0x00007ff8169a1000 	C:\Windows\System32\RPCRT4.dll
0x00007ff816230000 - 0x00007ff8163dc000 	C:\Windows\System32\USER32.dll
0x00007ff814d50000 - 0x00007ff814d76000 	C:\Windows\System32\win32u.dll
0x00007ff816b40000 - 0x00007ff816b69000 	C:\Windows\System32\GDI32.dll
0x00007ff815470000 - 0x00007ff815582000 	C:\Windows\System32\gdi32full.dll
0x00007ff8153d0000 - 0x00007ff81546d000 	C:\Windows\System32\msvcp_win.dll
0x00007ffff92b0000 - 0x00007ffff9555000 	C:\Windows\WinSxS\amd64_microsoft.windows.common-controls_6595b64144ccf1df_6.0.21996.1_none_7d6b053978bcd706\COMCTL32.dll
0x00007ff80c6a0000 - 0x00007ff80c6aa000 	C:\Windows\SYSTEM32\VERSION.dll
0x00007ff816d70000 - 0x00007ff816da1000 	C:\Windows\System32\IMM32.DLL
0x00007fffbeb20000 - 0x00007fffbeb2c000 	C:\Program Files\Java\jdk-17\bin\vcruntime140_1.dll
0x00007fff85710000 - 0x00007fff8579e000 	C:\Program Files\Java\jdk-17\bin\msvcp140.dll
0x00007fff75450000 - 0x00007fff7602f000 	C:\Program Files\Java\jdk-17\bin\server\jvm.dll
0x00007ff80b3b0000 - 0x00007ff80b3e3000 	C:\Windows\SYSTEM32\WINMM.dll
0x00007ff816ea0000 - 0x00007ff816ea8000 	C:\Windows\System32\PSAPI.DLL
0x00007fff85700000 - 0x00007fff85709000 	C:\Windows\SYSTEM32\WSOCK32.dll
0x00007ff816810000 - 0x00007ff81687f000 	C:\Windows\System32\WS2_32.dll
0x00007ff813dc0000 - 0x00007ff813dd7000 	C:\Windows\SYSTEM32\kernel.appcore.dll
0x00007fff856f0000 - 0x00007fff856fa000 	C:\Program Files\Java\jdk-17\bin\jimage.dll
0x00007ff80cce0000 - 0x00007ff80cf01000 	C:\Windows\SYSTEM32\DBGHELP.DLL
0x00007fffff0b0000 - 0x00007fffff0e1000 	C:\Windows\SYSTEM32\dbgcore.DLL
0x00007ff814d80000 - 0x00007ff814e00000 	C:\Windows\System32\bcryptPrimitives.dll
0x00007fff856b0000 - 0x00007fff856d5000 	C:\Program Files\Java\jdk-17\bin\java.dll
0x00007fff75370000 - 0x00007fff75447000 	C:\Program Files\Java\jdk-17\bin\jsvml.dll
0x00007ff815aa0000 - 0x00007ff816209000 	C:\Windows\System32\SHELL32.dll
0x00007ff812d70000 - 0x00007ff8135c8000 	C:\Windows\SYSTEM32\windows.storage.dll
0x00007ff8163e0000 - 0x00007ff816755000 	C:\Windows\System32\combase.dll
0x00007ff812c00000 - 0x00007ff812d66000 	C:\Windows\SYSTEM32\wintypes.dll
0x00007ff816db0000 - 0x00007ff816e9a000 	C:\Windows\System32\SHCORE.dll
0x00007ff816a60000 - 0x00007ff816abd000 	C:\Windows\System32\shlwapi.dll
0x00007ff814b10000 - 0x00007ff814b31000 	C:\Windows\SYSTEM32\profapi.dll
0x00007fff85670000 - 0x00007fff85689000 	C:\Program Files\Java\jdk-17\bin\net.dll
0x00007ff80d080000 - 0x00007ff80d18c000 	C:\Windows\SYSTEM32\WINHTTP.dll
0x00007ff8141c0000 - 0x00007ff814227000 	C:\Windows\system32\mswsock.dll
0x00007fff85650000 - 0x00007fff85666000 	C:\Program Files\Java\jdk-17\bin\nio.dll
0x00007fff85690000 - 0x00007fff856a8000 	C:\Program Files\Java\jdk-17\bin\zip.dll
0x00007fff85640000 - 0x00007fff85650000 	C:\Program Files\Java\jdk-17\bin\verify.dll

dbghelp: loaded successfully - version: 4.0.5 - missing functions: none
symbol engine: initialized successfully - sym options: 0x614 - pdb path: .;C:\Program Files\Java\jdk-17\bin;C:\Windows\SYSTEM32;C:\Windows\WinSxS\amd64_microsoft.windows.common-controls_6595b64144ccf1df_6.0.21996.1_none_7d6b053978bcd706;C:\Program Files\Java\jdk-17\bin\server

VM Arguments:
jvm_args: -Xmx64m -Xms64m -Dorg.gradle.appname=gradlew 
java_command: org.gradle.wrapper.GradleWrapperMain app:installDebug -PreactNativeDevServerPort=8081
java_class_path (initial): C:\Sample\AwesomeProject\android\\gradle\wrapper\gradle-wrapper.jar
Launcher Type: SUN_STANDARD

[Global flags]
     intx CICompilerCount                          = 4                                         {product} {ergonomic}
     uint ConcGCThreads                            = 2                                         {product} {ergonomic}
     uint G1ConcRefinementThreads                  = 8                                         {product} {ergonomic}
   size_t G1HeapRegionSize                         = 1048576                                   {product} {ergonomic}
    uintx GCDrainStackTargetSize                   = 64                                        {product} {ergonomic}
   size_t InitialHeapSize                          = 67108864                                  {product} {command line}
   size_t MarkStackSize                            = 4194304                                   {product} {ergonomic}
   size_t MaxHeapSize                              = 67108864                                  {product} {command line}
   size_t MaxNewSize                               = 39845888                                  {product} {ergonomic}
   size_t MinHeapDeltaBytes                        = 1048576                                   {product} {ergonomic}
   size_t MinHeapSize                              = 67108864                                  {product} {command line}
    uintx NonNMethodCodeHeapSize                   = 5839372                                {pd product} {ergonomic}
    uintx NonProfiledCodeHeapSize                  = 122909434                              {pd product} {ergonomic}
    uintx ProfiledCodeHeapSize                     = 122909434                              {pd product} {ergonomic}
    uintx ReservedCodeCacheSize                    = 251658240                              {pd product} {ergonomic}
     bool SegmentedCodeCache                       = true                                      {product} {ergonomic}
   size_t SoftMaxHeapSize                          = 67108864                               {manageable} {ergonomic}
     bool UseCompressedClassPointers               = true                           {product lp64_product} {ergonomic}
     bool UseCompressedOops                        = true                           {product lp64_product} {ergonomic}
     bool UseG1GC                                  = true                                      {product} {ergonomic}
     bool UseLargePagesIndividualAllocation        = false                                  {pd product} {ergonomic}

Logging:
Log output configuration:
 #0: stdout all=warning uptime,level,tags
 #1: stderr all=off uptime,level,tags

Environment Variables:
JAVA_HOME=C:\Program Files\Java\jdk-17
CLASSPATH=C:\Sample\AwesomeProject\android\\gradle\wrapper\gradle-wrapper.jar
PATH=C:\Sample\AwesomeProject\node_modules\.bin;C:\Sample\AwesomeProject\node_modules\.bin;C:\Sample\node_modules\.bin;C:\node_modules\.bin;C:\Users\ADMIN\AppData\Roaming\nvm\v18.20.5\node_modules\npm\node_modules\@npmcli\run-script\lib\node-gyp-bin;C:\Sample\AwesomeProject\node_modules\.bin;C:\Sample\AwesomeProject\node_modules\.bin;C:\Sample\node_modules\.bin;C:\node_modules\.bin;C:\Users\ADMIN\AppData\Roaming\nvm\v18.20.5\node_modules\npm\node_modules\@npmcli\run-script\lib\node-gyp-bin;C:\Program Files\Microsoft\jdk-17.0.10.7-hotspot\bin;C:\Windows\system32;C:\Windows;C:\Windows\System32\Wbem;C:\Windows\System32\WindowsPowerShell\v1.0\;C:\Windows\System32\OpenSSH\;C:\Program Files\Java\jdk-20\bin;C:\flutter\flutter_windows_3.7.11-stable\flutter\bin;C:\Program Files\Git\cmd;C:\Users\ADMIN\AppData\Local\Pub\Cache\bin;C:\mangosh\bin\;C:\ProgramData\chocolatey\bin;C:\Users\ADMIN\AppData\Local\Android\Sdk\platform-tools;C:\Users\ADMIN\AppData\Roaming\nvm;C:\Program Files\nodejs;C:\Program Files\Microsoft SQL Server\150\Tools\Binn\;C:\Program Files\Microsoft SQL Server\Client SDK\ODBC\170\Tools\Binn\;C:\Program Files\dotnet\;C:\Program Files (x86)\Microsoft SQL Server\160\Tools\Binn\;C:\Program Files\Microsoft SQL Server\160\Tools\Binn\;C:\Program Files\Microsoft SQL Server\160\DTS\Binn\;C:\Program Files (x86)\Microsoft SQL Server\160\DTS\Binn\;C:\Program Files\nodejs;C:\Users\ADMIN\AppData\Local\Android\Sdk\tools;C:\Users\ADMIN\AppData\Local\Pub\Cache\bin;C:\Users\ADMIN\AppData\Local\Programs\Microsoft VS Code\bin;C:\Users\ADMIN\AppData\Roaming\npm;C:\Users\ADMIN\AppData\Roaming\nvm;C:\Program Files\nodejs;C:\Users\ADMIN\AppData\Local\Android\Sdk\cmdline-tools\latest\bin;C:\Users\ADMIN\AppData\Local\Android\Sdk;C:\Program Files\Java\jdk-17;C:\Users\ADMIN\.dotnet\tools;
USERNAME=ADMIN
LANG=en_US.UTF-8
OS=Windows_NT
PROCESSOR_IDENTIFIER=Intel64 Family 6 Model 142 Stepping 12, GenuineIntel



---------------  S Y S T E M  ---------------

OS:
 Windows 10 , 64 bit Build 21996 (10.0.21996.1)
OS uptime: 0 days 3:39 hours
Hyper-V role detected

CPU: total 8 (initial active 8) (4 cores per cpu, 2 threads per core) family 6 model 142 stepping 12 microcode 0xde, cx8, cmov, fxsr, ht, mmx, 3dnowpref, sse, sse2, sse3, ssse3, sse4.1, sse4.2, popcnt, lzcnt, tsc, tscinvbit, avx, avx2, aes, erms, clmul, bmi1, bmi2, adx, fma, vzeroupper, clflush, clflushopt, hv

Memory: 4k page, system-wide physical 8013M (256M free)
TotalPageFile size 24862M (AvailPageFile size 0M)
current process WorkingSet (physical memory assigned to process): 76M, peak: 77M
current process commit charge ("private bytes"): 157M, peak: 158M

vm_info: Java HotSpot(TM) 64-Bit Server VM (17.0.10+11-LTS-240) for windows-amd64 JRE (17.0.10+11-LTS-240), built on Dec 19 2023 21:47:25 by "mach5one" with MS VC++ 17.1 (VS2022)

END.
