#
# There is insufficient memory for the Java Runtime Environment to continue.
# Native memory allocation (malloc) failed to allocate 296416 bytes for Chunk::new
# Possible reasons:
#   The system is out of physical RAM or swap space
#   The process is running with CompressedOops enabled, and the Java Heap may be blocking the growth of the native heap
# Possible solutions:
#   Reduce memory load on the system
#   Increase physical memory or swap space
#   Check if swap backing store is full
#   Decrease Java heap size (-Xmx/-Xms)
#   Decrease number of Java threads
#   Decrease Java thread stack sizes (-Xss)
#   Set larger code cache with -XX:ReservedCodeCacheSize=
#   JVM is running with Unscaled Compressed Oops mode in which the Java heap is
#     placed in the first 4GB address space. The Java Heap base address is the
#     maximum limit for the native heap growth. Please use -XX:HeapBaseMinAddress
#     to set the Java Heap base and to place the Java Heap above 4GB virtual address.
# This output file may be truncated or incomplete.
#
#  Out of Memory Error (arena.cpp:189), pid=21676, tid=16176
#
# JRE version: Java(TM) SE Runtime Environment (17.0.10+11) (build 17.0.10+11-LTS-240)
# Java VM: Java HotSpot(TM) 64-Bit Server VM (17.0.10+11-LTS-240, mixed mode, sharing, tiered, compressed oops, compressed class ptrs, g1 gc, windows-amd64)
# No core dump will be written. Minidumps are not enabled by default on client versions of Windows
#

---------------  S U M M A R Y ------------

Command Line: -Xmx64m -Xms64m -Dorg.gradle.appname=gradlew org.gradle.wrapper.GradleWrapperMain app:installDebug -PreactNativeDevServerPort=8081

Host: Intel(R) Core(TM) i5-10210U CPU @ 1.60GHz, 8 cores, 7G,  Windows 10 , 64 bit Build 21996 (10.0.21996.1)
Time: Fri Nov 22 12:21:52 2024 Sri Lanka Standard Time elapsed time: 79.220437 seconds (0d 0h 1m 19s)

---------------  T H R E A D  ---------------

Current thread (0x000002179f594da0):  JavaThread "C2 CompilerThread0" daemon [_thread_in_native, id=16176, stack(0x0000008702100000,0x0000008702200000)]


Current CompileTask:
C2:  79220  684 %     4       java.util.zip.ZipFile$Source::initCEN @ 240 (591 bytes)

Stack: [0x0000008702100000,0x0000008702200000]
Native frames: (J=compiled Java code, j=interpreted, Vv=VM code, C=native code)
V  [jvm.dll+0x677a5a]
V  [jvm.dll+0x7d8b2d]
V  [jvm.dll+0x7da48e]
V  [jvm.dll+0x7daaf3]
V  [jvm.dll+0x2455ff]
V  [jvm.dll+0xaaafb]
V  [jvm.dll+0xab09c]
V  [jvm.dll+0x2aafef]
V  [jvm.dll+0x57fd55]
V  [jvm.dll+0x220472]
V  [jvm.dll+0x219070]
V  [jvm.dll+0x216c79]
V  [jvm.dll+0x1a3410]
V  [jvm.dll+0x226aeb]
V  [jvm.dll+0x224cab]
V  [jvm.dll+0x78e45c]
V  [jvm.dll+0x78888a]
V  [jvm.dll+0x676935]
C  [ucrtbase.dll+0x26c0c]
C  [KERNEL32.DLL+0x154e0]
C  [ntdll.dll+0x485b]


---------------  P R O C E S S  ---------------

Threads class SMR info:
_java_thread_list=0x000002179f63c500, length=12, elements={
0x0000021783e65370, 0x000002179f57a690, 0x000002179f57b310, 0x000002179f5922c0,
0x000002179f592c80, 0x000002179f593640, 0x000002179f594000, 0x000002179f594da0,
0x000002179f597c70, 0x000002179f59a680, 0x000002179f66a930, 0x000002179f6778e0
}

Java Threads: ( => current thread )
  0x0000021783e65370 JavaThread "main" [_thread_in_vm, id=24596, stack(0x0000008701400000,0x0000008701500000)]
  0x000002179f57a690 JavaThread "Reference Handler" daemon [_thread_blocked, id=25692, stack(0x0000008701b00000,0x0000008701c00000)]
  0x000002179f57b310 JavaThread "Finalizer" daemon [_thread_blocked, id=27876, stack(0x0000008701c00000,0x0000008701d00000)]
  0x000002179f5922c0 JavaThread "Signal Dispatcher" daemon [_thread_blocked, id=23564, stack(0x0000008701d00000,0x0000008701e00000)]
  0x000002179f592c80 JavaThread "Attach Listener" daemon [_thread_blocked, id=19272, stack(0x0000008701e00000,0x0000008701f00000)]
  0x000002179f593640 JavaThread "Service Thread" daemon [_thread_blocked, id=20180, stack(0x0000008701f00000,0x0000008702000000)]
  0x000002179f594000 JavaThread "Monitor Deflation Thread" daemon [_thread_blocked, id=23424, stack(0x0000008702000000,0x0000008702100000)]
=>0x000002179f594da0 JavaThread "C2 CompilerThread0" daemon [_thread_in_native, id=16176, stack(0x0000008702100000,0x0000008702200000)]
  0x000002179f597c70 JavaThread "C1 CompilerThread0" daemon [_thread_blocked, id=27552, stack(0x0000008702200000,0x0000008702300000)]
  0x000002179f59a680 JavaThread "Sweeper thread" daemon [_thread_blocked, id=23608, stack(0x0000008702300000,0x0000008702400000)]
  0x000002179f66a930 JavaThread "Notification Thread" daemon [_thread_blocked, id=3140, stack(0x0000008702400000,0x0000008702500000)]
  0x000002179f6778e0 JavaThread "Common-Cleaner" daemon [_thread_blocked, id=22524, stack(0x0000008702600000,0x0000008702700000)]

Other Threads:
  0x000002179f5733d0 VMThread "VM Thread" [stack: 0x0000008701a00000,0x0000008701b00000] [id=25472] _threads_hazard_ptr=0x000002179f63c500
  0x000002179f670240 WatcherThread [stack: 0x0000008702500000,0x0000008702600000] [id=7008]
  0x0000021783e87920 GCTaskThread "GC Thread#0" [stack: 0x0000008701500000,0x0000008701600000] [id=24172]
  0x000002179f95d3e0 GCTaskThread "GC Thread#1" [stack: 0x0000008701100000,0x0000008701200000] [id=5904]
  0x000002179fb09640 GCTaskThread "GC Thread#2" [stack: 0x0000008701200000,0x0000008701300000] [id=23676]
  0x00000217e51ae5b0 GCTaskThread "GC Thread#3" [stack: 0x0000008701300000,0x0000008701400000] [id=27712]
  0x0000021783e88f70 ConcurrentGCThread "G1 Main Marker" [stack: 0x0000008701600000,0x0000008701700000] [id=26112]
  0x0000021783e8a090 ConcurrentGCThread "G1 Conc#0" [stack: 0x0000008701700000,0x0000008701800000] [id=12228]
  0x0000021783ee6eb0 ConcurrentGCThread "G1 Refine#0" [stack: 0x0000008701800000,0x0000008701900000] [id=7724]
  0x0000021783ee87f0 ConcurrentGCThread "G1 Service" [stack: 0x0000008701900000,0x0000008701a00000] [id=13016]

Threads with active compile tasks:
C2 CompilerThread0    80546  684 %     4       java.util.zip.ZipFile$Source::initCEN @ 240 (591 bytes)

VM state: synchronizing (normal execution)

VM Mutex/Monitor currently owned by a thread:  ([mutex/lock_event])
[0x0000021783e60c70] Metaspace_lock - owner thread: 0x0000021783e65370
[0x0000021783e62460] Threads_lock - owner thread: 0x000002179f5733d0

Heap address: 0x00000000fc000000, size: 64 MB, Compressed Oops mode: 32-bit

CDS archive(s) mapped at: [0x00000217a0000000-0x00000217a0bd0000-0x00000217a0bd0000), size 12386304, SharedBaseAddress: 0x00000217a0000000, ArchiveRelocationMode: 1.
Compressed class space mapped at: 0x00000217a1000000-0x00000217e1000000, reserved size: 1073741824
Narrow klass base: 0x00000217a0000000, Narrow klass shift: 0, Narrow klass range: 0x100000000

GC Precious Log:
 CPUs: 8 total, 8 available
 Memory: 8013M
 Large Page Support: Disabled
 NUMA Support: Disabled
 Compressed Oops: Enabled (32-bit)
 Heap Region Size: 1M
 Heap Min Capacity: 64M
 Heap Initial Capacity: 64M
 Heap Max Capacity: 64M
 Pre-touch: Disabled
 Parallel Workers: 8
 Concurrent Workers: 2
 Concurrent Refinement Workers: 8
 Periodic GC: Disabled

Heap:
 garbage-first heap   total 65536K, used 12256K [0x00000000fc000000, 0x0000000100000000)
  region size 1024K, 8 young (8192K), 3 survivors (3072K)
 Metaspace       used 2179K, committed 2240K, reserved 1114112K
  class space    used 209K, committed 256K, reserved 1048576K

Heap Regions: E=young(eden), S=young(survivor), O=old, HS=humongous(starts), HC=humongous(continues), CS=collection set, F=free, OA=open archive, CA=closed archive, TAMS=top-at-mark-start (previous, next)
|   0|0x00000000fc000000, 0x00000000fc0f8200, 0x00000000fc100000| 96%| O|  |TAMS 0x00000000fc000000, 0x00000000fc000000| Untracked 
|   1|0x00000000fc100000, 0x00000000fc200000, 0x00000000fc200000|100%|HS|  |TAMS 0x00000000fc100000, 0x00000000fc100000| Complete 
|   2|0x00000000fc200000, 0x00000000fc300000, 0x00000000fc300000|100%|HC|  |TAMS 0x00000000fc200000, 0x00000000fc200000| Complete 
|   3|0x00000000fc300000, 0x00000000fc400000, 0x00000000fc400000|100%|HC|  |TAMS 0x00000000fc300000, 0x00000000fc300000| Complete 
|   4|0x00000000fc400000, 0x00000000fc500000, 0x00000000fc500000|100%|HC|  |TAMS 0x00000000fc400000, 0x00000000fc400000| Complete 
|   5|0x00000000fc500000, 0x00000000fc500000, 0x00000000fc600000|  0%| F|  |TAMS 0x00000000fc500000, 0x00000000fc500000| Untracked 
|   6|0x00000000fc600000, 0x00000000fc600000, 0x00000000fc700000|  0%| F|  |TAMS 0x00000000fc600000, 0x00000000fc600000| Untracked 
|   7|0x00000000fc700000, 0x00000000fc700000, 0x00000000fc800000|  0%| F|  |TAMS 0x00000000fc700000, 0x00000000fc700000| Untracked 
|   8|0x00000000fc800000, 0x00000000fc800000, 0x00000000fc900000|  0%| F|  |TAMS 0x00000000fc800000, 0x00000000fc800000| Untracked 
|   9|0x00000000fc900000, 0x00000000fc900000, 0x00000000fca00000|  0%| F|  |TAMS 0x00000000fc900000, 0x00000000fc900000| Untracked 
|  10|0x00000000fca00000, 0x00000000fca00000, 0x00000000fcb00000|  0%| F|  |TAMS 0x00000000fca00000, 0x00000000fca00000| Untracked 
|  11|0x00000000fcb00000, 0x00000000fcb00000, 0x00000000fcc00000|  0%| F|  |TAMS 0x00000000fcb00000, 0x00000000fcb00000| Untracked 
|  12|0x00000000fcc00000, 0x00000000fcc00000, 0x00000000fcd00000|  0%| F|  |TAMS 0x00000000fcc00000, 0x00000000fcc00000| Untracked 
|  13|0x00000000fcd00000, 0x00000000fcd00000, 0x00000000fce00000|  0%| F|  |TAMS 0x00000000fcd00000, 0x00000000fcd00000| Untracked 
|  14|0x00000000fce00000, 0x00000000fce00000, 0x00000000fcf00000|  0%| F|  |TAMS 0x00000000fce00000, 0x00000000fce00000| Untracked 
|  15|0x00000000fcf00000, 0x00000000fcf00000, 0x00000000fd000000|  0%| F|  |TAMS 0x00000000fcf00000, 0x00000000fcf00000| Untracked 
|  16|0x00000000fd000000, 0x00000000fd000000, 0x00000000fd100000|  0%| F|  |TAMS 0x00000000fd000000, 0x00000000fd000000| Untracked 
|  17|0x00000000fd100000, 0x00000000fd100000, 0x00000000fd200000|  0%| F|  |TAMS 0x00000000fd100000, 0x00000000fd100000| Untracked 
|  18|0x00000000fd200000, 0x00000000fd200000, 0x00000000fd300000|  0%| F|  |TAMS 0x00000000fd200000, 0x00000000fd200000| Untracked 
|  19|0x00000000fd300000, 0x00000000fd300000, 0x00000000fd400000|  0%| F|  |TAMS 0x00000000fd300000, 0x00000000fd300000| Untracked 
|  20|0x00000000fd400000, 0x00000000fd400000, 0x00000000fd500000|  0%| F|  |TAMS 0x00000000fd400000, 0x00000000fd400000| Untracked 
|  21|0x00000000fd500000, 0x00000000fd500000, 0x00000000fd600000|  0%| F|  |TAMS 0x00000000fd500000, 0x00000000fd500000| Untracked 
|  22|0x00000000fd600000, 0x00000000fd600000, 0x00000000fd700000|  0%| F|  |TAMS 0x00000000fd600000, 0x00000000fd600000| Untracked 
|  23|0x00000000fd700000, 0x00000000fd700000, 0x00000000fd800000|  0%| F|  |TAMS 0x00000000fd700000, 0x00000000fd700000| Untracked 
|  24|0x00000000fd800000, 0x00000000fd800000, 0x00000000fd900000|  0%| F|  |TAMS 0x00000000fd800000, 0x00000000fd800000| Untracked 
|  25|0x00000000fd900000, 0x00000000fd900000, 0x00000000fda00000|  0%| F|  |TAMS 0x00000000fd900000, 0x00000000fd900000| Untracked 
|  26|0x00000000fda00000, 0x00000000fda00000, 0x00000000fdb00000|  0%| F|  |TAMS 0x00000000fda00000, 0x00000000fda00000| Untracked 
|  27|0x00000000fdb00000, 0x00000000fdb00000, 0x00000000fdc00000|  0%| F|  |TAMS 0x00000000fdb00000, 0x00000000fdb00000| Untracked 
|  28|0x00000000fdc00000, 0x00000000fdc00000, 0x00000000fdd00000|  0%| F|  |TAMS 0x00000000fdc00000, 0x00000000fdc00000| Untracked 
|  29|0x00000000fdd00000, 0x00000000fdd00000, 0x00000000fde00000|  0%| F|  |TAMS 0x00000000fdd00000, 0x00000000fdd00000| Untracked 
|  30|0x00000000fde00000, 0x00000000fde00000, 0x00000000fdf00000|  0%| F|  |TAMS 0x00000000fde00000, 0x00000000fde00000| Untracked 
|  31|0x00000000fdf00000, 0x00000000fdf00000, 0x00000000fe000000|  0%| F|  |TAMS 0x00000000fdf00000, 0x00000000fdf00000| Untracked 
|  32|0x00000000fe000000, 0x00000000fe000000, 0x00000000fe100000|  0%| F|  |TAMS 0x00000000fe000000, 0x00000000fe000000| Untracked 
|  33|0x00000000fe100000, 0x00000000fe100000, 0x00000000fe200000|  0%| F|  |TAMS 0x00000000fe100000, 0x00000000fe100000| Untracked 
|  34|0x00000000fe200000, 0x00000000fe200000, 0x00000000fe300000|  0%| F|  |TAMS 0x00000000fe200000, 0x00000000fe200000| Untracked 
|  35|0x00000000fe300000, 0x00000000fe300000, 0x00000000fe400000|  0%| F|  |TAMS 0x00000000fe300000, 0x00000000fe300000| Untracked 
|  36|0x00000000fe400000, 0x00000000fe400000, 0x00000000fe500000|  0%| F|  |TAMS 0x00000000fe400000, 0x00000000fe400000| Untracked 
|  37|0x00000000fe500000, 0x00000000fe500000, 0x00000000fe600000|  0%| F|  |TAMS 0x00000000fe500000, 0x00000000fe500000| Untracked 
|  38|0x00000000fe600000, 0x00000000fe700000, 0x00000000fe700000|100%| S|CS|TAMS 0x00000000fe600000, 0x00000000fe600000| Complete 
|  39|0x00000000fe700000, 0x00000000fe800000, 0x00000000fe800000|100%| S|CS|TAMS 0x00000000fe700000, 0x00000000fe700000| Complete 
|  40|0x00000000fe800000, 0x00000000fe900000, 0x00000000fe900000|100%| S|CS|TAMS 0x00000000fe800000, 0x00000000fe800000| Complete 
|  41|0x00000000fe900000, 0x00000000fe900000, 0x00000000fea00000|  0%| F|  |TAMS 0x00000000fe900000, 0x00000000fe900000| Untracked 
|  42|0x00000000fea00000, 0x00000000fea00000, 0x00000000feb00000|  0%| F|  |TAMS 0x00000000fea00000, 0x00000000fea00000| Untracked 
|  43|0x00000000feb00000, 0x00000000feb00000, 0x00000000fec00000|  0%| F|  |TAMS 0x00000000feb00000, 0x00000000feb00000| Untracked 
|  44|0x00000000fec00000, 0x00000000fec00000, 0x00000000fed00000|  0%| F|  |TAMS 0x00000000fec00000, 0x00000000fec00000| Untracked 
|  45|0x00000000fed00000, 0x00000000fed00000, 0x00000000fee00000|  0%| F|  |TAMS 0x00000000fed00000, 0x00000000fed00000| Untracked 
|  46|0x00000000fee00000, 0x00000000fee00000, 0x00000000fef00000|  0%| F|  |TAMS 0x00000000fee00000, 0x00000000fee00000| Untracked 
|  47|0x00000000fef00000, 0x00000000fef00000, 0x00000000ff000000|  0%| F|  |TAMS 0x00000000fef00000, 0x00000000fef00000| Untracked 
|  48|0x00000000ff000000, 0x00000000ff000000, 0x00000000ff100000|  0%| F|  |TAMS 0x00000000ff000000, 0x00000000ff000000| Untracked 
|  49|0x00000000ff100000, 0x00000000ff100000, 0x00000000ff200000|  0%| F|  |TAMS 0x00000000ff100000, 0x00000000ff100000| Untracked 
|  50|0x00000000ff200000, 0x00000000ff200000, 0x00000000ff300000|  0%| F|  |TAMS 0x00000000ff200000, 0x00000000ff200000| Untracked 
|  51|0x00000000ff300000, 0x00000000ff300000, 0x00000000ff400000|  0%| F|  |TAMS 0x00000000ff300000, 0x00000000ff300000| Untracked 
|  52|0x00000000ff400000, 0x00000000ff400000, 0x00000000ff500000|  0%| F|  |TAMS 0x00000000ff400000, 0x00000000ff400000| Untracked 
|  53|0x00000000ff500000, 0x00000000ff500000, 0x00000000ff600000|  0%| F|  |TAMS 0x00000000ff500000, 0x00000000ff500000| Untracked 
|  54|0x00000000ff600000, 0x00000000ff600000, 0x00000000ff700000|  0%| F|  |TAMS 0x00000000ff600000, 0x00000000ff600000| Untracked 
|  55|0x00000000ff700000, 0x00000000ff700000, 0x00000000ff800000|  0%| F|  |TAMS 0x00000000ff700000, 0x00000000ff700000| Untracked 
|  56|0x00000000ff800000, 0x00000000ff800000, 0x00000000ff900000|  0%| F|  |TAMS 0x00000000ff800000, 0x00000000ff800000| Untracked 
|  57|0x00000000ff900000, 0x00000000ff900000, 0x00000000ffa00000|  0%| F|  |TAMS 0x00000000ff900000, 0x00000000ff900000| Untracked 
|  58|0x00000000ffa00000, 0x00000000ffa00000, 0x00000000ffb00000|  0%| F|  |TAMS 0x00000000ffa00000, 0x00000000ffa00000| Untracked 
|  59|0x00000000ffb00000, 0x00000000ffc00000, 0x00000000ffc00000|100%| E|  |TAMS 0x00000000ffb00000, 0x00000000ffb00000| Complete 
|  60|0x00000000ffc00000, 0x00000000ffd00000, 0x00000000ffd00000|100%| E|CS|TAMS 0x00000000ffc00000, 0x00000000ffc00000| Complete 
|  61|0x00000000ffd00000, 0x00000000ffe00000, 0x00000000ffe00000|100%| E|CS|TAMS 0x00000000ffd00000, 0x00000000ffd00000| Complete 
|  62|0x00000000ffe00000, 0x00000000fff00000, 0x00000000fff00000|100%| E|CS|TAMS 0x00000000ffe00000, 0x00000000ffe00000| Complete 
|  63|0x00000000fff00000, 0x0000000100000000, 0x0000000100000000|100%| E|CS|TAMS 0x00000000fff00000, 0x00000000fff00000| Complete 

Card table byte_map: [0x000002179c980000,0x000002179c9a0000] _byte_map_base: 0x000002179c1a0000

Marking Bits (Prev, Next): (CMBitMap*) 0x0000021783e87e40, (CMBitMap*) 0x0000021783e87e80
 Prev Bits: [0x000002179c9c0000, 0x000002179cac0000)
 Next Bits: [0x000002179cac0000, 0x000002179cbc0000)

Polling page: 0x0000021783f40000

Metaspace:

Usage:
  Non-class:      1.92 MB used.
      Class:    209.05 KB used.
       Both:      2.13 MB used.

Virtual space:
  Non-class space:       64.00 MB reserved,       1.94 MB (  3%) committed,  1 nodes.
      Class space:        1.00 GB reserved,     256.00 KB ( <1%) committed,  1 nodes.
             Both:        1.06 GB reserved,       2.19 MB ( <1%) committed. 

Chunk freelists:
   Non-Class:  11.56 MB
       Class:  15.64 MB
        Both:  27.20 MB

MaxMetaspaceSize: unlimited
CompressedClassSpaceSize: 1.00 GB
Initial GC threshold: 21.00 MB
Current GC threshold: 21.00 MB
CDS: on
MetaspaceReclaimPolicy: balanced
 - commit_granule_bytes: 65536.
 - commit_granule_words: 8192.
 - virtual_space_node_default_size: 8388608.
 - enlarge_chunks_in_place: 1.
 - new_chunks_are_fully_committed: 0.
 - uncommit_free_chunks: 1.
 - use_allocation_guard: 0.
 - handle_deallocations: 1.


Internal statistics:

num_allocs_failed_limit: 0.
num_arena_births: 14.
num_arena_deaths: 0.
num_vsnodes_births: 2.
num_vsnodes_deaths: 0.
num_space_committed: 35.
num_space_uncommitted: 0.
num_chunks_returned_to_freelist: 0.
num_chunks_taken_from_freelist: 54.
num_chunk_merges: 0.
num_chunk_splits: 31.
num_chunks_enlarged: 26.
num_inconsistent_stats: 0.

CodeHeap 'non-profiled nmethods': size=120000Kb used=294Kb max_used=294Kb free=119705Kb
 bounds [0x00000217949f0000, 0x0000021794c60000, 0x000002179bf20000]
CodeHeap 'profiled nmethods': size=120000Kb used=1387Kb max_used=1387Kb free=118612Kb
 bounds [0x000002178cf20000, 0x000002178d190000, 0x0000021794450000]
CodeHeap 'non-nmethods': size=5760Kb used=1121Kb max_used=1148Kb free=4638Kb
 bounds [0x0000021794450000, 0x00000217946c0000, 0x00000217949f0000]
 total_blobs=1146 nmethods=743 adapters=316
 compilation: enabled
              stopped_count=0, restarted_count=0
 full_count=0

Compilation events (20 events):
Event: 65.739 Thread 0x000002179f597c70 nmethod 681 0x000002178d04bf10 code [0x000002178d04c0c0, 0x000002178d04c5d8]
Event: 65.740 Thread 0x000002179f597c70  678       3       java.util.zip.ZipFile$Source::getMetaVersion (221 bytes)
Event: 65.740 Thread 0x000002179f594da0  680       4       java.util.zip.ZipUtils::CENSIG (8 bytes)
Event: 65.740 Thread 0x000002179f597c70 nmethod 678 0x000002178d04c790 code [0x000002178d04c980, 0x000002178d04d118]
Event: 65.741 Thread 0x000002179f597c70  677       3       java.util.zip.ZipFile$Source::isSignatureRelated (205 bytes)
Event: 65.746 Thread 0x000002179f597c70 nmethod 677 0x000002178d04d310 code [0x000002178d04d4c0, 0x000002178d04d978]
Event: 65.747 Thread 0x000002179f594da0 nmethod 680 0x0000021794a35590 code [0x0000021794a35700, 0x0000021794a357f8]
Event: 65.747 Thread 0x000002179f594da0  682   !   4       java.util.zip.ZipFile$Source::checkAndAddEntry (262 bytes)
Event: 65.753 Thread 0x000002179f597c70  685       3       java.util.jar.JavaUtilJarAccessImpl::entryFor (6 bytes)
Event: 65.754 Thread 0x000002179f597c70 nmethod 685 0x000002178d04db10 code [0x000002178d04dce0, 0x000002178d04e0a8]
Event: 65.754 Thread 0x000002179f597c70  686       3       java.util.jar.JarFile::entryFor (10 bytes)
Event: 65.754 Thread 0x000002179f597c70 nmethod 686 0x000002178d04e210 code [0x000002178d04e3c0, 0x000002178d04e708]
Event: 66.781 Thread 0x000002179f594da0 nmethod 682 0x0000021794a35910 code [0x0000021794a35b60, 0x0000021794a36a90]
Event: 66.781 Thread 0x000002179f594da0  683       4       java.util.zip.ZipFile$Source::isMetaName (141 bytes)
Event: 66.781 Thread 0x000002179f597c70  687       3       java.lang.String::hashCode (60 bytes)
Event: 66.781 Thread 0x000002179f597c70 nmethod 687 0x000002178d04e890 code [0x000002178d04ea60, 0x000002178d04edd8]
Event: 66.783 Thread 0x000002179f594da0 nmethod 683 0x0000021794a37690 code [0x0000021794a37820, 0x0000021794a37a78]
Event: 66.783 Thread 0x000002179f594da0  684 %     4       java.util.zip.ZipFile$Source::initCEN @ 240 (591 bytes)
Event: 66.784 Thread 0x000002179f597c70  688       3       sun.nio.fs.WindowsPath::<init> (26 bytes)
Event: 66.784 Thread 0x000002179f597c70 nmethod 688 0x000002178d04ee90 code [0x000002178d04f040, 0x000002178d04f318]

GC Heap History (2 events):
Event: 62.301 GC heap before
{Heap before GC invocations=0 (full 0):
 garbage-first heap   total 65536K, used 22528K [0x00000000fc000000, 0x0000000100000000)
  region size 1024K, 23 young (23552K), 0 survivors (0K)
 Metaspace       used 1811K, committed 1920K, reserved 1114112K
  class space    used 158K, committed 192K, reserved 1048576K
}
Event: 62.313 GC heap after
{Heap after GC invocations=1 (full 0):
 garbage-first heap   total 65536K, used 4064K [0x00000000fc000000, 0x0000000100000000)
  region size 1024K, 3 young (3072K), 3 survivors (3072K)
 Metaspace       used 1811K, committed 1920K, reserved 1114112K
  class space    used 158K, committed 192K, reserved 1048576K
}

Deoptimization events (20 events):
Event: 60.410 Thread 0x0000021783e65370 Uncommon trap: trap_request=0xffffff45 fr.pc=0x0000021794a10a30 relative=0x0000000000000190
Event: 60.410 Thread 0x0000021783e65370 Uncommon trap: reason=unstable_if action=reinterpret pc=0x0000021794a10a30 method=java.util.zip.ZipFile$Source.isMetaName([BII)Z @ 43 c2
Event: 60.410 Thread 0x0000021783e65370 DEOPT PACKING pc=0x0000021794a10a30 sp=0x00000087014fbd20
Event: 60.410 Thread 0x0000021783e65370 DEOPT UNPACKING pc=0x00000217944a23a3 sp=0x00000087014fbcc8 mode 2
Event: 61.310 Thread 0x0000021783e65370 DEOPT PACKING pc=0x000002178cf51b77 sp=0x00000087014fbfb0
Event: 61.310 Thread 0x0000021783e65370 DEOPT UNPACKING pc=0x00000217944a2b43 sp=0x00000087014fb470 mode 0
Event: 62.323 Thread 0x0000021783e65370 DEOPT PACKING pc=0x000002178d01fea7 sp=0x00000087014fbec0
Event: 62.323 Thread 0x0000021783e65370 DEOPT UNPACKING pc=0x00000217944a2b43 sp=0x00000087014fb320 mode 0
Event: 65.734 Thread 0x0000021783e65370 Uncommon trap: trap_request=0xffffff45 fr.pc=0x0000021794a303e8 relative=0x00000000000009a8
Event: 65.735 Thread 0x0000021783e65370 Uncommon trap: reason=unstable_if action=reinterpret pc=0x0000021794a303e8 method=java.util.zip.ZipCoder$UTF8ZipCoder.checkedHash([BII)I @ 27 c2
Event: 65.735 Thread 0x0000021783e65370 DEOPT PACKING pc=0x0000021794a303e8 sp=0x00000087014fbc90
Event: 65.735 Thread 0x0000021783e65370 DEOPT UNPACKING pc=0x00000217944a23a3 sp=0x00000087014fbbd8 mode 2
Event: 65.735 Thread 0x0000021783e65370 Uncommon trap: trap_request=0xffffff45 fr.pc=0x00000217949f8eb8 relative=0x00000000000001b8
Event: 65.735 Thread 0x0000021783e65370 Uncommon trap: reason=unstable_if action=reinterpret pc=0x00000217949f8eb8 method=java.lang.String.hashCode()I @ 20 c2
Event: 65.735 Thread 0x0000021783e65370 DEOPT PACKING pc=0x00000217949f8eb8 sp=0x00000087014fbb10
Event: 65.735 Thread 0x0000021783e65370 DEOPT UNPACKING pc=0x00000217944a23a3 sp=0x00000087014fbaa0 mode 2
Event: 65.735 Thread 0x0000021783e65370 Uncommon trap: trap_request=0xffffff45 fr.pc=0x0000021794a31b30 relative=0x0000000000000190
Event: 65.735 Thread 0x0000021783e65370 Uncommon trap: reason=unstable_if action=reinterpret pc=0x0000021794a31b30 method=java.util.zip.ZipFile$Source.isMetaName([BII)Z @ 57 c2
Event: 65.735 Thread 0x0000021783e65370 DEOPT PACKING pc=0x0000021794a31b30 sp=0x00000087014fbd20
Event: 65.735 Thread 0x0000021783e65370 DEOPT UNPACKING pc=0x00000217944a23a3 sp=0x00000087014fbcb0 mode 2

Classes unloaded (0 events):
No events

Classes redefined (0 events):
No events

Internal exceptions (1 events):
Event: 15.025 Thread 0x0000021783e65370 Exception <a 'java/lang/NoSuchMethodError'{0x00000000ffc4ab10}: 'int java.lang.invoke.DirectMethodHandle$Holder.invokeStaticInit(java.lang.Object, java.lang.Object)'> (0x00000000ffc4ab10) 
thrown [s\open\src\hotspot\share\interpreter\linkResolver.cpp, line 759]

VM Operations (20 events):
Event: 58.563 Executing VM operation: Cleanup
Event: 58.563 Executing VM operation: Cleanup done
Event: 60.581 Executing VM operation: Cleanup
Event: 60.581 Executing VM operation: Cleanup done
Event: 61.591 Executing VM operation: Cleanup
Event: 61.591 Executing VM operation: Cleanup done
Event: 62.300 Executing VM operation: G1CollectForAllocation
Event: 62.313 Executing VM operation: G1CollectForAllocation done
Event: 63.315 Executing VM operation: Cleanup
Event: 63.316 Executing VM operation: Cleanup done
Event: 64.328 Executing VM operation: Cleanup
Event: 64.328 Executing VM operation: Cleanup done
Event: 65.342 Executing VM operation: Cleanup
Event: 65.342 Executing VM operation: Cleanup done
Event: 66.346 Executing VM operation: Cleanup
Event: 66.346 Executing VM operation: Cleanup done
Event: 67.354 Executing VM operation: Cleanup
Event: 67.354 Executing VM operation: Cleanup done
Event: 68.036 Executing VM operation: HandshakeAllThreads
Event: 68.036 Executing VM operation: HandshakeAllThreads done

Events (20 events):
Event: 14.380 loading class java/io/FilePermissionCollection done
Event: 14.380 loading class java/util/Vector
Event: 14.380 loading class java/util/Vector done
Event: 14.381 loading class java/io/FilePermissionCollection$1
Event: 14.381 loading class java/io/FilePermissionCollection$1 done
Event: 15.032 loading class java/net/MalformedURLException
Event: 15.032 loading class java/net/MalformedURLException done
Event: 15.034 loading class java/io/FileFilter
Event: 15.034 loading class java/io/FileFilter done
Event: 38.271 loading class java/util/AbstractList$Itr
Event: 38.271 loading class java/util/AbstractList$Itr done
Event: 38.571 loading class java/lang/invoke/DirectMethodHandle$Special
Event: 38.571 loading class java/lang/invoke/DirectMethodHandle$Special done
Event: 54.220 Loaded shared library C:\Program Files\Java\jdk-17\bin\jimage.dll
Event: 55.783 loading class java/io/BufferedReader
Event: 55.783 loading class java/io/BufferedReader done
Event: 55.786 loading class sun/nio/cs/StreamDecoder
Event: 55.786 loading class sun/nio/cs/StreamDecoder done
Event: 55.786 loading class sun/nio/cs/UTF_8$Decoder
Event: 55.786 loading class sun/nio/cs/UTF_8$Decoder done


Dynamic libraries:
0x00007ff6c2310000 - 0x00007ff6c2320000 	C:\Program Files\Java\jdk-17\bin\java.exe
0x00007ff8176c0000 - 0x00007ff8178c7000 	C:\Windows\SYSTEM32\ntdll.dll
0x00007ff816f10000 - 0x00007ff816fcd000 	C:\Windows\System32\KERNEL32.DLL
0x00007ff814e00000 - 0x00007ff815172000 	C:\Windows\System32\KERNELBASE.dll
0x00007ff815180000 - 0x00007ff815291000 	C:\Windows\System32\ucrtbase.dll
0x00007fffbeb30000 - 0x00007fffbeb4b000 	C:\Program Files\Java\jdk-17\bin\VCRUNTIME140.dll
0x00007fffbeb50000 - 0x00007fffbeb69000 	C:\Program Files\Java\jdk-17\bin\jli.dll
0x00007ff8175d0000 - 0x00007ff81767c000 	C:\Windows\System32\ADVAPI32.dll
0x00007ff816b90000 - 0x00007ff816c33000 	C:\Windows\System32\msvcrt.dll
0x00007ff8169c0000 - 0x00007ff816a5d000 	C:\Windows\System32\sechost.dll
0x00007ff816880000 - 0x00007ff8169a1000 	C:\Windows\System32\RPCRT4.dll
0x00007ff816230000 - 0x00007ff8163dc000 	C:\Windows\System32\USER32.dll
0x00007ff814d50000 - 0x00007ff814d76000 	C:\Windows\System32\win32u.dll
0x00007ff816b40000 - 0x00007ff816b69000 	C:\Windows\System32\GDI32.dll
0x00007ff815470000 - 0x00007ff815582000 	C:\Windows\System32\gdi32full.dll
0x00007ff8153d0000 - 0x00007ff81546d000 	C:\Windows\System32\msvcp_win.dll
0x00007ffff92b0000 - 0x00007ffff9555000 	C:\Windows\WinSxS\amd64_microsoft.windows.common-controls_6595b64144ccf1df_6.0.21996.1_none_7d6b053978bcd706\COMCTL32.dll
0x00007ff80c6a0000 - 0x00007ff80c6aa000 	C:\Windows\SYSTEM32\VERSION.dll
0x00007ff816d70000 - 0x00007ff816da1000 	C:\Windows\System32\IMM32.DLL
0x00007fffbeb20000 - 0x00007fffbeb2c000 	C:\Program Files\Java\jdk-17\bin\vcruntime140_1.dll
0x00007fff85710000 - 0x00007fff8579e000 	C:\Program Files\Java\jdk-17\bin\msvcp140.dll
0x00007fff75450000 - 0x00007fff7602f000 	C:\Program Files\Java\jdk-17\bin\server\jvm.dll
0x00007ff816ea0000 - 0x00007ff816ea8000 	C:\Windows\System32\PSAPI.DLL
0x00007ff80b3b0000 - 0x00007ff80b3e3000 	C:\Windows\SYSTEM32\WINMM.dll
0x00007fff85700000 - 0x00007fff85709000 	C:\Windows\SYSTEM32\WSOCK32.dll
0x00007ff816810000 - 0x00007ff81687f000 	C:\Windows\System32\WS2_32.dll
0x00007ff813dc0000 - 0x00007ff813dd7000 	C:\Windows\SYSTEM32\kernel.appcore.dll
0x00007fff856f0000 - 0x00007fff856fa000 	C:\Program Files\Java\jdk-17\bin\jimage.dll
0x00007ff80cce0000 - 0x00007ff80cf01000 	C:\Windows\SYSTEM32\DBGHELP.DLL
0x00007fffff0b0000 - 0x00007fffff0e1000 	C:\Windows\SYSTEM32\dbgcore.DLL
0x00007ff814d80000 - 0x00007ff814e00000 	C:\Windows\System32\bcryptPrimitives.dll
0x00007fff856b0000 - 0x00007fff856d5000 	C:\Program Files\Java\jdk-17\bin\java.dll
0x00007fff75370000 - 0x00007fff75447000 	C:\Program Files\Java\jdk-17\bin\jsvml.dll
0x00007ff815aa0000 - 0x00007ff816209000 	C:\Windows\System32\SHELL32.dll
0x00007ff812d70000 - 0x00007ff8135c8000 	C:\Windows\SYSTEM32\windows.storage.dll
0x00007ff8163e0000 - 0x00007ff816755000 	C:\Windows\System32\combase.dll
0x00007ff812c00000 - 0x00007ff812d66000 	C:\Windows\SYSTEM32\wintypes.dll
0x00007ff816db0000 - 0x00007ff816e9a000 	C:\Windows\System32\SHCORE.dll
0x00007ff816a60000 - 0x00007ff816abd000 	C:\Windows\System32\shlwapi.dll
0x00007ff814b10000 - 0x00007ff814b31000 	C:\Windows\SYSTEM32\profapi.dll
0x00007fff85670000 - 0x00007fff85689000 	C:\Program Files\Java\jdk-17\bin\net.dll
0x00007ff80d080000 - 0x00007ff80d18c000 	C:\Windows\SYSTEM32\WINHTTP.dll
0x00007ff8141c0000 - 0x00007ff814227000 	C:\Windows\system32\mswsock.dll
0x00007fff85650000 - 0x00007fff85666000 	C:\Program Files\Java\jdk-17\bin\nio.dll
0x00007fff85690000 - 0x00007fff856a8000 	C:\Program Files\Java\jdk-17\bin\zip.dll
0x00007fff85640000 - 0x00007fff85650000 	C:\Program Files\Java\jdk-17\bin\verify.dll

dbghelp: loaded successfully - version: 4.0.5 - missing functions: none
symbol engine: initialized successfully - sym options: 0x614 - pdb path: .;C:\Program Files\Java\jdk-17\bin;C:\Windows\SYSTEM32;C:\Windows\WinSxS\amd64_microsoft.windows.common-controls_6595b64144ccf1df_6.0.21996.1_none_7d6b053978bcd706;C:\Program Files\Java\jdk-17\bin\server

VM Arguments:
jvm_args: -Xmx64m -Xms64m -Dorg.gradle.appname=gradlew 
java_command: org.gradle.wrapper.GradleWrapperMain app:installDebug -PreactNativeDevServerPort=8081
java_class_path (initial): C:\Sample\AwesomeProject\android\\gradle\wrapper\gradle-wrapper.jar
Launcher Type: SUN_STANDARD

[Global flags]
     intx CICompilerCount                          = 4                                         {product} {ergonomic}
     uint ConcGCThreads                            = 2                                         {product} {ergonomic}
     uint G1ConcRefinementThreads                  = 8                                         {product} {ergonomic}
   size_t G1HeapRegionSize                         = 1048576                                   {product} {ergonomic}
    uintx GCDrainStackTargetSize                   = 64                                        {product} {ergonomic}
   size_t InitialHeapSize                          = 67108864                                  {product} {command line}
   size_t MarkStackSize                            = 4194304                                   {product} {ergonomic}
   size_t MaxHeapSize                              = 67108864                                  {product} {command line}
   size_t MaxNewSize                               = 39845888                                  {product} {ergonomic}
   size_t MinHeapDeltaBytes                        = 1048576                                   {product} {ergonomic}
   size_t MinHeapSize                              = 67108864                                  {product} {command line}
    uintx NonNMethodCodeHeapSize                   = 5839372                                {pd product} {ergonomic}
    uintx NonProfiledCodeHeapSize                  = 122909434                              {pd product} {ergonomic}
    uintx ProfiledCodeHeapSize                     = 122909434                              {pd product} {ergonomic}
    uintx ReservedCodeCacheSize                    = 251658240                              {pd product} {ergonomic}
     bool SegmentedCodeCache                       = true                                      {product} {ergonomic}
   size_t SoftMaxHeapSize                          = 67108864                               {manageable} {ergonomic}
     bool UseCompressedClassPointers               = true                           {product lp64_product} {ergonomic}
     bool UseCompressedOops                        = true                           {product lp64_product} {ergonomic}
     bool UseG1GC                                  = true                                      {product} {ergonomic}
     bool UseLargePagesIndividualAllocation        = false                                  {pd product} {ergonomic}

Logging:
Log output configuration:
 #0: stdout all=warning uptime,level,tags
 #1: stderr all=off uptime,level,tags

Environment Variables:
JAVA_HOME=C:\Program Files\Java\jdk-17
CLASSPATH=C:\Sample\AwesomeProject\android\\gradle\wrapper\gradle-wrapper.jar
PATH=C:\Sample\AwesomeProject\node_modules\.bin;C:\Sample\AwesomeProject\node_modules\.bin;C:\Sample\node_modules\.bin;C:\node_modules\.bin;C:\Users\ADMIN\AppData\Roaming\nvm\v18.20.5\node_modules\npm\node_modules\@npmcli\run-script\lib\node-gyp-bin;C:\Sample\AwesomeProject\node_modules\.bin;C:\Sample\AwesomeProject\node_modules\.bin;C:\Sample\node_modules\.bin;C:\node_modules\.bin;C:\Users\ADMIN\AppData\Roaming\nvm\v18.20.5\node_modules\npm\node_modules\@npmcli\run-script\lib\node-gyp-bin;C:\Program Files\Microsoft\jdk-17.0.10.7-hotspot\bin;C:\Windows\system32;C:\Windows;C:\Windows\System32\Wbem;C:\Windows\System32\WindowsPowerShell\v1.0\;C:\Windows\System32\OpenSSH\;C:\Program Files\Java\jdk-20\bin;C:\flutter\flutter_windows_3.7.11-stable\flutter\bin;C:\Program Files\Git\cmd;C:\Users\ADMIN\AppData\Local\Pub\Cache\bin;C:\mangosh\bin\;C:\ProgramData\chocolatey\bin;C:\Users\ADMIN\AppData\Local\Android\Sdk\platform-tools;C:\Users\ADMIN\AppData\Roaming\nvm;C:\Program Files\nodejs;C:\Program Files\Microsoft SQL Server\150\Tools\Binn\;C:\Program Files\Microsoft SQL Server\Client SDK\ODBC\170\Tools\Binn\;C:\Program Files\dotnet\;C:\Program Files (x86)\Microsoft SQL Server\160\Tools\Binn\;C:\Program Files\Microsoft SQL Server\160\Tools\Binn\;C:\Program Files\Microsoft SQL Server\160\DTS\Binn\;C:\Program Files (x86)\Microsoft SQL Server\160\DTS\Binn\;C:\Program Files\nodejs;C:\Users\ADMIN\AppData\Local\Android\Sdk\tools;C:\Users\ADMIN\AppData\Local\Pub\Cache\bin;C:\Users\ADMIN\AppData\Local\Programs\Microsoft VS Code\bin;C:\Users\ADMIN\AppData\Roaming\npm;C:\Users\ADMIN\AppData\Roaming\nvm;C:\Program Files\nodejs;C:\Users\ADMIN\AppData\Local\Android\Sdk\cmdline-tools\latest\bin;C:\Users\ADMIN\AppData\Local\Android\Sdk;C:\Program Files\Java\jdk-17;C:\Users\ADMIN\.dotnet\tools;
USERNAME=ADMIN
LANG=en_US.UTF-8
OS=Windows_NT
PROCESSOR_IDENTIFIER=Intel64 Family 6 Model 142 Stepping 12, GenuineIntel



---------------  S Y S T E M  ---------------

OS:
 Windows 10 , 64 bit Build 21996 (10.0.21996.1)
OS uptime: 0 days 3:39 hours
Hyper-V role detected

CPU: total 8 (initial active 8) (4 cores per cpu, 2 threads per core) family 6 model 142 stepping 12 microcode 0xde, cx8, cmov, fxsr, ht, mmx, 3dnowpref, sse, sse2, sse3, ssse3, sse4.1, sse4.2, popcnt, lzcnt, tsc, tscinvbit, avx, avx2, aes, erms, clmul, bmi1, bmi2, adx, fma, vzeroupper, clflush, clflushopt, hv

Memory: 4k page, system-wide physical 8013M (195M free)
TotalPageFile size 24862M (AvailPageFile size 1M)
current process WorkingSet (physical memory assigned to process): 72M, peak: 72M
current process commit charge ("private bytes"): 154M, peak: 154M

vm_info: Java HotSpot(TM) 64-Bit Server VM (17.0.10+11-LTS-240) for windows-amd64 JRE (17.0.10+11-LTS-240), built on Dec 19 2023 21:47:25 by "mach5one" with MS VC++ 17.1 (VS2022)

END.
