#
# There is insufficient memory for the Java Runtime Environment to continue.
# Native memory allocation (malloc) failed to allocate 232176 bytes for Chunk::new
# Possible reasons:
#   The system is out of physical RAM or swap space
#   The process is running with CompressedOops enabled, and the Java Heap may be blocking the growth of the native heap
# Possible solutions:
#   Reduce memory load on the system
#   Increase physical memory or swap space
#   Check if swap backing store is full
#   Decrease Java heap size (-Xmx/-Xms)
#   Decrease number of Java threads
#   Decrease Java thread stack sizes (-Xss)
#   Set larger code cache with -XX:ReservedCodeCacheSize=
#   JVM is running with Unscaled Compressed Oops mode in which the Java heap is
#     placed in the first 4GB address space. The Java Heap base address is the
#     maximum limit for the native heap growth. Please use -XX:HeapBaseMinAddress
#     to set the Java Heap base and to place the Java Heap above 4GB virtual address.
# This output file may be truncated or incomplete.
#
#  Out of Memory Error (arena.cpp:189), pid=12716, tid=28008
#
# JRE version: Java(TM) SE Runtime Environment (17.0.10+11) (build 17.0.10+11-LTS-240)
# Java VM: Java HotSpot(TM) 64-Bit Server VM (17.0.10+11-LTS-240, mixed mode, sharing, tiered, compressed oops, compressed class ptrs, g1 gc, windows-amd64)
# No core dump will be written. Minidumps are not enabled by default on client versions of Windows
#

---------------  S U M M A R Y ------------

Command Line: -Xmx64m -Xms64m -Dorg.gradle.appname=gradlew org.gradle.wrapper.GradleWrapperMain app:installDebug -PreactNativeDevServerPort=8081

Host: Intel(R) Core(TM) i5-10210U CPU @ 1.60GHz, 8 cores, 7G,  Windows 10 , 64 bit Build 21996 (10.0.21996.1)
Time: Fri Nov 22 12:21:50 2024 Sri Lanka Standard Time elapsed time: 86.353179 seconds (0d 0h 1m 26s)

---------------  T H R E A D  ---------------

Current thread (0x0000016a62b0e070):  JavaThread "C2 CompilerThread0" daemon [_thread_in_native, id=28008, stack(0x0000002fc9b00000,0x0000002fc9c00000)]


Current CompileTask:
C2:  86353  986   !   4       java.util.concurrent.ConcurrentHashMap::putVal (432 bytes)

Stack: [0x0000002fc9b00000,0x0000002fc9c00000]
Native frames: (J=compiled Java code, j=interpreted, Vv=VM code, C=native code)
V  [jvm.dll+0x677a5a]
V  [jvm.dll+0x7d8b2d]
V  [jvm.dll+0x7da48e]
V  [jvm.dll+0x7daaf3]
V  [jvm.dll+0x2455ff]
V  [jvm.dll+0xaaafb]
V  [jvm.dll+0xab09c]
V  [jvm.dll+0x2aafef]
V  [jvm.dll+0x57fd55]
V  [jvm.dll+0x220472]
V  [jvm.dll+0x22084f]
V  [jvm.dll+0x2197a6]
V  [jvm.dll+0x216c79]
V  [jvm.dll+0x1a3410]
V  [jvm.dll+0x226aeb]
V  [jvm.dll+0x224cab]
V  [jvm.dll+0x78e45c]
V  [jvm.dll+0x78888a]
V  [jvm.dll+0x676935]
C  [ucrtbase.dll+0x26c0c]
C  [KERNEL32.DLL+0x154e0]
C  [ntdll.dll+0x485b]


---------------  P R O C E S S  ---------------

Threads class SMR info:
_java_thread_list=0x0000016a68064890, length=13, elements={
0x0000016a493830a0, 0x0000016a62ae9fd0, 0x0000016a62aeb5f0, 0x0000016a62b03fd0,
0x0000016a62b048a0, 0x0000016a62b05910, 0x0000016a62b06a70, 0x0000016a62b0e070,
0x0000016a62b0eb20, 0x0000016a62b12450, 0x0000016a67048600, 0x0000016a6704af30,
0x0000016a6739bd20
}

Java Threads: ( => current thread )
  0x0000016a493830a0 JavaThread "main" [_thread_in_vm, id=25512, stack(0x0000002fc8e00000,0x0000002fc8f00000)]
  0x0000016a62ae9fd0 JavaThread "Reference Handler" daemon [_thread_blocked, id=26856, stack(0x0000002fc9500000,0x0000002fc9600000)]
  0x0000016a62aeb5f0 JavaThread "Finalizer" daemon [_thread_blocked, id=14368, stack(0x0000002fc9600000,0x0000002fc9700000)]
  0x0000016a62b03fd0 JavaThread "Signal Dispatcher" daemon [_thread_blocked, id=10368, stack(0x0000002fc9700000,0x0000002fc9800000)]
  0x0000016a62b048a0 JavaThread "Attach Listener" daemon [_thread_blocked, id=20536, stack(0x0000002fc9800000,0x0000002fc9900000)]
  0x0000016a62b05910 JavaThread "Service Thread" daemon [_thread_blocked, id=18244, stack(0x0000002fc9900000,0x0000002fc9a00000)]
  0x0000016a62b06a70 JavaThread "Monitor Deflation Thread" daemon [_thread_blocked, id=26028, stack(0x0000002fc9a00000,0x0000002fc9b00000)]
=>0x0000016a62b0e070 JavaThread "C2 CompilerThread0" daemon [_thread_in_native, id=28008, stack(0x0000002fc9b00000,0x0000002fc9c00000)]
  0x0000016a62b0eb20 JavaThread "C1 CompilerThread0" daemon [_thread_in_vm, id=23208, stack(0x0000002fc9c00000,0x0000002fc9d00000)]
  0x0000016a62b12450 JavaThread "Sweeper thread" daemon [_thread_blocked, id=28116, stack(0x0000002fc9d00000,0x0000002fc9e00000)]
  0x0000016a67048600 JavaThread "Notification Thread" daemon [_thread_blocked, id=25772, stack(0x0000002fc9e00000,0x0000002fc9f00000)]
  0x0000016a6704af30 JavaThread "Common-Cleaner" daemon [_thread_blocked, id=23860, stack(0x0000002fca000000,0x0000002fca100000)]
  0x0000016a6739bd20 JavaThread "pool-1-thread-1" [_thread_blocked, id=28968, stack(0x0000002fca100000,0x0000002fca200000)]

Other Threads:
  0x0000016a62ae3c20 VMThread "VM Thread" [stack: 0x0000002fc9400000,0x0000002fc9500000] [id=25168]
  0x0000016a6704aaf0 WatcherThread [stack: 0x0000002fc9f00000,0x0000002fca000000] [id=24532]
  0x0000016a493a6750 GCTaskThread "GC Thread#0" [stack: 0x0000002fc8f00000,0x0000002fc9000000] [id=28280]
  0x0000016a6735c630 GCTaskThread "GC Thread#1" [stack: 0x0000002fc8b00000,0x0000002fc8c00000] [id=25688]
  0x0000016a673c74e0 GCTaskThread "GC Thread#2" [stack: 0x0000002fc8c00000,0x0000002fc8d00000] [id=14364]
  0x0000016a674da340 GCTaskThread "GC Thread#3" [stack: 0x0000002fc8d00000,0x0000002fc8e00000] [id=23144]
  0x0000016a493a86b0 ConcurrentGCThread "G1 Main Marker" [stack: 0x0000002fc9000000,0x0000002fc9100000] [id=24548]
  0x0000016a493a90c0 ConcurrentGCThread "G1 Conc#0" [stack: 0x0000002fc9100000,0x0000002fc9200000] [id=10192]
  0x0000016a49405cc0 ConcurrentGCThread "G1 Refine#0" [stack: 0x0000002fc9200000,0x0000002fc9300000] [id=12296]
  0x0000016a49407700 ConcurrentGCThread "G1 Service" [stack: 0x0000002fc9300000,0x0000002fc9400000] [id=20888]

Threads with active compile tasks:
C2 CompilerThread0    89433  986   !   4       java.util.concurrent.ConcurrentHashMap::putVal (432 bytes)
C1 CompilerThread0    89433 1096       3       java.util.concurrent.ThreadPoolExecutor::runStateAtLeast (11 bytes)

VM state: not at safepoint (normal execution)

VM Mutex/Monitor currently owned by a thread:  ([mutex/lock_event])
[0x0000016a4937fbf0] Metaspace_lock - owner thread: 0x0000016a493830a0
[0x0000016a49380100] MethodData_lock - owner thread: 0x0000016a62b0eb20

Heap address: 0x00000000fc000000, size: 64 MB, Compressed Oops mode: 32-bit

CDS archive(s) mapped at: [0x0000016a00000000-0x0000016a00bd0000-0x0000016a00bd0000), size 12386304, SharedBaseAddress: 0x0000016a00000000, ArchiveRelocationMode: 1.
Compressed class space mapped at: 0x0000016a01000000-0x0000016a41000000, reserved size: 1073741824
Narrow klass base: 0x0000016a00000000, Narrow klass shift: 0, Narrow klass range: 0x100000000

GC Precious Log:
 CPUs: 8 total, 8 available
 Memory: 8013M
 Large Page Support: Disabled
 NUMA Support: Disabled
 Compressed Oops: Enabled (32-bit)
 Heap Region Size: 1M
 Heap Min Capacity: 64M
 Heap Initial Capacity: 64M
 Heap Max Capacity: 64M
 Pre-touch: Disabled
 Parallel Workers: 8
 Concurrent Workers: 2
 Concurrent Refinement Workers: 8
 Periodic GC: Disabled

Heap:
 garbage-first heap   total 65536K, used 27008K [0x00000000fc000000, 0x0000000100000000)
  region size 1024K, 23 young (23552K), 3 survivors (3072K)
 Metaspace       used 5955K, committed 6144K, reserved 1114112K
  class space    used 795K, committed 896K, reserved 1048576K

Heap Regions: E=young(eden), S=young(survivor), O=old, HS=humongous(starts), HC=humongous(continues), CS=collection set, F=free, OA=open archive, CA=closed archive, TAMS=top-at-mark-start (previous, next)
|   0|0x00000000fc000000, 0x00000000fc100000, 0x00000000fc100000|100%| O|  |TAMS 0x00000000fc000000, 0x00000000fc000000| Untracked 
|   1|0x00000000fc100000, 0x00000000fc160200, 0x00000000fc200000| 37%| O|  |TAMS 0x00000000fc100000, 0x00000000fc100000| Untracked 
|   2|0x00000000fc200000, 0x00000000fc300000, 0x00000000fc300000|100%|HS|  |TAMS 0x00000000fc200000, 0x00000000fc200000| Complete 
|   3|0x00000000fc300000, 0x00000000fc400000, 0x00000000fc400000|100%|HC|  |TAMS 0x00000000fc300000, 0x00000000fc300000| Complete 
|   4|0x00000000fc400000, 0x00000000fc500000, 0x00000000fc500000|100%|HC|  |TAMS 0x00000000fc400000, 0x00000000fc400000| Complete 
|   5|0x00000000fc500000, 0x00000000fc600000, 0x00000000fc600000|100%|HC|  |TAMS 0x00000000fc500000, 0x00000000fc500000| Complete 
|   6|0x00000000fc600000, 0x00000000fc600000, 0x00000000fc700000|  0%| F|  |TAMS 0x00000000fc600000, 0x00000000fc600000| Untracked 
|   7|0x00000000fc700000, 0x00000000fc700000, 0x00000000fc800000|  0%| F|  |TAMS 0x00000000fc700000, 0x00000000fc700000| Untracked 
|   8|0x00000000fc800000, 0x00000000fc800000, 0x00000000fc900000|  0%| F|  |TAMS 0x00000000fc800000, 0x00000000fc800000| Untracked 
|   9|0x00000000fc900000, 0x00000000fc900000, 0x00000000fca00000|  0%| F|  |TAMS 0x00000000fc900000, 0x00000000fc900000| Untracked 
|  10|0x00000000fca00000, 0x00000000fca00000, 0x00000000fcb00000|  0%| F|  |TAMS 0x00000000fca00000, 0x00000000fca00000| Untracked 
|  11|0x00000000fcb00000, 0x00000000fcb00000, 0x00000000fcc00000|  0%| F|  |TAMS 0x00000000fcb00000, 0x00000000fcb00000| Untracked 
|  12|0x00000000fcc00000, 0x00000000fcc00000, 0x00000000fcd00000|  0%| F|  |TAMS 0x00000000fcc00000, 0x00000000fcc00000| Untracked 
|  13|0x00000000fcd00000, 0x00000000fcd00000, 0x00000000fce00000|  0%| F|  |TAMS 0x00000000fcd00000, 0x00000000fcd00000| Untracked 
|  14|0x00000000fce00000, 0x00000000fce00000, 0x00000000fcf00000|  0%| F|  |TAMS 0x00000000fce00000, 0x00000000fce00000| Untracked 
|  15|0x00000000fcf00000, 0x00000000fcf00000, 0x00000000fd000000|  0%| F|  |TAMS 0x00000000fcf00000, 0x00000000fcf00000| Untracked 
|  16|0x00000000fd000000, 0x00000000fd000000, 0x00000000fd100000|  0%| F|  |TAMS 0x00000000fd000000, 0x00000000fd000000| Untracked 
|  17|0x00000000fd100000, 0x00000000fd100000, 0x00000000fd200000|  0%| F|  |TAMS 0x00000000fd100000, 0x00000000fd100000| Untracked 
|  18|0x00000000fd200000, 0x00000000fd200000, 0x00000000fd300000|  0%| F|  |TAMS 0x00000000fd200000, 0x00000000fd200000| Untracked 
|  19|0x00000000fd300000, 0x00000000fd300000, 0x00000000fd400000|  0%| F|  |TAMS 0x00000000fd300000, 0x00000000fd300000| Untracked 
|  20|0x00000000fd400000, 0x00000000fd400000, 0x00000000fd500000|  0%| F|  |TAMS 0x00000000fd400000, 0x00000000fd400000| Untracked 
|  21|0x00000000fd500000, 0x00000000fd500000, 0x00000000fd600000|  0%| F|  |TAMS 0x00000000fd500000, 0x00000000fd500000| Untracked 
|  22|0x00000000fd600000, 0x00000000fd600000, 0x00000000fd700000|  0%| F|  |TAMS 0x00000000fd600000, 0x00000000fd600000| Untracked 
|  23|0x00000000fd700000, 0x00000000fd700000, 0x00000000fd800000|  0%| F|  |TAMS 0x00000000fd700000, 0x00000000fd700000| Untracked 
|  24|0x00000000fd800000, 0x00000000fd800000, 0x00000000fd900000|  0%| F|  |TAMS 0x00000000fd800000, 0x00000000fd800000| Untracked 
|  25|0x00000000fd900000, 0x00000000fd900000, 0x00000000fda00000|  0%| F|  |TAMS 0x00000000fd900000, 0x00000000fd900000| Untracked 
|  26|0x00000000fda00000, 0x00000000fda00000, 0x00000000fdb00000|  0%| F|  |TAMS 0x00000000fda00000, 0x00000000fda00000| Untracked 
|  27|0x00000000fdb00000, 0x00000000fdb00000, 0x00000000fdc00000|  0%| F|  |TAMS 0x00000000fdb00000, 0x00000000fdb00000| Untracked 
|  28|0x00000000fdc00000, 0x00000000fdc00000, 0x00000000fdd00000|  0%| F|  |TAMS 0x00000000fdc00000, 0x00000000fdc00000| Untracked 
|  29|0x00000000fdd00000, 0x00000000fdd00000, 0x00000000fde00000|  0%| F|  |TAMS 0x00000000fdd00000, 0x00000000fdd00000| Untracked 
|  30|0x00000000fde00000, 0x00000000fde00000, 0x00000000fdf00000|  0%| F|  |TAMS 0x00000000fde00000, 0x00000000fde00000| Untracked 
|  31|0x00000000fdf00000, 0x00000000fdf00000, 0x00000000fe000000|  0%| F|  |TAMS 0x00000000fdf00000, 0x00000000fdf00000| Untracked 
|  32|0x00000000fe000000, 0x00000000fe000000, 0x00000000fe100000|  0%| F|  |TAMS 0x00000000fe000000, 0x00000000fe000000| Untracked 
|  33|0x00000000fe100000, 0x00000000fe100000, 0x00000000fe200000|  0%| F|  |TAMS 0x00000000fe100000, 0x00000000fe100000| Untracked 
|  34|0x00000000fe200000, 0x00000000fe200000, 0x00000000fe300000|  0%| F|  |TAMS 0x00000000fe200000, 0x00000000fe200000| Untracked 
|  35|0x00000000fe300000, 0x00000000fe300000, 0x00000000fe400000|  0%| F|  |TAMS 0x00000000fe300000, 0x00000000fe300000| Untracked 
|  36|0x00000000fe400000, 0x00000000fe400000, 0x00000000fe500000|  0%| F|  |TAMS 0x00000000fe400000, 0x00000000fe400000| Untracked 
|  37|0x00000000fe500000, 0x00000000fe500000, 0x00000000fe600000|  0%| F|  |TAMS 0x00000000fe500000, 0x00000000fe500000| Untracked 
|  38|0x00000000fe600000, 0x00000000fe700000, 0x00000000fe700000|100%| S|CS|TAMS 0x00000000fe600000, 0x00000000fe600000| Complete 
|  39|0x00000000fe700000, 0x00000000fe800000, 0x00000000fe800000|100%| S|CS|TAMS 0x00000000fe700000, 0x00000000fe700000| Complete 
|  40|0x00000000fe800000, 0x00000000fe900000, 0x00000000fe900000|100%| S|CS|TAMS 0x00000000fe800000, 0x00000000fe800000| Complete 
|  41|0x00000000fe900000, 0x00000000fe900000, 0x00000000fea00000|  0%| F|  |TAMS 0x00000000fe900000, 0x00000000fe900000| Untracked 
|  42|0x00000000fea00000, 0x00000000fea00000, 0x00000000feb00000|  0%| F|  |TAMS 0x00000000fea00000, 0x00000000fea00000| Untracked 
|  43|0x00000000feb00000, 0x00000000feb00000, 0x00000000fec00000|  0%| F|  |TAMS 0x00000000feb00000, 0x00000000feb00000| Untracked 
|  44|0x00000000fec00000, 0x00000000fec80c68, 0x00000000fed00000| 50%| E|  |TAMS 0x00000000fec00000, 0x00000000fec00000| Complete 
|  45|0x00000000fed00000, 0x00000000fee00000, 0x00000000fee00000|100%| E|CS|TAMS 0x00000000fed00000, 0x00000000fed00000| Complete 
|  46|0x00000000fee00000, 0x00000000fef00000, 0x00000000fef00000|100%| E|CS|TAMS 0x00000000fee00000, 0x00000000fee00000| Complete 
|  47|0x00000000fef00000, 0x00000000ff000000, 0x00000000ff000000|100%| E|CS|TAMS 0x00000000fef00000, 0x00000000fef00000| Complete 
|  48|0x00000000ff000000, 0x00000000ff100000, 0x00000000ff100000|100%| E|CS|TAMS 0x00000000ff000000, 0x00000000ff000000| Complete 
|  49|0x00000000ff100000, 0x00000000ff200000, 0x00000000ff200000|100%| E|CS|TAMS 0x00000000ff100000, 0x00000000ff100000| Complete 
|  50|0x00000000ff200000, 0x00000000ff300000, 0x00000000ff300000|100%| E|CS|TAMS 0x00000000ff200000, 0x00000000ff200000| Complete 
|  51|0x00000000ff300000, 0x00000000ff400000, 0x00000000ff400000|100%| E|CS|TAMS 0x00000000ff300000, 0x00000000ff300000| Complete 
|  52|0x00000000ff400000, 0x00000000ff500000, 0x00000000ff500000|100%| E|CS|TAMS 0x00000000ff400000, 0x00000000ff400000| Complete 
|  53|0x00000000ff500000, 0x00000000ff600000, 0x00000000ff600000|100%| E|CS|TAMS 0x00000000ff500000, 0x00000000ff500000| Complete 
|  54|0x00000000ff600000, 0x00000000ff700000, 0x00000000ff700000|100%| E|CS|TAMS 0x00000000ff600000, 0x00000000ff600000| Complete 
|  55|0x00000000ff700000, 0x00000000ff800000, 0x00000000ff800000|100%| E|CS|TAMS 0x00000000ff700000, 0x00000000ff700000| Complete 
|  56|0x00000000ff800000, 0x00000000ff900000, 0x00000000ff900000|100%| E|CS|TAMS 0x00000000ff800000, 0x00000000ff800000| Complete 
|  57|0x00000000ff900000, 0x00000000ffa00000, 0x00000000ffa00000|100%| E|CS|TAMS 0x00000000ff900000, 0x00000000ff900000| Complete 
|  58|0x00000000ffa00000, 0x00000000ffb00000, 0x00000000ffb00000|100%| E|CS|TAMS 0x00000000ffa00000, 0x00000000ffa00000| Complete 
|  59|0x00000000ffb00000, 0x00000000ffc00000, 0x00000000ffc00000|100%| E|CS|TAMS 0x00000000ffb00000, 0x00000000ffb00000| Complete 
|  60|0x00000000ffc00000, 0x00000000ffd00000, 0x00000000ffd00000|100%| E|CS|TAMS 0x00000000ffc00000, 0x00000000ffc00000| Complete 
|  61|0x00000000ffd00000, 0x00000000ffe00000, 0x00000000ffe00000|100%| E|CS|TAMS 0x00000000ffd00000, 0x00000000ffd00000| Complete 
|  62|0x00000000ffe00000, 0x00000000fff00000, 0x00000000fff00000|100%| E|  |TAMS 0x00000000ffe00000, 0x00000000ffe00000| Complete 
|  63|0x00000000fff00000, 0x0000000100000000, 0x0000000100000000|100%| E|CS|TAMS 0x00000000fff00000, 0x00000000fff00000| Complete 

Card table byte_map: [0x0000016a47370000,0x0000016a47390000] _byte_map_base: 0x0000016a46b90000

Marking Bits (Prev, Next): (CMBitMap*) 0x0000016a493a7580, (CMBitMap*) 0x0000016a493a75c0
 Prev Bits: [0x0000016a5ff80000, 0x0000016a60080000)
 Next Bits: [0x0000016a60080000, 0x0000016a60180000)

Polling page: 0x0000016a47320000

Metaspace:

Usage:
  Non-class:      5.04 MB used.
      Class:    795.95 KB used.
       Both:      5.82 MB used.

Virtual space:
  Non-class space:       64.00 MB reserved,       5.12 MB (  8%) committed,  1 nodes.
      Class space:        1.00 GB reserved,     896.00 KB ( <1%) committed,  1 nodes.
             Both:        1.06 GB reserved,       6.00 MB ( <1%) committed. 

Chunk freelists:
   Non-Class:  9.25 MB
       Class:  15.17 MB
        Both:  24.42 MB

MaxMetaspaceSize: unlimited
CompressedClassSpaceSize: 1.00 GB
Initial GC threshold: 21.00 MB
Current GC threshold: 21.00 MB
CDS: on
MetaspaceReclaimPolicy: balanced
 - commit_granule_bytes: 65536.
 - commit_granule_words: 8192.
 - virtual_space_node_default_size: 8388608.
 - enlarge_chunks_in_place: 1.
 - new_chunks_are_fully_committed: 0.
 - uncommit_free_chunks: 1.
 - use_allocation_guard: 0.
 - handle_deallocations: 1.


Internal statistics:

num_allocs_failed_limit: 0.
num_arena_births: 54.
num_arena_deaths: 0.
num_vsnodes_births: 2.
num_vsnodes_deaths: 0.
num_space_committed: 96.
num_space_uncommitted: 0.
num_chunks_returned_to_freelist: 0.
num_chunks_taken_from_freelist: 220.
num_chunk_merges: 0.
num_chunk_splits: 146.
num_chunks_enlarged: 120.
num_inconsistent_stats: 0.

CodeHeap 'non-profiled nmethods': size=120000Kb used=507Kb max_used=507Kb free=119492Kb
 bounds [0x0000016a58710000, 0x0000016a58980000, 0x0000016a5fc40000]
CodeHeap 'profiled nmethods': size=120000Kb used=2093Kb max_used=2093Kb free=117906Kb
 bounds [0x0000016a50c40000, 0x0000016a50eb0000, 0x0000016a58170000]
CodeHeap 'non-nmethods': size=5760Kb used=1140Kb max_used=1154Kb free=4620Kb
 bounds [0x0000016a58170000, 0x0000016a583e0000, 0x0000016a58710000]
 total_blobs=1519 nmethods=1091 adapters=341
 compilation: enabled
              stopped_count=0, restarted_count=0
 full_count=0

Compilation events (20 events):
Event: 81.870 Thread 0x0000016a62b0e070 nmethod 984 0x0000016a58787790 code [0x0000016a58787a20, 0x0000016a58788520]
Event: 81.871 Thread 0x0000016a62b0e070  986   !   4       java.util.concurrent.ConcurrentHashMap::putVal (432 bytes)
Event: 81.871 Thread 0x0000016a62b0eb20  988       3       java.util.zip.CRC32::update (51 bytes)
Event: 81.871 Thread 0x0000016a62b0eb20 nmethod 988 0x0000016a50e18c10 code [0x0000016a50e18e00, 0x0000016a50e19288]
Event: 81.871 Thread 0x0000016a62b0eb20  989       3       java.lang.invoke.Invokers$Holder::linkToTargetMethod (8 bytes)
Event: 81.872 Thread 0x0000016a62b0eb20 nmethod 989 0x0000016a50e19490 code [0x0000016a50e19640, 0x0000016a50e198d8]
Event: 81.872 Thread 0x0000016a62b0eb20  990       3       java.lang.invoke.LambdaForm$MH/0x0000016a01004000::invoke (8 bytes)
Event: 81.872 Thread 0x0000016a62b0eb20 nmethod 990 0x0000016a50e19990 code [0x0000016a50e19b20, 0x0000016a50e19d58]
Event: 81.873 Thread 0x0000016a62b0eb20  991       3       java.security.SecureClassLoader$CodeSourceKey::hashCode (21 bytes)
Event: 81.873 Thread 0x0000016a62b0eb20 nmethod 991 0x0000016a50e19e10 code [0x0000016a50e19fc0, 0x0000016a50e1a1a8]
Event: 81.873 Thread 0x0000016a62b0eb20  992       3       java.lang.ClassLoader::defineClass (43 bytes)
Event: 81.874 Thread 0x0000016a62b0eb20 nmethod 992 0x0000016a50e1a290 code [0x0000016a50e1a480, 0x0000016a50e1a998]
Event: 81.874 Thread 0x0000016a62b0eb20  993       3       java.lang.ClassLoader::preDefineClass (118 bytes)
Event: 81.875 Thread 0x0000016a62b0eb20 nmethod 993 0x0000016a50e1ac10 code [0x0000016a50e1af80, 0x0000016a50e1c258]
Event: 81.875 Thread 0x0000016a62b0eb20  994       3       java.lang.ClassLoader::checkCerts (121 bytes)
Event: 81.875 Thread 0x0000016a62b0eb20 nmethod 994 0x0000016a50e1c910 code [0x0000016a50e1cc00, 0x0000016a50e1da68]
Event: 81.875 Thread 0x0000016a62b0eb20  995       3       java.lang.ClassLoader::defineClassSourceLocation (28 bytes)
Event: 81.876 Thread 0x0000016a62b0eb20 nmethod 995 0x0000016a50e1e010 code [0x0000016a50e1e1e0, 0x0000016a50e1e568]
Event: 81.876 Thread 0x0000016a62b0eb20  996       3       java.lang.ClassLoader::getNamedPackage (73 bytes)
Event: 81.876 Thread 0x0000016a62b0eb20 nmethod 996 0x0000016a50e1e710 code [0x0000016a50e1e900, 0x0000016a50e1ee68]

GC Heap History (2 events):
Event: 68.882 GC heap before
{Heap before GC invocations=0 (full 0):
 garbage-first heap   total 65536K, used 22528K [0x00000000fc000000, 0x0000000100000000)
  region size 1024K, 23 young (23552K), 0 survivors (0K)
 Metaspace       used 1813K, committed 1920K, reserved 1114112K
  class space    used 158K, committed 192K, reserved 1048576K
}
Event: 68.891 GC heap after
{Heap after GC invocations=1 (full 0):
 garbage-first heap   total 65536K, used 4480K [0x00000000fc000000, 0x0000000100000000)
  region size 1024K, 3 young (3072K), 3 survivors (3072K)
 Metaspace       used 1813K, committed 1920K, reserved 1114112K
  class space    used 158K, committed 192K, reserved 1048576K
}

Deoptimization events (20 events):
Event: 73.899 Thread 0x0000016a493830a0 DEOPT PACKING pc=0x0000016a5872e6bc sp=0x0000002fc8efde00
Event: 73.899 Thread 0x0000016a493830a0 DEOPT UNPACKING pc=0x0000016a581c23a3 sp=0x0000002fc8efdd98 mode 2
Event: 73.899 Thread 0x0000016a493830a0 Uncommon trap: trap_request=0xffffffde fr.pc=0x0000016a5872e6bc relative=0x000000000000031c
Event: 73.899 Thread 0x0000016a493830a0 Uncommon trap: reason=class_check action=maybe_recompile pc=0x0000016a5872e6bc method=java.util.regex.Matcher.match(II)Z @ 121 c2
Event: 73.899 Thread 0x0000016a493830a0 DEOPT PACKING pc=0x0000016a5872e6bc sp=0x0000002fc8efde00
Event: 73.899 Thread 0x0000016a493830a0 DEOPT UNPACKING pc=0x0000016a581c23a3 sp=0x0000002fc8efdd98 mode 2
Event: 73.901 Thread 0x0000016a493830a0 Uncommon trap: trap_request=0xffffffde fr.pc=0x0000016a5872e6bc relative=0x000000000000031c
Event: 73.901 Thread 0x0000016a493830a0 Uncommon trap: reason=class_check action=maybe_recompile pc=0x0000016a5872e6bc method=java.util.regex.Matcher.match(II)Z @ 121 c2
Event: 73.901 Thread 0x0000016a493830a0 DEOPT PACKING pc=0x0000016a5872e6bc sp=0x0000002fc8efdc80
Event: 73.901 Thread 0x0000016a493830a0 DEOPT UNPACKING pc=0x0000016a581c23a3 sp=0x0000002fc8efdc18 mode 2
Event: 73.901 Thread 0x0000016a493830a0 Uncommon trap: trap_request=0xffffffde fr.pc=0x0000016a5872e6bc relative=0x000000000000031c
Event: 73.901 Thread 0x0000016a493830a0 Uncommon trap: reason=class_check action=maybe_recompile pc=0x0000016a5872e6bc method=java.util.regex.Matcher.match(II)Z @ 121 c2
Event: 73.901 Thread 0x0000016a493830a0 DEOPT PACKING pc=0x0000016a5872e6bc sp=0x0000002fc8efdc80
Event: 73.901 Thread 0x0000016a493830a0 DEOPT UNPACKING pc=0x0000016a581c23a3 sp=0x0000002fc8efdc18 mode 2
Event: 74.561 Thread 0x0000016a493830a0 Uncommon trap: trap_request=0xffffff45 fr.pc=0x0000016a58738194 relative=0x0000000000000454
Event: 74.561 Thread 0x0000016a493830a0 Uncommon trap: reason=unstable_if action=reinterpret pc=0x0000016a58738194 method=java.util.Properties.loadConvert([CIILjava/lang/StringBuilder;)Ljava/lang/String; @ 26 c2
Event: 74.561 Thread 0x0000016a493830a0 DEOPT PACKING pc=0x0000016a58738194 sp=0x0000002fc8efc440
Event: 74.561 Thread 0x0000016a493830a0 DEOPT UNPACKING pc=0x0000016a581c23a3 sp=0x0000002fc8efc400 mode 2
Event: 81.860 Thread 0x0000016a493830a0 DEOPT PACKING pc=0x0000016a50d86cfd sp=0x0000002fc8ef98a0
Event: 81.860 Thread 0x0000016a493830a0 DEOPT UNPACKING pc=0x0000016a581c2b43 sp=0x0000002fc8ef8d28 mode 0

Classes unloaded (0 events):
No events

Classes redefined (0 events):
No events

Internal exceptions (9 events):
Event: 24.450 Thread 0x0000016a493830a0 Exception <a 'java/lang/NoSuchMethodError'{0x00000000ffde8950}: 'int java.lang.invoke.DirectMethodHandle$Holder.invokeStaticInit(java.lang.Object, java.lang.Object)'> (0x00000000ffde8950) 
thrown [s\open\src\hotspot\share\interpreter\linkResolver.cpp, line 759]
Event: 73.917 Thread 0x0000016a493830a0 Exception <a 'java/lang/NoSuchMethodError'{0x00000000ff695840}: 'void java.lang.invoke.DirectMethodHandle$Holder.invokeStatic(java.lang.Object, java.lang.Object)'> (0x00000000ff695840) 
thrown [s\open\src\hotspot\share\interpreter\linkResolver.cpp, line 759]
Event: 74.570 Thread 0x0000016a493830a0 Exception <a 'java/lang/NoClassDefFoundError'{0x00000000ff54c990}: org/slf4j/impl/StaticMarkerBinder> (0x00000000ff54c990) 
thrown [s\open\src\hotspot\share\classfile\systemDictionary.cpp, line 245]
Event: 80.087 Thread 0x0000016a493830a0 Exception <a 'java/lang/NoSuchMethodError'{0x00000000ff42c740}: 'java.lang.Object java.lang.invoke.Invokers$Holder.invoker(java.lang.Object, java.lang.Object, java.lang.Object)'> (0x00000000ff42c740) 
thrown [s\open\src\hotspot\share\interpreter\linkResolver.cpp, line 759]
Event: 80.088 Thread 0x0000016a493830a0 Exception <a 'java/lang/NoSuchMethodError'{0x00000000ff435898}: 'java.lang.Object java.lang.invoke.DirectMethodHandle$Holder.invokeStatic(java.lang.Object, java.lang.Object, int)'> (0x00000000ff435898) 
thrown [s\open\src\hotspot\share\interpreter\linkResolver.cpp, line 759]
Event: 80.090 Thread 0x0000016a493830a0 Exception <a 'java/lang/NoSuchMethodError'{0x00000000ff441588}: 'void java.lang.invoke.DelegatingMethodHandle$Holder.delegate(java.lang.Object, java.lang.Object, int, java.lang.Object)'> (0x00000000ff441588) 
thrown [s\open\src\hotspot\share\interpreter\linkResolver.cpp, line 759]
Event: 80.090 Thread 0x0000016a493830a0 Exception <a 'java/lang/NoSuchMethodError'{0x00000000ff4455c0}: 'int java.lang.invoke.DirectMethodHandle$Holder.invokeSpecial(java.lang.Object, java.lang.Object, java.lang.Object)'> (0x00000000ff4455c0) 
thrown [s\open\src\hotspot\share\interpreter\linkResolver.cpp, line 759]
Event: 80.092 Thread 0x0000016a493830a0 Exception <a 'java/lang/NoSuchMethodError'{0x00000000ff4586d0}: 'java.lang.Object java.lang.invoke.Invokers$Holder.invokeExact_MT(java.lang.Object, java.lang.Object, java.lang.Object, java.lang.Object)'> (0x00000000ff4586d0) 
thrown [s\open\src\hotspot\share\interpreter\linkResolver.cpp, line 759]
Event: 80.125 Thread 0x0000016a493830a0 Exception <a 'java/lang/NoSuchMethodError'{0x00000000ff4928a8}: 'java.lang.Object java.lang.invoke.DirectMethodHandle$Holder.invokeVirtual(java.lang.Object, java.lang.Object, java.lang.Object)'> (0x00000000ff4928a8) 
thrown [s\open\src\hotspot\share\interpreter\linkResolver.cpp, line 759]

VM Operations (20 events):
Event: 70.913 Executing VM operation: Cleanup
Event: 70.914 Executing VM operation: Cleanup done
Event: 71.923 Executing VM operation: Cleanup
Event: 71.923 Executing VM operation: Cleanup done
Event: 72.856 Executing VM operation: HandshakeAllThreads
Event: 72.856 Executing VM operation: HandshakeAllThreads done
Event: 73.866 Executing VM operation: Cleanup
Event: 73.897 Executing VM operation: Cleanup done
Event: 74.559 Executing VM operation: HandshakeAllThreads
Event: 74.559 Executing VM operation: HandshakeAllThreads done
Event: 74.560 Executing VM operation: HandshakeAllThreads
Event: 74.560 Executing VM operation: HandshakeAllThreads done
Event: 75.572 Executing VM operation: Cleanup
Event: 80.052 Executing VM operation: Cleanup done
Event: 80.088 Executing VM operation: HandshakeAllThreads
Event: 80.088 Executing VM operation: HandshakeAllThreads done
Event: 81.093 Executing VM operation: Cleanup
Event: 81.093 Executing VM operation: Cleanup done
Event: 82.104 Executing VM operation: Cleanup
Event: 82.899 Executing VM operation: Cleanup done

Events (20 events):
Event: 81.855 loading class java/lang/Thread$State done
Event: 81.856 Thread 0x0000016a6739bd20 Thread added: 0x0000016a6739bd20
Event: 81.856 loading class java/util/concurrent/TimeUnit$1
Event: 81.856 loading class java/util/concurrent/TimeUnit$1 done
Event: 81.856 loading class java/util/concurrent/locks/AbstractQueuedSynchronizer$ConditionNode
Event: 81.857 loading class java/util/concurrent/ForkJoinPool$ManagedBlocker
Event: 81.857 loading class java/util/concurrent/ForkJoinPool$ManagedBlocker done
Event: 81.857 loading class java/util/concurrent/locks/AbstractQueuedSynchronizer$Node
Event: 81.857 loading class java/util/concurrent/locks/AbstractQueuedSynchronizer$Node done
Event: 81.857 loading class java/util/concurrent/locks/AbstractQueuedSynchronizer$ConditionNode done
Event: 81.867 loading class java/lang/Class$AnnotationData
Event: 81.867 loading class java/lang/Class$AnnotationData done
Event: 81.871 loading class sun/reflect/generics/scope/MethodScope
Event: 81.872 loading class sun/reflect/generics/scope/MethodScope done
Event: 81.872 loading class sun/reflect/generics/repository/MethodRepository
Event: 81.872 loading class sun/reflect/generics/repository/ConstructorRepository
Event: 81.872 loading class sun/reflect/generics/repository/ConstructorRepository done
Event: 81.872 loading class sun/reflect/generics/repository/MethodRepository done
Event: 81.872 loading class sun/reflect/generics/tree/MethodTypeSignature
Event: 81.872 loading class sun/reflect/generics/tree/MethodTypeSignature done


Dynamic libraries:
0x00007ff6c2310000 - 0x00007ff6c2320000 	C:\Program Files\Java\jdk-17\bin\java.exe
0x00007ff8176c0000 - 0x00007ff8178c7000 	C:\Windows\SYSTEM32\ntdll.dll
0x00007ff816f10000 - 0x00007ff816fcd000 	C:\Windows\System32\KERNEL32.DLL
0x00007ff814e00000 - 0x00007ff815172000 	C:\Windows\System32\KERNELBASE.dll
0x00007ff815180000 - 0x00007ff815291000 	C:\Windows\System32\ucrtbase.dll
0x00007fffbeb30000 - 0x00007fffbeb4b000 	C:\Program Files\Java\jdk-17\bin\VCRUNTIME140.dll
0x00007fffbeb50000 - 0x00007fffbeb69000 	C:\Program Files\Java\jdk-17\bin\jli.dll
0x00007ff8175d0000 - 0x00007ff81767c000 	C:\Windows\System32\ADVAPI32.dll
0x00007ff816b90000 - 0x00007ff816c33000 	C:\Windows\System32\msvcrt.dll
0x00007ff8169c0000 - 0x00007ff816a5d000 	C:\Windows\System32\sechost.dll
0x00007ff816880000 - 0x00007ff8169a1000 	C:\Windows\System32\RPCRT4.dll
0x00007ff816230000 - 0x00007ff8163dc000 	C:\Windows\System32\USER32.dll
0x00007ff814d50000 - 0x00007ff814d76000 	C:\Windows\System32\win32u.dll
0x00007ff816b40000 - 0x00007ff816b69000 	C:\Windows\System32\GDI32.dll
0x00007ffff92b0000 - 0x00007ffff9555000 	C:\Windows\WinSxS\amd64_microsoft.windows.common-controls_6595b64144ccf1df_6.0.21996.1_none_7d6b053978bcd706\COMCTL32.dll
0x00007ff815470000 - 0x00007ff815582000 	C:\Windows\System32\gdi32full.dll
0x00007ff8153d0000 - 0x00007ff81546d000 	C:\Windows\System32\msvcp_win.dll
0x00007ff80c6a0000 - 0x00007ff80c6aa000 	C:\Windows\SYSTEM32\VERSION.dll
0x00007ff816d70000 - 0x00007ff816da1000 	C:\Windows\System32\IMM32.DLL
0x00007fffbeb20000 - 0x00007fffbeb2c000 	C:\Program Files\Java\jdk-17\bin\vcruntime140_1.dll
0x00007fff85710000 - 0x00007fff8579e000 	C:\Program Files\Java\jdk-17\bin\msvcp140.dll
0x00007fff75450000 - 0x00007fff7602f000 	C:\Program Files\Java\jdk-17\bin\server\jvm.dll
0x00007ff816ea0000 - 0x00007ff816ea8000 	C:\Windows\System32\PSAPI.DLL
0x00007ff80b3b0000 - 0x00007ff80b3e3000 	C:\Windows\SYSTEM32\WINMM.dll
0x00007fff85700000 - 0x00007fff85709000 	C:\Windows\SYSTEM32\WSOCK32.dll
0x00007ff816810000 - 0x00007ff81687f000 	C:\Windows\System32\ws2_32.DLL
0x00007ff813dc0000 - 0x00007ff813dd7000 	C:\Windows\SYSTEM32\kernel.appcore.dll
0x00007fff856f0000 - 0x00007fff856fa000 	C:\Program Files\Java\jdk-17\bin\jimage.dll
0x00007ff80cce0000 - 0x00007ff80cf01000 	C:\Windows\SYSTEM32\DBGHELP.DLL
0x00007fffff0b0000 - 0x00007fffff0e1000 	C:\Windows\SYSTEM32\dbgcore.DLL
0x00007ff814d80000 - 0x00007ff814e00000 	C:\Windows\System32\bcryptPrimitives.dll
0x00007fff856b0000 - 0x00007fff856d5000 	C:\Program Files\Java\jdk-17\bin\java.dll
0x00007fff75370000 - 0x00007fff75447000 	C:\Program Files\Java\jdk-17\bin\jsvml.dll
0x00007ff815aa0000 - 0x00007ff816209000 	C:\Windows\System32\SHELL32.dll
0x00007ff812d70000 - 0x00007ff8135c8000 	C:\Windows\SYSTEM32\windows.storage.dll
0x00007ff8163e0000 - 0x00007ff816755000 	C:\Windows\System32\combase.dll
0x00007ff812c00000 - 0x00007ff812d66000 	C:\Windows\SYSTEM32\wintypes.dll
0x00007ff816db0000 - 0x00007ff816e9a000 	C:\Windows\System32\SHCORE.dll
0x00007ff816a60000 - 0x00007ff816abd000 	C:\Windows\System32\shlwapi.dll
0x00007ff814b10000 - 0x00007ff814b31000 	C:\Windows\SYSTEM32\profapi.dll
0x00007fff85670000 - 0x00007fff85689000 	C:\Program Files\Java\jdk-17\bin\net.dll
0x00007ff80d080000 - 0x00007ff80d18c000 	C:\Windows\SYSTEM32\WINHTTP.dll
0x00007ff8141c0000 - 0x00007ff814227000 	C:\Windows\system32\mswsock.dll
0x00007fff85650000 - 0x00007fff85666000 	C:\Program Files\Java\jdk-17\bin\nio.dll
0x00007fff85690000 - 0x00007fff856a8000 	C:\Program Files\Java\jdk-17\bin\zip.dll
0x00007fff85640000 - 0x00007fff85650000 	C:\Program Files\Java\jdk-17\bin\verify.dll
0x00007fff85900000 - 0x00007fff85927000 	C:\Users\ADMIN\.gradle\native\c067742578af261105cb4f569cf0c3c89f3d7b1fecec35dd04571415982c5e48\windows-amd64\native-platform.dll
0x00007fffb9c70000 - 0x00007fffb9c7a000 	C:\Program Files\Java\jdk-17\bin\management.dll

dbghelp: loaded successfully - version: 4.0.5 - missing functions: none
symbol engine: initialized successfully - sym options: 0x614 - pdb path: .;C:\Program Files\Java\jdk-17\bin;C:\Windows\SYSTEM32;C:\Windows\WinSxS\amd64_microsoft.windows.common-controls_6595b64144ccf1df_6.0.21996.1_none_7d6b053978bcd706;C:\Program Files\Java\jdk-17\bin\server;C:\Users\ADMIN\.gradle\native\c067742578af261105cb4f569cf0c3c89f3d7b1fecec35dd04571415982c5e48\windows-amd64

VM Arguments:
jvm_args: -Xmx64m -Xms64m -Dorg.gradle.appname=gradlew 
java_command: org.gradle.wrapper.GradleWrapperMain app:installDebug -PreactNativeDevServerPort=8081
java_class_path (initial): C:\Sample\AwesomeProject\android\\gradle\wrapper\gradle-wrapper.jar
Launcher Type: SUN_STANDARD

[Global flags]
     intx CICompilerCount                          = 4                                         {product} {ergonomic}
     uint ConcGCThreads                            = 2                                         {product} {ergonomic}
     uint G1ConcRefinementThreads                  = 8                                         {product} {ergonomic}
   size_t G1HeapRegionSize                         = 1048576                                   {product} {ergonomic}
    uintx GCDrainStackTargetSize                   = 64                                        {product} {ergonomic}
   size_t InitialHeapSize                          = 67108864                                  {product} {command line}
   size_t MarkStackSize                            = 4194304                                   {product} {ergonomic}
   size_t MaxHeapSize                              = 67108864                                  {product} {command line}
   size_t MaxNewSize                               = 39845888                                  {product} {ergonomic}
   size_t MinHeapDeltaBytes                        = 1048576                                   {product} {ergonomic}
   size_t MinHeapSize                              = 67108864                                  {product} {command line}
    uintx NonNMethodCodeHeapSize                   = 5839372                                {pd product} {ergonomic}
    uintx NonProfiledCodeHeapSize                  = 122909434                              {pd product} {ergonomic}
    uintx ProfiledCodeHeapSize                     = 122909434                              {pd product} {ergonomic}
    uintx ReservedCodeCacheSize                    = 251658240                              {pd product} {ergonomic}
     bool SegmentedCodeCache                       = true                                      {product} {ergonomic}
   size_t SoftMaxHeapSize                          = 67108864                               {manageable} {ergonomic}
     bool UseCompressedClassPointers               = true                           {product lp64_product} {ergonomic}
     bool UseCompressedOops                        = true                           {product lp64_product} {ergonomic}
     bool UseG1GC                                  = true                                      {product} {ergonomic}
     bool UseLargePagesIndividualAllocation        = false                                  {pd product} {ergonomic}

Logging:
Log output configuration:
 #0: stdout all=warning uptime,level,tags
 #1: stderr all=off uptime,level,tags

Environment Variables:
JAVA_HOME=C:\Program Files\Java\jdk-17
CLASSPATH=C:\Sample\AwesomeProject\android\\gradle\wrapper\gradle-wrapper.jar
PATH=C:\Sample\AwesomeProject\node_modules\.bin;C:\Sample\AwesomeProject\node_modules\.bin;C:\Sample\node_modules\.bin;C:\node_modules\.bin;C:\Users\ADMIN\AppData\Roaming\nvm\v18.20.5\node_modules\npm\node_modules\@npmcli\run-script\lib\node-gyp-bin;C:\Sample\AwesomeProject\node_modules\.bin;C:\Sample\AwesomeProject\node_modules\.bin;C:\Sample\node_modules\.bin;C:\node_modules\.bin;C:\Users\ADMIN\AppData\Roaming\nvm\v18.20.5\node_modules\npm\node_modules\@npmcli\run-script\lib\node-gyp-bin;C:\Program Files\Microsoft\jdk-17.0.10.7-hotspot\bin;C:\Windows\system32;C:\Windows;C:\Windows\System32\Wbem;C:\Windows\System32\WindowsPowerShell\v1.0\;C:\Windows\System32\OpenSSH\;C:\Program Files\Java\jdk-20\bin;C:\flutter\flutter_windows_3.7.11-stable\flutter\bin;C:\Program Files\Git\cmd;C:\Users\ADMIN\AppData\Local\Pub\Cache\bin;C:\mangosh\bin\;C:\ProgramData\chocolatey\bin;C:\Users\ADMIN\AppData\Local\Android\Sdk\platform-tools;C:\Users\ADMIN\AppData\Roaming\nvm;C:\Program Files\nodejs;C:\Program Files\Microsoft SQL Server\150\Tools\Binn\;C:\Program Files\Microsoft SQL Server\Client SDK\ODBC\170\Tools\Binn\;C:\Program Files\dotnet\;C:\Program Files (x86)\Microsoft SQL Server\160\Tools\Binn\;C:\Program Files\Microsoft SQL Server\160\Tools\Binn\;C:\Program Files\Microsoft SQL Server\160\DTS\Binn\;C:\Program Files (x86)\Microsoft SQL Server\160\DTS\Binn\;C:\Program Files\nodejs;C:\Users\ADMIN\AppData\Local\Android\Sdk\tools;C:\Users\ADMIN\AppData\Local\Pub\Cache\bin;C:\Users\ADMIN\AppData\Local\Programs\Microsoft VS Code\bin;C:\Users\ADMIN\AppData\Roaming\npm;C:\Users\ADMIN\AppData\Roaming\nvm;C:\Program Files\nodejs;C:\Users\ADMIN\AppData\Local\Android\Sdk\cmdline-tools\latest\bin;C:\Users\ADMIN\AppData\Local\Android\Sdk;C:\Program Files\Java\jdk-17;C:\Users\ADMIN\.dotnet\tools;
USERNAME=ADMIN
LANG=en_US.UTF-8
OS=Windows_NT
PROCESSOR_IDENTIFIER=Intel64 Family 6 Model 142 Stepping 12, GenuineIntel



---------------  S Y S T E M  ---------------

OS:
 Windows 10 , 64 bit Build 21996 (10.0.21996.1)
OS uptime: 0 days 3:39 hours
Hyper-V role detected

CPU: total 8 (initial active 8) (4 cores per cpu, 2 threads per core) family 6 model 142 stepping 12 microcode 0xde, cx8, cmov, fxsr, ht, mmx, 3dnowpref, sse, sse2, sse3, ssse3, sse4.1, sse4.2, popcnt, lzcnt, tsc, tscinvbit, avx, avx2, aes, erms, clmul, bmi1, bmi2, adx, fma, vzeroupper, clflush, clflushopt, hv

Memory: 4k page, system-wide physical 8013M (195M free)
TotalPageFile size 24862M (AvailPageFile size 1M)
current process WorkingSet (physical memory assigned to process): 79M, peak: 80M
current process commit charge ("private bytes"): 159M, peak: 162M

vm_info: Java HotSpot(TM) 64-Bit Server VM (17.0.10+11-LTS-240) for windows-amd64 JRE (17.0.10+11-LTS-240), built on Dec 19 2023 21:47:25 by "mach5one" with MS VC++ 17.1 (VS2022)

END.
